ASSERTION	AAEDAAECAwAAAAAAAIjDQA==
RUN	onboarding.obDebug	obdebug	1642524389468	 	3.6.1
USER	Common Scenario	START	1642524391238
USER	Common Scenario	START	1642524391238
USER	Common Scenario	START	1642524391238
REQUEST	grOnboardStudRegistrationFreeTrial	WPNG_CST_User_Check_Login	1642524391287	1642524391953	OK	 
REQUEST	grOnboardStudRegistrationFreeTrial	WPNG_CST_User_Check_Login	1642524391287	1642524391973	OK	 
REQUEST	grOnboardStudRegistrationRegcode	WPNG_CST_User_Check_Login	1642524391287	1642524391953	OK	 
REQUEST	grOnboardStudRegistrationFreeTrial	WPNG_CST_Institution_Search	1642524392055	1642524392665	OK	 
REQUEST	grOnboardStudRegistrationFreeTrial	WPNG_CST_Institution_Search	1642524392055	1642524392671	OK	 
REQUEST	grOnboardStudRegistrationRegcode	WPNG_CST_Institution_Search	1642524392055	1642524392710	OK	 
REQUEST	grOnboardStudRegistrationFreeTrial	WPNG_CST_User_Create	1642524392677	1642524394777	OK	 
REQUEST	grOnboardStudRegistrationFreeTrial	WPNG_CST_User_Create	1642524392677	1642524394779	OK	 
REQUEST	grOnboardStudRegistrationRegcode	WPNG_CST_User_Create	1642524392712	1642524394859	OK	 
REQUEST	grOnboardStudRegistrationFreeTrial	WPNG_CST_User_Activate_Login	1642524397570	1642524397759	OK	 
REQUEST	grOnboardStudRegistrationFreeTrial	WPNG_CST_User_Activate_Login Redirect 1	1642524397763	1642524398124	OK	 
REQUEST	grOnboardStudRegistrationFreeTrial	WPNG_CST_User_Activate_Login	1642524397570	1642524398138	OK	 
REQUEST	grOnboardStudRegistrationRegcode	WPNG_CST_User_Activate_Login	1642524397570	1642524398185	OK	 
REQUEST	grOnboardStudRegistrationFreeTrial	WPNG_CST_User_Activate_Login Redirect 1	1642524398139	1642524398516	OK	 
REQUEST	grOnboardStudRegistrationRegcode	WPNG_CST_User_Activate_Login Redirect 1	1642524398186	1642524398570	OK	 
REQUEST	grOnboardStudRegistrationFreeTrial	WPNG_CST_User_Set_Password	1642524398133	1642524398667	OK	 
REQUEST	grOnboardStudRegistrationFreeTrial	WPNG_CST_User_Set_Password	1642524398519	1642524399040	OK	 
REQUEST	grOnboardStudRegistrationFreeTrial	WPNG_SSO_User_Login	1642524398668	1642524399274	OK	 
REQUEST	grOnboardStudRegistrationFreeTrial	WPNG_SSO_User_Login	1642524399042	1642524399280	OK	 
REQUEST	grOnboardStudRegistrationRegcode	WPNG_CST_User_Set_Password	1642524398572	1642524399503	OK	 
REQUEST	grOnboardStudRegistrationFreeTrial	WPNG_CST_User_Search_by_Login	1642524399276	1642524399844	OK	 
REQUEST	grOnboardStudRegistrationFreeTrial	WPNG_CST_User_Search_by_Login	1642524399281	1642524399876	OK	 
REQUEST	grOnboardStudRegistrationRegcode	WPNG_SSO_User_Login	1642524399504	1642524400186	OK	 
REQUEST	grOnboardStudRegistrationFreeTrial	WPNG_CST_Institution_Details	1642524399849	1642524400413	OK	 
REQUEST	grOnboardStudRegistrationFreeTrial	WPNG_CST_Institution_Details	1642524399878	1642524400501	OK	 
REQUEST	grOnboardStudRegistrationRegcode	WPNG_CST_User_Search_by_Login	1642524400189	1642524400745	OK	 
REQUEST	grOnboardStudRegistrationRegcode	WPNG_CST_Institution_Details	1642524400748	1642524400954	OK	 
REQUEST	grOnboardStudRegistrationFreeTrial	WPNG_CST_User_Enrollments	1642524400415	1642524401023	OK	 
REQUEST	grOnboardStudRegistrationFreeTrial	WPNG_CST_User_Enrollments	1642524400503	1642524401086	OK	 
REQUEST	grOnboardStudRegistrationRegcode	WPNG_CST_User_Enrollments	1642524400955	1642524401163	OK	 
REQUEST	grOnboardStudRegistrationRegcode	WPNG_CST_Institution_Sections	1642524401166	1642524402564	OK	 
REQUEST	grOnboardStudRegistrationFreeTrial	WPNG_CST_Institution_Sections	1642524401025	1642524402668	OK	 
REQUEST	grOnboardStudRegistrationFreeTrial	WPNG_CST_Institution_Sections	1642524401087	1642524402707	OK	 
REQUEST	grOnboardStudRegistrationFreeTrial	WPNG_CST_Section_Enroll_Student	1642524402728	1642524404580	OK	 
REQUEST	grOnboardStudRegistrationRegcode	WPNG_CST_Section_Enroll_Student	1642524402588	1642524404593	OK	 
REQUEST	grOnboardStudRegistrationFreeTrial	WPNG_CST_Section_Enroll_Student	1642524402682	1642524404595	OK	 
REQUEST	grOnboardStudRegistrationRegcode	WPNG_CST_Ecommerce_Purchase_Options	1642524404598	1642524405390	OK	 
REQUEST	grOnboardStudRegistrationRegcode	WPNG_CST_Ecommerce_Validate_Reg_Code	1642524405401	1642524405787	OK	 
REQUEST	grOnboardStudRegistrationFreeTrial	WPNG_CST_License_Free_Trial	1642524404604	1642524405945	OK	 
GROUP	grOnboardStudRegistrationFreeTrial	1642524391249	1642524405946	11703	OK
USER	Common Scenario	END	1642524405949
REQUEST	grOnboardStudRegistrationRegcode	WPNG_CST_Ecommerce_Burn_Reg_Code	1642524405792	1642524406080	OK	 
REQUEST	grOnboardStudRegistrationFreeTrial	WPNG_CST_License_Free_Trial	1642524404586	1642524406243	OK	 
GROUP	grOnboardStudRegistrationFreeTrial	1642524391249	1642524406244	12038	OK
USER	Common Scenario	END	1642524406244
REQUEST	grOnboardStudRegistrationRegcode	WPNG_CST_Ecommerce_Purchase_Options	1642524406081	1642524406387	OK	 
GROUP	grOnboardStudRegistrationRegcode	1642524391249	1642524406390	12225	OK
USER	Common Scenario	END	1642524406391
