ASSERTION	AAEDAAECAwAAAAAAAIjDQA==
RUN	onboarding.obDebug	obdebug	1643196616062	 	3.6.1
USER	Common Scenario	START	1643196617829
USER	Common Scenario	START	1643196617829
USER	Common Scenario	START	1643196617829
USER	Common Scenario	START	1643196617829
USER	Common Scenario	START	1643196617829
USER	Common Scenario	START	1643196617829
USER	Common Scenario	START	1643196617829
USER	Common Scenario	START	1643196617829
USER	Common Scenario	START	1643196617829
REQUEST	grOB_StudRegRegcod	WPNG_CST_User_Check_Login	1643196617900	1643196618879	OK	 
REQUEST	grOB_StudRegRegcod	WPNG_CST_User_Check_Login	1643196617901	1643196618879	OK	 
REQUEST	grOB_StudRegRegcod	WPNG_CST_User_Check_Login	1643196617901	1643196618879	OK	 
REQUEST	grOB_StudRegRegcod	WPNG_CST_User_Check_Login	1643196617900	1643196618895	OK	 
REQUEST	grOB_StudRegRegcod	WPNG_CST_User_Check_Login	1643196617900	1643196618879	OK	 
REQUEST	grOB_StudRegRegcod	WPNG_CST_User_Check_Login	1643196617900	1643196618879	OK	 
REQUEST	grOB_StudRegRegcod	WPNG_CST_User_Check_Login	1643196617912	1643196618879	OK	 
REQUEST	grOB_StudRegRegcod	WPNG_CST_User_Check_Login	1643196617900	1643196619500	OK	 
REQUEST	grOB_StudRegRegcod	WPNG_CST_User_Check_Login	1643196617900	1643196619525	OK	 
REQUEST	grOB_StudRegRegcod	WPNG_CST_Institution_Search	1643196619318	1643196619993	OK	 
REQUEST	grOB_StudRegRegcod	WPNG_CST_Institution_Search	1643196619526	1643196620106	OK	 
REQUEST	grOB_StudRegRegcod	WPNG_CST_Institution_Search	1643196619510	1643196620117	OK	 
REQUEST	grOB_StudRegRegcod	WPNG_CST_Institution_Search	1643196619542	1643196620128	OK	 
REQUEST	grOB_StudRegRegcod	WPNG_CST_Institution_Search	1643196619604	1643196620233	OK	 
REQUEST	grOB_StudRegRegcod	WPNG_CST_Institution_Search	1643196619666	1643196620265	OK	 
REQUEST	grOB_StudRegRegcod	WPNG_CST_Institution_Search	1643196619651	1643196620320	OK	 
REQUEST	grOB_StudRegRegcod	WPNG_CST_Institution_Search	1643196619856	1643196620450	OK	 
REQUEST	grOB_StudRegRegcod	WPNG_CST_Institution_Search	1643196620120	1643196620714	OK	 
REQUEST	grOB_StudRegRegcod	WPNG_CST_User_Create	1643196620363	1643196621827	OK	 
REQUEST	grOB_StudRegRegcod	WPNG_CST_User_Create	1643196620701	1643196622160	OK	 
REQUEST	grOB_StudRegRegcod	WPNG_CST_User_Create	1643196620825	1643196622160	OK	 
REQUEST	grOB_StudRegRegcod	WPNG_CST_User_Create	1643196620590	1643196622166	OK	 
REQUEST	grOB_StudRegRegcod	WPNG_CST_User_Create	1643196620637	1643196622252	OK	 
REQUEST	grOB_StudRegRegcod	WPNG_CST_User_Create	1643196620670	1643196622272	OK	 
REQUEST	grOB_StudRegRegcod	WPNG_CST_User_Create	1643196620747	1643196622317	OK	 
REQUEST	grOB_StudRegRegcod	WPNG_CST_User_Create	1643196620794	1643196622533	OK	 
REQUEST	grOB_StudRegRegcod	WPNG_CST_User_Create	1643196621139	1643196622783	OK	 
REQUEST	grOB_StudRegRegcod	WPNG_CST_User_Activate_Login	1643196625628	1643196625854	OK	 
REQUEST	grOB_StudRegRegcod	WPNG_CST_User_Activate_Login	1643196626007	1643196626188	OK	 
REQUEST	grOB_StudRegRegcod	WPNG_CST_User_Activate_Login	1643196625628	1643196626193	OK	 
REQUEST	grOB_StudRegRegcod	WPNG_CST_User_Activate_Login	1643196625632	1643196626195	OK	 
REQUEST	grOB_StudRegRegcod	WPNG_CST_User_Activate_Login	1643196625628	1643196626196	OK	 
REQUEST	grOB_StudRegRegcod	WPNG_CST_User_Activate_Login Redirect 1	1643196625859	1643196626193	OK	 
REQUEST	grOB_StudRegRegcod	WPNG_CST_User_Activate_Login	1643196625628	1643196626220	OK	 
REQUEST	grOB_StudRegRegcod	WPNG_CST_User_Activate_Login	1643196625628	1643196626225	OK	 
REQUEST	grOB_StudRegRegcod	WPNG_CST_User_Activate_Login	1643196625628	1643196626227	OK	 
REQUEST	grOB_StudRegRegcod	WPNG_CST_User_Activate_Login	1643196625731	1643196626343	OK	 
REQUEST	grOB_StudRegRegcod	WPNG_CST_User_Activate_Login Redirect 1	1643196626196	1643196626531	OK	 
REQUEST	grOB_StudRegRegcod	WPNG_CST_User_Activate_Login Redirect 1	1643196626188	1643196626537	OK	 
REQUEST	grOB_StudRegRegcod	WPNG_CST_User_Activate_Login Redirect 1	1643196626194	1643196626554	OK	 
REQUEST	grOB_StudRegRegcod	WPNG_CST_User_Activate_Login Redirect 1	1643196626227	1643196626602	OK	 
REQUEST	grOB_StudRegRegcod	WPNG_CST_User_Activate_Login Redirect 1	1643196626221	1643196626607	OK	 
REQUEST	grOB_StudRegRegcod	WPNG_CST_User_Activate_Login Redirect 1	1643196626226	1643196626613	OK	 
REQUEST	grOB_StudRegRegcod	WPNG_CST_User_Activate_Login Redirect 1	1643196626196	1643196626616	OK	 
REQUEST	grOB_StudRegRegcod	WPNG_CST_User_Activate_Login Redirect 1	1643196626344	1643196626709	OK	 
REQUEST	grOB_StudRegRegcod	WPNG_CST_User_Set_Password	1643196626657	1643196627506	OK	 
REQUEST	grOB_StudRegRegcod	WPNG_CST_User_Set_Password	1643196627063	1643196627519	OK	 
REQUEST	grOB_StudRegRegcod	WPNG_CST_User_Set_Password	1643196626876	1643196627721	OK	 
REQUEST	grOB_StudRegRegcod	WPNG_CST_User_Set_Password	1643196627048	1643196627782	OK	 
REQUEST	grOB_StudRegRegcod	WPNG_CST_User_Set_Password	1643196626876	1643196627813	OK	 
REQUEST	grOB_StudRegRegcod	WPNG_CST_User_Set_Password	1643196627204	1643196627886	OK	 
REQUEST	grOB_StudRegRegcod	WPNG_CST_User_Set_Password	1643196627048	1643196627891	OK	 
REQUEST	grOB_StudRegRegcod	WPNG_CST_User_Set_Password	1643196627018	1643196627910	OK	 
REQUEST	grOB_StudRegRegcod	WPNG_CST_User_Set_Password	1643196627220	1643196627953	OK	 
REQUEST	grOB_StudRegRegcod	WPNG_SSO_User_Login	1643196628078	1643196628659	OK	 
REQUEST	grOB_StudRegRegcod	WPNG_SSO_User_Login	1643196628124	1643196628696	OK	 
REQUEST	grOB_StudRegRegcod	WPNG_SSO_User_Login	1643196628171	1643196628734	OK	 
REQUEST	grOB_StudRegRegcod	WPNG_SSO_User_Login	1643196628567	1643196628769	OK	 
REQUEST	grOB_StudRegRegcod	WPNG_SSO_User_Login	1643196628250	1643196628808	OK	 
REQUEST	grOB_StudRegRegcod	WPNG_SSO_User_Login	1643196628234	1643196628835	OK	 
REQUEST	grOB_StudRegRegcod	WPNG_SSO_User_Login	1643196628313	1643196628902	OK	 
REQUEST	grOB_StudRegRegcod	WPNG_SSO_User_Login	1643196628456	1643196629029	OK	 
REQUEST	grOB_StudRegRegcod	WPNG_SSO_User_Login	1643196628612	1643196629215	OK	 
REQUEST	grOB_StudRegRegcod	WPNG_CST_User_Search_by_Login	1643196629390	1643196629604	OK	 
REQUEST	grOB_StudRegRegcod	WPNG_CST_User_Search_by_Login	1643196629094	1643196629652	OK	 
REQUEST	grOB_StudRegRegcod	WPNG_CST_User_Search_by_Login	1643196629484	1643196629684	OK	 
REQUEST	grOB_StudRegRegcod	WPNG_CST_User_Search_by_Login	1643196629109	1643196629684	OK	 
REQUEST	grOB_StudRegRegcod	WPNG_CST_User_Search_by_Login	1643196629249	1643196629839	OK	 
REQUEST	grOB_StudRegRegcod	WPNG_CST_User_Search_by_Login	1643196629360	1643196629958	OK	 
REQUEST	grOB_StudRegRegcod	WPNG_CST_User_Search_by_Login	1643196629578	1643196630156	OK	 
REQUEST	grOB_StudRegRegcod	WPNG_CST_User_Search_by_Login	1643196629624	1643196630200	OK	 
REQUEST	grOB_StudRegRegcod	WPNG_CST_User_Search_by_Login	1643196629830	1643196630406	OK	 
REQUEST	grOB_StudRegRegcod	WPNG_CST_Institution_Details	1643196630301	1643196630495	OK	 
REQUEST	grOB_StudRegRegcod	WPNG_CST_Institution_Details	1643196630034	1643196630624	OK	 
REQUEST	grOB_StudRegRegcod	WPNG_CST_Institution_Details	1643196630127	1643196630707	OK	 
REQUEST	grOB_StudRegRegcod	WPNG_CST_Institution_Details	1643196630206	1643196630795	OK	 
REQUEST	grOB_StudRegRegcod	WPNG_CST_Institution_Details	1643196630222	1643196630811	OK	 
REQUEST	grOB_StudRegRegcod	WPNG_CST_Institution_Details	1643196630677	1643196630892	OK	 
REQUEST	grOB_StudRegRegcod	WPNG_CST_Institution_Details	1643196630534	1643196631104	OK	 
REQUEST	grOB_StudRegRegcod	WPNG_CST_Institution_Details	1643196630803	1643196631457	OK	 
REQUEST	grOB_StudRegRegcod	WPNG_CST_Institution_Details	1643196630945	1643196631515	OK	 
REQUEST	grOB_StudRegRegcod	WPNG_CST_User_Enrollments	1643196631040	1643196631606	OK	 
REQUEST	grOB_StudRegRegcod	WPNG_CST_User_Enrollments	1643196631149	1643196631727	OK	 
REQUEST	grOB_StudRegRegcod	WPNG_CST_User_Enrollments	1643196631554	1643196631758	OK	 
REQUEST	grOB_StudRegRegcod	WPNG_CST_User_Enrollments	1643196631165	1643196631766	OK	 
REQUEST	grOB_StudRegRegcod	WPNG_CST_User_Enrollments	1643196631165	1643196631790	OK	 
REQUEST	grOB_StudRegRegcod	WPNG_CST_User_Enrollments	1643196631211	1643196631816	OK	 
REQUEST	grOB_StudRegRegcod	WPNG_CST_User_Enrollments	1643196631570	1643196632135	OK	 
REQUEST	grOB_StudRegRegcod	WPNG_CST_User_Enrollments	1643196631865	1643196632430	OK	 
REQUEST	grOB_StudRegRegcod	WPNG_CST_User_Enrollments	1643196631897	1643196632480	OK	 
REQUEST	grOB_StudRegRegcod	WPNG_CST_Institution_Sections	1643196631976	1643196632615	OK	 
REQUEST	grOB_StudRegRegcod	WPNG_CST_Institution_Sections	1643196632163	1643196632815	OK	 
REQUEST	grOB_StudRegRegcod	WPNG_CST_Institution_Sections	1643196632381	1643196633643	OK	 
REQUEST	grOB_StudRegRegcod	WPNG_CST_Institution_Sections	1643196632273	1643196633673	OK	 
REQUEST	grOB_StudRegRegcod	WPNG_CST_Institution_Sections	1643196632413	1643196633684	OK	 
REQUEST	grOB_StudRegRegcod	WPNG_CST_Institution_Sections	1643196633026	1643196633716	OK	 
REQUEST	grOB_StudRegRegcod	WPNG_CST_Institution_Sections	1643196632413	1643196633851	OK	 
REQUEST	grOB_StudRegRegcod	WPNG_CST_Institution_Sections	1643196632930	1643196634083	OK	 
REQUEST	grOB_StudRegRegcod	WPNG_CST_Institution_Sections	1643196632666	1643196634341	OK	 
REQUEST	grOB_StudRegRegcod	WPNG_CST_Section_Enroll_Student	1643196633151	1643196634899	OK	 
REQUEST	grOB_StudRegRegcod	WPNG_CST_Section_Enroll_Student	1643196633215	1643196634983	OK	 
REQUEST	grOB_StudRegRegcod	WPNG_CST_Section_Enroll_Student	1643196634430	1643196635895	OK	 
REQUEST	grOB_StudRegRegcod	WPNG_CST_Section_Enroll_Student	1643196634260	1643196635896	OK	 
REQUEST	grOB_StudRegRegcod	WPNG_CST_Section_Enroll_Student	1643196634308	1643196635898	OK	 
REQUEST	grOB_StudRegRegcod	WPNG_CST_Section_Enroll_Student	1643196634308	1643196635976	OK	 
REQUEST	grOB_StudRegRegcod	WPNG_CST_Section_Enroll_Student	1643196634493	1643196636188	OK	 
REQUEST	grOB_StudRegRegcod	WPNG_CST_Ecommerce_Purchase_Options	1643196635537	1643196636327	OK	 
REQUEST	grOB_StudRegRegcod	WPNG_CST_Section_Enroll_Student	1643196634214	1643196636398	OK	 
REQUEST	grOB_StudRegRegcod	WPNG_CST_Section_Enroll_Student	1643196635021	1643196636568	OK	 
REQUEST	grOB_StudRegRegcod	WPNG_CST_Ecommerce_Purchase_Options	1643196635617	1643196636621	OK	 
REQUEST	grOB_StudRegRegcod	WPNG_CST_Ecommerce_Purchase_Options	1643196636490	1643196636805	OK	 
REQUEST	grOB_StudRegRegcod	WPNG_CST_Ecommerce_Purchase_Options	1643196636551	1643196636859	OK	 
REQUEST	grOB_StudRegRegcod	WPNG_CST_Ecommerce_Purchase_Options	1643196636597	1643196636946	OK	 
REQUEST	grOB_StudRegRegcod	WPNG_CST_Ecommerce_Purchase_Options	1643196636537	1643196637227	OK	 
REQUEST	grOB_StudRegRegcod	WPNG_CST_Ecommerce_Purchase_Options	1643196636428	1643196637299	OK	 
REQUEST	grOB_StudRegRegcod	WPNG_CST_Ecommerce_Purchase_Options	1643196636990	1643196637342	OK	 
REQUEST	grOB_StudRegRegcod	WPNG_CST_Ecommerce_Validate_Reg_Code	1643196636801	1643196637476	OK	 
REQUEST	grOB_StudRegRegcod	WPNG_CST_Ecommerce_Purchase_Options	1643196637021	1643196637752	OK	 
REQUEST	grOB_StudRegRegcod	WPNG_CST_Ecommerce_Validate_Reg_Code	1643196637176	1643196637817	OK	 
REQUEST	grOB_StudRegRegcod	WPNG_CST_Ecommerce_Validate_Reg_Code	1643196637176	1643196637841	OK	 
REQUEST	grOB_StudRegRegcod	WPNG_CST_Ecommerce_Validate_Reg_Code	1643196637568	1643196637882	OK	 
REQUEST	grOB_StudRegRegcod	WPNG_CST_Ecommerce_Validate_Reg_Code	1643196637334	1643196638022	OK	 
REQUEST	grOB_StudRegRegcod	WPNG_CST_Ecommerce_Validate_Reg_Code	1643196637430	1643196638099	OK	 
REQUEST	grOB_StudRegRegcod	WPNG_CST_Ecommerce_Validate_Reg_Code	1643196637911	1643196638186	OK	 
REQUEST	grOB_StudRegRegcod	WPNG_CST_Ecommerce_Validate_Reg_Code	1643196637832	1643196638485	OK	 
REQUEST	grOB_StudRegRegcod	WPNG_CST_Ecommerce_Burn_Reg_Code	1643196637942	1643196638632	OK	 
REQUEST	grOB_StudRegRegcod	WPNG_CST_Ecommerce_Validate_Reg_Code	1643196638331	1643196638644	OK	 
REQUEST	grOB_StudRegRegcod	WPNG_CST_Ecommerce_Burn_Reg_Code	1643196638440	1643196638726	OK	 
REQUEST	grOB_StudRegRegcod	WPNG_CST_Ecommerce_Burn_Reg_Code	1643196638471	1643196638816	OK	 
REQUEST	grOB_StudRegRegcod	WPNG_CST_Ecommerce_Burn_Reg_Code	1643196638597	1643196638891	OK	 
REQUEST	grOB_StudRegRegcod	WPNG_CST_Ecommerce_Burn_Reg_Code	1643196638315	1643196638996	OK	 
REQUEST	grOB_StudRegRegcod	WPNG_CST_Ecommerce_Burn_Reg_Code	1643196638535	1643196639171	OK	 
REQUEST	grOB_StudRegRegcod	WPNG_CST_Ecommerce_Purchase_Options	1643196638955	1643196639268	OK	 
REQUEST	grOB_StudRegRegcod	WPNG_CST_Ecommerce_Burn_Reg_Code	1643196639018	1643196639281	OK	 
REQUEST	grOB_StudRegRegcod	WPNG_CST_Ecommerce_Burn_Reg_Code	1643196638581	1643196639288	OK	 
REQUEST	grOB_StudRegRegcod	WPNG_CST_Ecommerce_Purchase_Options	1643196639486	1643196639784	OK	 
REQUEST	grOB_StudRegRegcod	WPNG_CST_Ecommerce_Burn_Reg_Code	1643196639127	1643196639787	OK	 
GROUP	grOB_StudRegRegcod	1643196617844	1643196639831	11440	OK
USER	Common Scenario	END	1643196639834
REQUEST	grOB_StudRegRegcod	WPNG_CST_Ecommerce_Purchase_Options	1643196639597	1643196639859	OK	 
REQUEST	grOB_StudRegRegcod	WPNG_CST_Ecommerce_Purchase_Options	1643196639159	1643196639859	OK	 
REQUEST	grOB_StudRegRegcod	WPNG_CST_Ecommerce_Purchase_Options	1643196639676	1643196639973	OK	 
REQUEST	grOB_StudRegRegcod	WPNG_CST_Ecommerce_Purchase_Options	1643196639360	1643196640013	OK	 
REQUEST	grOB_StudRegRegcod	WPNG_CST_Ecommerce_Purchase_Options	1643196639784	1643196640083	OK	 
GROUP	grOB_StudRegRegcod	1643196617846	1643196640176	11250	OK
USER	Common Scenario	END	1643196640179
REQUEST	grOB_StudRegRegcod	WPNG_CST_Ecommerce_Purchase_Options	1643196639566	1643196640297	OK	 
GROUP	grOB_StudRegRegcod	1643196617844	1643196640455	12155	OK
USER	Common Scenario	END	1643196640455
GROUP	grOB_StudRegRegcod	1643196617844	1643196640485	11701	OK
GROUP	grOB_StudRegRegcod	1643196617844	1643196640485	11981	OK
USER	Common Scenario	END	1643196640486
USER	Common Scenario	END	1643196640486
GROUP	grOB_StudRegRegcod	1643196617844	1643196640515	12056	OK
USER	Common Scenario	END	1643196640517
REQUEST	grOB_StudRegRegcod	WPNG_CST_Ecommerce_Purchase_Options	1643196640254	1643196640542	OK	 
GROUP	grOB_StudRegRegcod	1643196617844	1643196640577	11517	OK
USER	Common Scenario	END	1643196640578
GROUP	grOB_StudRegRegcod	1643196617844	1643196640607	12767	OK
USER	Common Scenario	END	1643196640609
GROUP	grOB_StudRegRegcod	1643196617845	1643196640935	12472	OK
USER	Common Scenario	END	1643196640938
