ASSERTION	AAEDAAECAwAAAAAAAIjDQA==
RUN	onboarding.obDebug	obdebug	1642575357112	 	3.6.1
USER	Common Scenario	START	1642575359042
USER	Common Scenario	START	1642575359043
USER	Common Scenario	START	1642575359042
USER	Common Scenario	START	1642575359042
USER	Common Scenario	START	1642575359042
USER	Common Scenario	START	1642575359042
USER	Common Scenario	START	1642575359042
USER	Common Scenario	START	1642575359042
USER	Common Scenario	START	1642575359042
REQUEST	grOB_StudRegPurchase	WPNG_CST_User_Check_Login	1642575359104	1642575360110	OK	 
REQUEST	grOB_StudRegFreeTrial	WPNG_CST_User_Check_Login	1642575359105	1642575360117	OK	 
REQUEST	grOB_StudRegPurchase	WPNG_CST_User_Check_Login	1642575359104	1642575360096	OK	 
REQUEST	grOB_StudRegPurchase	WPNG_CST_User_Check_Login	1642575359104	1642575360083	OK	 
REQUEST	grOB_StudRegPurchase	WPNG_CST_User_Check_Login	1642575359104	1642575360077	OK	 
REQUEST	grOB_StudRegFreeTrial	WPNG_CST_User_Check_Login	1642575359105	1642575360390	OK	 
REQUEST	grOB_StudRegPurchase	WPNG_CST_Institution_Search	1642575360191	1642575360458	OK	 
REQUEST	grOB_StudRegPurchase	WPNG_CST_Institution_Search	1642575360192	1642575360458	OK	 
REQUEST	grOB_StudRegPurchase	WPNG_CST_User_Check_Login	1642575359104	1642575360470	OK	 
REQUEST	grOB_StudRegRegcod	WPNG_CST_User_Check_Login	1642575359104	1642575360474	OK	 
REQUEST	grOB_StudRegPurchase	WPNG_CST_User_Check_Login	1642575359104	1642575360478	OK	 
REQUEST	grOB_StudRegPurchase	WPNG_CST_Institution_Search	1642575360471	1642575360717	OK	 
REQUEST	grOB_StudRegPurchase	WPNG_CST_Institution_Search	1642575360191	1642575360786	OK	 
REQUEST	grOB_StudRegPurchase	WPNG_CST_Institution_Search	1642575360191	1642575360797	OK	 
REQUEST	grOB_StudRegFreeTrial	WPNG_CST_Institution_Search	1642575360698	1642575360942	OK	 
REQUEST	grOB_StudRegPurchase	WPNG_CST_Institution_Search	1642575360479	1642575361070	OK	 
REQUEST	grOB_StudRegFreeTrial	WPNG_CST_Institution_Search	1642575360899	1642575361133	OK	 
REQUEST	grOB_StudRegRegcod	WPNG_CST_Institution_Search	1642575360991	1642575361237	OK	 
REQUEST	grOB_StudRegPurchase	WPNG_CST_User_Create	1642575360981	1642575362323	OK	 
REQUEST	grOB_StudRegPurchase	WPNG_CST_User_Create	1642575360981	1642575362324	OK	 
REQUEST	grOB_StudRegPurchase	WPNG_CST_User_Create	1642575361222	1642575362559	OK	 
REQUEST	grOB_StudRegPurchase	WPNG_CST_User_Create	1642575361302	1642575362562	OK	 
REQUEST	grOB_StudRegPurchase	WPNG_CST_User_Create	1642575361302	1642575362567	OK	 
REQUEST	grOB_StudRegRegcod	WPNG_CST_User_Create	1642575361754	1642575363002	OK	 
REQUEST	grOB_StudRegFreeTrial	WPNG_CST_User_Create	1642575361645	1642575363320	OK	 
REQUEST	grOB_StudRegFreeTrial	WPNG_CST_User_Create	1642575361456	1642575363566	OK	 
REQUEST	grOB_StudRegPurchase	WPNG_CST_User_Create	1642575361583	1642575363925	OK	 
REQUEST	grOB_StudRegPurchase	WPNG_CST_User_Activate_Login	1642575365471	1642575365685	OK	 
REQUEST	grOB_StudRegPurchase	WPNG_CST_User_Activate_Login	1642575365542	1642575365719	OK	 
REQUEST	grOB_StudRegPurchase	WPNG_CST_User_Activate_Login	1642575365542	1642575365740	OK	 
REQUEST	grOB_StudRegPurchase	WPNG_CST_User_Activate_Login	1642575365545	1642575365774	OK	 
REQUEST	grOB_StudRegRegcod	WPNG_CST_User_Activate_Login	1642575365766	1642575365953	OK	 
REQUEST	grOB_StudRegPurchase	WPNG_CST_User_Activate_Login	1642575365471	1642575366047	OK	 
REQUEST	grOB_StudRegPurchase	WPNG_CST_User_Activate_Login Redirect 1	1642575365691	1642575366054	OK	 
REQUEST	grOB_StudRegPurchase	WPNG_CST_User_Activate_Login Redirect 1	1642575365720	1642575366067	OK	 
REQUEST	grOB_StudRegPurchase	WPNG_CST_User_Activate_Login Redirect 1	1642575365741	1642575366076	OK	 
REQUEST	grOB_StudRegPurchase	WPNG_CST_User_Activate_Login Redirect 1	1642575365775	1642575366152	OK	 
REQUEST	grOB_StudRegRegcod	WPNG_CST_User_Activate_Login Redirect 1	1642575365955	1642575366300	OK	 
REQUEST	grOB_StudRegFreeTrial	WPNG_CST_User_Activate_Login	1642575366212	1642575366390	OK	 
REQUEST	grOB_StudRegPurchase	WPNG_CST_User_Activate_Login Redirect 1	1642575366048	1642575366393	OK	 
REQUEST	grOB_StudRegFreeTrial	WPNG_CST_User_Activate_Login	1642575365978	1642575366549	OK	 
REQUEST	grOB_StudRegFreeTrial	WPNG_CST_User_Activate_Login Redirect 1	1642575366390	1642575366734	OK	 
REQUEST	grOB_StudRegFreeTrial	WPNG_CST_User_Activate_Login Redirect 1	1642575366550	1642575366901	OK	 
REQUEST	grOB_StudRegPurchase	WPNG_CST_User_Set_Password	1642575366583	1642575367037	OK	 
REQUEST	grOB_StudRegPurchase	WPNG_CST_User_Set_Password	1642575366583	1642575367043	OK	 
REQUEST	grOB_StudRegPurchase	WPNG_CST_User_Activate_Login	1642575366577	1642575367122	OK	 
REQUEST	grOB_StudRegPurchase	WPNG_CST_User_Set_Password	1642575366661	1642575367126	OK	 
REQUEST	grOB_StudRegRegcod	WPNG_CST_User_Set_Password	1642575366817	1642575367261	OK	 
REQUEST	grOB_StudRegPurchase	WPNG_CST_User_Set_Password	1642575366583	1642575367403	OK	 
REQUEST	grOB_StudRegPurchase	WPNG_CST_User_Activate_Login Redirect 1	1642575367123	1642575367449	OK	 
REQUEST	grOB_StudRegPurchase	WPNG_CST_User_Set_Password	1642575366896	1642575367732	OK	 
REQUEST	grOB_StudRegFreeTrial	WPNG_CST_User_Set_Password	1642575367252	1642575367747	OK	 
REQUEST	grOB_StudRegPurchase	WPNG_SSO_User_Login	1642575367548	1642575367760	OK	 
REQUEST	grOB_StudRegPurchase	WPNG_SSO_User_Login	1642575367548	1642575367764	OK	 
REQUEST	grOB_StudRegPurchase	WPNG_SSO_User_Login	1642575367642	1642575367859	OK	 
REQUEST	grOB_StudRegRegcod	WPNG_SSO_User_Login	1642575367767	1642575367980	OK	 
REQUEST	grOB_StudRegPurchase	WPNG_SSO_User_Login	1642575367908	1642575368131	OK	 
REQUEST	grOB_StudRegFreeTrial	WPNG_CST_User_Set_Password	1642575367407	1642575368247	OK	 
REQUEST	grOB_StudRegPurchase	WPNG_CST_User_Search_by_Login	1642575368271	1642575368454	OK	 
REQUEST	grOB_StudRegPurchase	WPNG_CST_User_Search_by_Login	1642575368271	1642575368460	OK	 
REQUEST	grOB_StudRegFreeTrial	WPNG_SSO_User_Login	1642575368255	1642575368461	OK	 
REQUEST	grOB_StudRegRegcod	WPNG_CST_User_Search_by_Login	1642575368491	1642575368716	OK	 
REQUEST	grOB_StudRegPurchase	WPNG_CST_User_Set_Password	1642575367956	1642575368799	OK	 
REQUEST	grOB_StudRegPurchase	WPNG_CST_User_Search_by_Login	1642575368648	1642575368833	OK	 
REQUEST	grOB_StudRegPurchase	WPNG_SSO_User_Login	1642575368239	1642575368853	OK	 
REQUEST	grOB_StudRegPurchase	WPNG_CST_User_Search_by_Login	1642575368364	1642575368941	OK	 
REQUEST	grOB_StudRegFreeTrial	WPNG_SSO_User_Login	1642575368755	1642575368968	OK	 
REQUEST	grOB_StudRegFreeTrial	WPNG_CST_User_Search_by_Login	1642575368974	1642575369163	OK	 
REQUEST	grOB_StudRegPurchase	WPNG_CST_Institution_Details	1642575368974	1642575369164	OK	 
REQUEST	grOB_StudRegPurchase	WPNG_CST_Institution_Details	1642575368974	1642575369173	OK	 
REQUEST	grOB_StudRegRegcod	WPNG_CST_Institution_Details	1642575369224	1642575369410	OK	 
REQUEST	grOB_StudRegPurchase	WPNG_SSO_User_Login	1642575369301	1642575369498	OK	 
REQUEST	grOB_StudRegPurchase	WPNG_CST_User_Search_by_Login	1642575369364	1642575369549	OK	 
REQUEST	grOB_StudRegPurchase	WPNG_CST_Institution_Details	1642575369348	1642575369562	OK	 
REQUEST	grOB_StudRegPurchase	WPNG_CST_Institution_Details	1642575369458	1642575369671	OK	 
REQUEST	grOB_StudRegFreeTrial	WPNG_CST_User_Search_by_Login	1642575369474	1642575369693	OK	 
REQUEST	grOB_StudRegPurchase	WPNG_CST_User_Enrollments	1642575369678	1642575369865	OK	 
REQUEST	grOB_StudRegFreeTrial	WPNG_CST_Institution_Details	1642575369678	1642575369872	OK	 
REQUEST	grOB_StudRegPurchase	WPNG_CST_User_Enrollments	1642575369678	1642575369895	OK	 
REQUEST	grOB_StudRegRegcod	WPNG_CST_User_Enrollments	1642575369926	1642575370126	OK	 
REQUEST	grOB_StudRegPurchase	WPNG_CST_User_Search_by_Login	1642575370003	1642575370176	OK	 
REQUEST	grOB_StudRegPurchase	WPNG_CST_Institution_Details	1642575370065	1642575370257	OK	 
REQUEST	grOB_StudRegPurchase	WPNG_CST_User_Enrollments	1642575370175	1642575370367	OK	 
REQUEST	grOB_StudRegFreeTrial	WPNG_CST_Institution_Details	1642575370206	1642575370388	OK	 
REQUEST	grOB_StudRegPurchase	WPNG_CST_Institution_Sections	1642575370410	1642575370670	OK	 
REQUEST	grOB_StudRegPurchase	WPNG_CST_User_Enrollments	1642575370065	1642575370692	OK	 
REQUEST	grOB_StudRegPurchase	WPNG_CST_Institution_Details	1642575370690	1642575370873	OK	 
REQUEST	grOB_StudRegFreeTrial	WPNG_CST_User_Enrollments	1642575370379	1642575370951	OK	 
REQUEST	grOB_StudRegPurchase	WPNG_CST_User_Enrollments	1642575370769	1642575370956	OK	 
REQUEST	grOB_StudRegFreeTrial	WPNG_CST_User_Enrollments	1642575370893	1642575371105	OK	 
REQUEST	grOB_StudRegPurchase	WPNG_CST_User_Enrollments	1642575371382	1642575371572	OK	 
REQUEST	grOB_StudRegPurchase	WPNG_CST_Institution_Sections	1642575370379	1642575371666	OK	 
REQUEST	grOB_StudRegRegcod	WPNG_CST_Institution_Sections	1642575370629	1642575371803	OK	 
REQUEST	grOB_StudRegPurchase	WPNG_CST_Institution_Sections	1642575370877	1642575371852	OK	 
REQUEST	grOB_StudRegPurchase	WPNG_CST_Institution_Sections	1642575371460	1642575371924	OK	 
REQUEST	grOB_StudRegPurchase	WPNG_CST_Institution_Sections	1642575372077	1642575372289	OK	 
REQUEST	grOB_StudRegFreeTrial	WPNG_CST_Institution_Sections	1642575371618	1642575372459	OK	 
REQUEST	grOB_StudRegPurchase	WPNG_CST_Institution_Sections	1642575371209	1642575372550	OK	 
REQUEST	grOB_StudRegPurchase	WPNG_CST_Section_Enroll_Student	1642575371176	1642575372570	OK	 
REQUEST	grOB_StudRegFreeTrial	WPNG_CST_Institution_Sections	1642575371460	1642575372753	OK	 
REQUEST	grOB_StudRegPurchase	WPNG_CST_Section_Enroll_Student	1642575372171	1642575373336	OK	 
REQUEST	grOB_StudRegPurchase	WPNG_CST_Ecommerce_Purchase_Options	1642575373078	1642575373526	OK	 
REQUEST	grOB_StudRegRegcod	WPNG_CST_Section_Enroll_Student	1642575372316	1642575373644	OK	 
REQUEST	grOB_StudRegPurchase	WPNG_CST_Section_Enroll_Student	1642575372439	1642575373763	OK	 
REQUEST	grOB_StudRegPurchase	WPNG_CST_Section_Enroll_Student	1642575372363	1642575373764	OK	 
REQUEST	grOB_StudRegPurchase	WPNG_CST_Section_Enroll_Student	1642575372796	1642575374041	OK	 
REQUEST	grOB_StudRegPurchase	WPNG_CST_Ecommerce_Launch_Cart	1642575374043	1642575374236	OK	 
REQUEST	grOB_StudRegPurchase	WPNG_CST_Ecommerce_Purchase_Options	1642575373841	1642575374303	OK	 
REQUEST	grOB_StudRegFreeTrial	WPNG_CST_Section_Enroll_Student	1642575373266	1642575374377	OK	 
REQUEST	grOB_StudRegFreeTrial	WPNG_CST_Section_Enroll_Student	1642575372969	1642575374385	OK	 
REQUEST	grOB_StudRegPurchase	WPNG_CST_Section_Enroll_Student	1642575373063	1642575374386	OK	 
REQUEST	grOB_StudRegRegcod	WPNG_CST_Ecommerce_Purchase_Options	1642575374152	1642575374485	KO	status.find.is(200), but actually found 400
REQUEST	grOB_StudRegPurchase	WPNG_CST_Ecommerce_Purchase_Options	1642575374277	1642575374708	OK	 
GROUP	grOB_StudRegPurchase	1642575359055	1642575374743	7037	OK
USER	Common Scenario	END	1642575374748
REQUEST	grOB_StudRegPurchase	WPNG_CST_Ecommerce_Purchase_Options	1642575374555	1642575374907	OK	 
REQUEST	grOB_StudRegPurchase	WPNG_CST_Ecommerce_Purchase_Options	1642575374277	1642575375017	OK	 
REQUEST	grOB_StudRegPurchase	WPNG_CST_Ecommerce_Purchase_Options	1642575374900	1642575375263	OK	 
REQUEST	grOB_StudRegRegcod	WPNG_CST_Ecommerce_Validate_Reg_Code	1642575374994	1642575375376	OK	 
REQUEST	grOB_StudRegPurchase	WPNG_CST_Ecommerce_Launch_Cart	1642575374807	1642575375379	OK	 
REQUEST	grOB_StudRegPurchase	WPNG_CST_Ecommerce_Launch_Cart	1642575375214	1642575375426	OK	 
GROUP	grOB_StudRegPurchase	1642575359056	1642575375883	7846	OK
USER	Common Scenario	END	1642575375886
GROUP	grOB_StudRegPurchase	1642575359055	1642575375930	7889	OK
USER	Common Scenario	END	1642575375931
REQUEST	grOB_StudRegPurchase	WPNG_CST_Ecommerce_Launch_Cart	1642575375418	1642575376005	OK	 
REQUEST	grOB_StudRegPurchase	WPNG_CST_Ecommerce_Launch_Cart	1642575375530	1642575376096	OK	 
REQUEST	grOB_StudRegFreeTrial	WPNG_CST_License_Free_Trial	1642575374900	1642575376180	OK	 
REQUEST	grOB_StudRegRegcod	WPNG_CST_Ecommerce_Burn_Reg_Code	1642575375885	1642575376241	OK	 
REQUEST	grOB_StudRegPurchase	WPNG_CST_Ecommerce_Launch_Cart	1642575375776	1642575376360	OK	 
REQUEST	grOB_StudRegFreeTrial	WPNG_CST_License_Free_Trial	1642575374885	1642575376398	OK	 
GROUP	grOB_StudRegPurchase	1642575359055	1642575376510	9160	OK
USER	Common Scenario	END	1642575376511
GROUP	grOB_StudRegPurchase	1642575359056	1642575376602	8862	OK
USER	Common Scenario	END	1642575376603
GROUP	grOB_StudRegFreeTrial	1642575359056	1642575376696	9319	OK
USER	Common Scenario	END	1642575376697
GROUP	grOB_StudRegPurchase	1642575359057	1642575376869	9129	OK
USER	Common Scenario	END	1642575376871
GROUP	grOB_StudRegFreeTrial	1642575359056	1642575376900	9461	OK
USER	Common Scenario	END	1642575376901
REQUEST	grOB_StudRegRegcod	WPNG_CST_Ecommerce_Purchase_Options	1642575376744	1642575377072	KO	status.find.is(200), but actually found 400
GROUP	grOB_StudRegRegcod	1642575359056	1642575377573	8565	KO
USER	Common Scenario	END	1642575377574
