ASSERTION	AAEDAAECAwAAAAAAAIjDQA==
RUN	onboarding.obDebug	obdebug	1642568510661	 	3.6.1
USER	Common Scenario	START	1642568512376
USER	Common Scenario	START	1642568512376
USER	Common Scenario	START	1642568512376
USER	Common Scenario	START	1642568512376
USER	Common Scenario	START	1642568512376
USER	Common Scenario	START	1642568512376
USER	Common Scenario	START	1642568512376
USER	Common Scenario	START	1642568512376
USER	Common Scenario	START	1642568512376
USER	Common Scenario	START	1642568512381
USER	Common Scenario	START	1642568512381
USER	Common Scenario	START	1642568512381
USER	Common Scenario	START	1642568512376
USER	Common Scenario	START	1642568512382
USER	Common Scenario	START	1642568512382
USER	Common Scenario	START	1642568512382
USER	Common Scenario	START	1642568512376
USER	Common Scenario	START	1642568512382
USER	Common Scenario	START	1642568512382
USER	Common Scenario	START	1642568512376
USER	Common Scenario	START	1642568512381
USER	Common Scenario	START	1642568512376
USER	Common Scenario	START	1642568512376
USER	Common Scenario	START	1642568512383
USER	Common Scenario	START	1642568512383
USER	Common Scenario	START	1642568512376
USER	Common Scenario	START	1642568512376
USER	Common Scenario	START	1642568512383
USER	Common Scenario	START	1642568512383
USER	Common Scenario	START	1642568512383
REQUEST	grOnboardStudRegistrationRegcode	WPNG_CST_User_Check_Login	1642568512446	1642568513082	OK	 
REQUEST	grOnboardStudRegistrationPurchase	WPNG_CST_User_Check_Login	1642568512510	1642568513082	OK	 
REQUEST	grOnboardStudRegistrationFreeTrial	WPNG_CST_User_Check_Login	1642568512452	1642568513082	OK	 
REQUEST	grOnboardStudRegistrationPurchase	WPNG_CST_User_Check_Login	1642568512481	1642568513082	OK	 
REQUEST	grOnboardStudRegistrationPurchase	WPNG_CST_User_Check_Login	1642568512477	1642568513082	OK	 
REQUEST	grOnboardStudRegistrationPurchase	WPNG_CST_User_Check_Login	1642568512517	1642568513082	OK	 
REQUEST	grOnboardStudRegistrationPurchase	WPNG_CST_User_Check_Login	1642568512487	1642568513108	OK	 
REQUEST	grOnboardStudRegistrationPurchase	WPNG_CST_User_Check_Login	1642568512484	1642568513200	OK	 
REQUEST	grOnboardStudRegistrationPurchase	WPNG_CST_User_Check_Login	1642568512481	1642568513285	OK	 
REQUEST	grOnboardStudRegistrationRegcode	WPNG_CST_User_Check_Login	1642568512445	1642568513306	OK	 
REQUEST	grOnboardStudRegistrationRegcode	WPNG_CST_User_Check_Login	1642568512468	1642568513307	OK	 
REQUEST	grOnboardStudRegistrationRegcode	WPNG_CST_User_Check_Login	1642568512471	1642568513337	OK	 
REQUEST	grOnboardStudRegistrationPurchase	WPNG_CST_User_Check_Login	1642568512482	1642568513344	OK	 
REQUEST	grOnboardStudRegistrationFreeTrial	WPNG_CST_User_Check_Login	1642568512466	1642568513358	OK	 
REQUEST	grOnboardStudRegistrationPurchase	WPNG_CST_Institution_Search	1642568513195	1642568513388	OK	 
REQUEST	grOnboardStudRegistrationPurchase	WPNG_CST_Institution_Search	1642568513202	1642568513399	OK	 
REQUEST	grOnboardStudRegistrationFreeTrial	WPNG_CST_User_Check_Login	1642568512446	1642568513412	OK	 
REQUEST	grOnboardStudRegistrationPurchase	WPNG_CST_User_Check_Login	1642568512520	1642568513430	OK	 
REQUEST	grOnboardStudRegistrationPurchase	WPNG_CST_User_Check_Login	1642568512465	1642568513513	OK	 
REQUEST	grOnboardStudRegistrationPurchase	WPNG_CST_User_Check_Login	1642568512508	1642568513519	OK	 
REQUEST	grOnboardStudRegistrationPurchase	WPNG_CST_User_Check_Login	1642568512503	1642568513532	OK	 
REQUEST	grOnboardStudRegistrationFreeTrial	WPNG_CST_User_Check_Login	1642568512476	1642568513532	OK	 
REQUEST	grOnboardStudRegistrationRegcode	WPNG_CST_User_Check_Login	1642568512508	1642568513544	OK	 
REQUEST	grOnboardStudRegistrationPurchase	WPNG_CST_User_Check_Login	1642568512445	1642568513546	OK	 
REQUEST	grOnboardStudRegistrationRegcode	WPNG_CST_User_Check_Login	1642568512452	1642568513611	OK	 
REQUEST	grOnboardStudRegistrationPurchase	WPNG_CST_User_Check_Login	1642568512502	1642568513611	OK	 
REQUEST	grOnboardStudRegistrationRegcode	WPNG_CST_User_Check_Login	1642568512446	1642568513611	OK	 
REQUEST	grOnboardStudRegistrationPurchase	WPNG_CST_User_Check_Login	1642568512487	1642568513613	OK	 
REQUEST	grOnboardStudRegistrationRegcode	WPNG_CST_User_Check_Login	1642568512485	1642568513614	OK	 
REQUEST	grOnboardStudRegistrationRegcode	WPNG_CST_Institution_Search	1642568513309	1642568513617	OK	 
REQUEST	grOnboardStudRegistrationPurchase	WPNG_CST_User_Check_Login	1642568512510	1642568513618	OK	 
REQUEST	grOnboardStudRegistrationFreeTrial	WPNG_CST_User_Check_Login	1642568512484	1642568513621	OK	 
REQUEST	grOnboardStudRegistrationRegcode	WPNG_CST_Institution_Search	1642568513309	1642568513623	OK	 
REQUEST	grOnboardStudRegistrationPurchase	WPNG_CST_Institution_Search	1642568513288	1642568513624	OK	 
REQUEST	grOnboardStudRegistrationPurchase	WPNG_CST_User_Check_Login	1642568512496	1642568513626	OK	 
REQUEST	grOnboardStudRegistrationPurchase	WPNG_CST_Institution_Search	1642568513198	1642568513754	OK	 
REQUEST	grOnboardStudRegistrationPurchase	WPNG_CST_Institution_Search	1642568513195	1642568513771	OK	 
REQUEST	grOnboardStudRegistrationRegcode	WPNG_CST_Institution_Search	1642568513339	1642568513816	OK	 
REQUEST	grOnboardStudRegistrationPurchase	WPNG_CST_Institution_Search	1642568513195	1642568513818	OK	 
REQUEST	grOnboardStudRegistrationRegcode	WPNG_CST_Institution_Search	1642568513199	1642568513822	OK	 
REQUEST	grOnboardStudRegistrationFreeTrial	WPNG_CST_Institution_Search	1642568513195	1642568513840	OK	 
REQUEST	grOnboardStudRegistrationPurchase	WPNG_CST_Institution_Search	1642568513195	1642568513840	OK	 
REQUEST	grOnboardStudRegistrationPurchase	WPNG_CST_Institution_Search	1642568513432	1642568513970	OK	 
REQUEST	grOnboardStudRegistrationPurchase	WPNG_CST_Institution_Search	1642568513520	1642568513989	OK	 
REQUEST	grOnboardStudRegistrationPurchase	WPNG_CST_Institution_Search	1642568513548	1642568514170	OK	 
REQUEST	grOnboardStudRegistrationRegcode	WPNG_CST_Institution_Search	1642568513546	1642568514172	OK	 
REQUEST	grOnboardStudRegistrationFreeTrial	WPNG_CST_Institution_Search	1642568513359	1642568514253	OK	 
REQUEST	grOnboardStudRegistrationPurchase	WPNG_CST_Institution_Search	1642568513345	1642568514255	OK	 
REQUEST	grOnboardStudRegistrationPurchase	WPNG_CST_Institution_Search	1642568513533	1642568514363	OK	 
REQUEST	grOnboardStudRegistrationFreeTrial	WPNG_CST_Institution_Search	1642568513413	1642568514367	OK	 
REQUEST	grOnboardStudRegistrationPurchase	WPNG_CST_Institution_Search	1642568513514	1642568514384	OK	 
REQUEST	grOnboardStudRegistrationRegcode	WPNG_CST_Institution_Search	1642568513615	1642568514443	OK	 
REQUEST	grOnboardStudRegistrationPurchase	WPNG_CST_Institution_Search	1642568513615	1642568514443	OK	 
REQUEST	grOnboardStudRegistrationFreeTrial	WPNG_CST_Institution_Search	1642568513533	1642568514505	OK	 
REQUEST	grOnboardStudRegistrationRegcode	WPNG_CST_Institution_Search	1642568513616	1642568514552	OK	 
REQUEST	grOnboardStudRegistrationPurchase	WPNG_CST_Institution_Search	1642568513627	1642568514706	OK	 
REQUEST	grOnboardStudRegistrationRegcode	WPNG_CST_Institution_Search	1642568513613	1642568514782	OK	 
REQUEST	grOnboardStudRegistrationPurchase	WPNG_CST_Institution_Search	1642568513613	1642568514854	OK	 
REQUEST	grOnboardStudRegistrationPurchase	WPNG_CST_Institution_Search	1642568513620	1642568514981	OK	 
REQUEST	grOnboardStudRegistrationFreeTrial	WPNG_CST_Institution_Search	1642568513623	1642568514981	OK	 
REQUEST	grOnboardStudRegistrationPurchase	WPNG_CST_User_Create	1642568513400	1642568515530	OK	 
REQUEST	grOnboardStudRegistrationPurchase	WPNG_CST_User_Create	1642568513625	1642568516067	OK	 
REQUEST	grOnboardStudRegistrationRegcode	WPNG_CST_User_Create	1642568513624	1642568516067	OK	 
REQUEST	grOnboardStudRegistrationRegcode	WPNG_CST_User_Create	1642568513618	1642568516431	OK	 
REQUEST	grOnboardStudRegistrationPurchase	WPNG_CST_User_Create	1642568513755	1642568516514	OK	 
REQUEST	grOnboardStudRegistrationRegcode	WPNG_CST_User_Create	1642568513824	1642568516687	OK	 
REQUEST	grOnboardStudRegistrationPurchase	WPNG_CST_User_Create	1642568513772	1642568516693	OK	 
REQUEST	grOnboardStudRegistrationPurchase	WPNG_CST_User_Create	1642568513841	1642568516713	OK	 
REQUEST	grOnboardStudRegistrationPurchase	WPNG_CST_User_Create	1642568513819	1642568516716	OK	 
REQUEST	grOnboardStudRegistrationRegcode	WPNG_CST_User_Create	1642568513818	1642568516718	OK	 
REQUEST	grOnboardStudRegistrationFreeTrial	WPNG_CST_User_Create	1642568513841	1642568517044	OK	 
REQUEST	grOnboardStudRegistrationPurchase	WPNG_CST_User_Create	1642568513971	1642568517356	OK	 
REQUEST	grOnboardStudRegistrationPurchase	WPNG_CST_User_Create	1642568514172	1642568517750	OK	 
REQUEST	grOnboardStudRegistrationFreeTrial	WPNG_CST_User_Create	1642568514368	1642568517985	OK	 
REQUEST	grOnboardStudRegistrationPurchase	WPNG_CST_User_Create	1642568514444	1642568518203	OK	 
REQUEST	grOnboardStudRegistrationPurchase	WPNG_CST_User_Create	1642568513397	1642568518219	OK	 
REQUEST	grOnboardStudRegistrationPurchase	WPNG_CST_User_Create	1642568514707	1642568518331	OK	 
REQUEST	grOnboardStudRegistrationPurchase	WPNG_CST_User_Create	1642568514364	1642568518335	OK	 
REQUEST	grOnboardStudRegistrationPurchase	WPNG_CST_User_Create	1642568514385	1642568518755	OK	 
REQUEST	grOnboardStudRegistrationFreeTrial	WPNG_CST_User_Create	1642568514983	1642568518809	OK	 
REQUEST	grOnboardStudRegistrationPurchase	WPNG_CST_User_Create	1642568514983	1642568518827	OK	 
REQUEST	grOnboardStudRegistrationFreeTrial	WPNG_CST_User_Create	1642568514506	1642568518948	OK	 
REQUEST	grOnboardStudRegistrationRegcode	WPNG_CST_User_Create	1642568514785	1642568518948	OK	 
REQUEST	grOnboardStudRegistrationRegcode	WPNG_CST_User_Create	1642568514173	1642568518965	OK	 
REQUEST	grOnboardStudRegistrationRegcode	WPNG_CST_User_Create	1642568514444	1642568518966	OK	 
REQUEST	grOnboardStudRegistrationPurchase	WPNG_CST_User_Activate_Login	1642568518961	1642568519143	OK	 
REQUEST	grOnboardStudRegistrationPurchase	WPNG_CST_User_Activate_Login Redirect 1	1642568519148	1642568519488	OK	 
REQUEST	grOnboardStudRegistrationFreeTrial	WPNG_CST_User_Activate_Login	1642568519355	1642568519538	OK	 
REQUEST	grOnboardStudRegistrationPurchase	WPNG_CST_User_Create	1642568513990	1642568519586	OK	 
REQUEST	grOnboardStudRegistrationFreeTrial	WPNG_CST_User_Activate_Login Redirect 1	1642568519539	1642568519897	OK	 
REQUEST	grOnboardStudRegistrationRegcode	WPNG_CST_User_Create	1642568514552	1642568520039	OK	 
REQUEST	grOnboardStudRegistrationFreeTrial	WPNG_CST_User_Set_Password	1642568519898	1642568520364	OK	 
REQUEST	grOnboardStudRegistrationPurchase	WPNG_CST_User_Set_Password	1642568519497	1642568520368	OK	 
REQUEST	grOnboardStudRegistrationFreeTrial	WPNG_CST_User_Activate_Login	1642568520246	1642568520427	OK	 
REQUEST	grOnboardStudRegistrationFreeTrial	WPNG_SSO_User_Login	1642568520365	1642568520579	OK	 
REQUEST	grOnboardStudRegistrationPurchase	WPNG_SSO_User_Login	1642568520369	1642568520582	OK	 
REQUEST	grOnboardStudRegistrationPurchase	WPNG_CST_User_Activate_Login	1642568518218	1642568520681	OK	 
REQUEST	grOnboardStudRegistrationRegcode	WPNG_CST_User_Activate_Login	1642568518333	1642568520683	OK	 
REQUEST	grOnboardStudRegistrationPurchase	WPNG_CST_User_Activate_Login	1642568518329	1642568520683	OK	 
REQUEST	grOnboardStudRegistrationFreeTrial	WPNG_CST_User_Activate_Login Redirect 1	1642568520427	1642568520773	OK	 
REQUEST	grOnboardStudRegistrationPurchase	WPNG_CST_User_Search_by_Login	1642568520583	1642568520773	OK	 
REQUEST	grOnboardStudRegistrationPurchase	WPNG_CST_User_Activate_Login	1642568520683	1642568520853	OK	 
REQUEST	grOnboardStudRegistrationPurchase	WPNG_CST_User_Activate_Login	1642568520680	1642568520871	OK	 
REQUEST	grOnboardStudRegistrationPurchase	WPNG_CST_User_Activate_Login	1642568520682	1642568520875	OK	 
REQUEST	grOnboardStudRegistrationPurchase	WPNG_CST_User_Activate_Login Redirect 1	1642568520682	1642568521027	OK	 
REQUEST	grOnboardStudRegistrationPurchase	WPNG_CST_User_Activate_Login Redirect 1	1642568520684	1642568521027	OK	 
REQUEST	grOnboardStudRegistrationRegcode	WPNG_CST_User_Activate_Login Redirect 1	1642568520683	1642568521057	OK	 
REQUEST	grOnboardStudRegistrationFreeTrial	WPNG_CST_User_Search_by_Login	1642568520580	1642568521163	OK	 
REQUEST	grOnboardStudRegistrationPurchase	WPNG_CST_User_Activate_Login Redirect 1	1642568520853	1642568521180	OK	 
REQUEST	grOnboardStudRegistrationPurchase	WPNG_CST_User_Activate_Login Redirect 1	1642568520875	1642568521200	OK	 
REQUEST	grOnboardStudRegistrationPurchase	WPNG_CST_User_Activate_Login	1642568520680	1642568521265	OK	 
REQUEST	grOnboardStudRegistrationFreeTrial	WPNG_CST_User_Set_Password	1642568520773	1642568521265	OK	 
REQUEST	grOnboardStudRegistrationPurchase	WPNG_CST_User_Activate_Login Redirect 1	1642568520872	1642568521270	OK	 
REQUEST	grOnboardStudRegistrationPurchase	WPNG_CST_User_Activate_Login	1642568518754	1642568521276	OK	 
REQUEST	grOnboardStudRegistrationRegcode	WPNG_CST_User_Activate_Login	1642568518733	1642568521276	OK	 
REQUEST	grOnboardStudRegistrationPurchase	WPNG_CST_User_Create	1642568514855	1642568521276	OK	 
REQUEST	grOnboardStudRegistrationPurchase	WPNG_CST_Institution_Details	1642568520775	1642568521332	OK	 
REQUEST	grOnboardStudRegistrationPurchase	WPNG_CST_User_Set_Password	1642568521029	1642568521454	OK	 
REQUEST	grOnboardStudRegistrationPurchase	WPNG_CST_User_Activate_Login	1642568521275	1642568521457	OK	 
REQUEST	grOnboardStudRegistrationFreeTrial	WPNG_CST_User_Activate_Login	1642568521275	1642568521458	OK	 
REQUEST	grOnboardStudRegistrationRegcode	WPNG_CST_User_Activate_Login	1642568518965	1642568521481	OK	 
REQUEST	grOnboardStudRegistrationPurchase	WPNG_CST_User_Activate_Login	1642568518964	1642568521481	OK	 
REQUEST	grOnboardStudRegistrationPurchase	WPNG_CST_User_Activate_Login	1642568518945	1642568521482	OK	 
REQUEST	grOnboardStudRegistrationRegcode	WPNG_CST_User_Activate_Login	1642568518945	1642568521482	OK	 
REQUEST	grOnboardStudRegistrationPurchase	WPNG_CST_User_Set_Password	1642568521029	1642568521497	OK	 
REQUEST	grOnboardStudRegistrationPurchase	WPNG_CST_User_Enrollments	1642568521332	1642568521520	OK	 
REQUEST	grOnboardStudRegistrationRegcode	WPNG_CST_User_Set_Password	1642568521058	1642568521595	OK	 
REQUEST	grOnboardStudRegistrationPurchase	WPNG_CST_User_Activate_Login Redirect 1	1642568521266	1642568521595	OK	 
REQUEST	grOnboardStudRegistrationRegcode	WPNG_CST_User_Activate_Login Redirect 1	1642568521276	1642568521608	OK	 
REQUEST	grOnboardStudRegistrationPurchase	WPNG_CST_User_Activate_Login Redirect 1	1642568521276	1642568521621	OK	 
REQUEST	grOnboardStudRegistrationPurchase	WPNG_CST_User_Set_Password	1642568521201	1642568521628	OK	 
REQUEST	grOnboardStudRegistrationPurchase	WPNG_SSO_User_Login	1642568521455	1642568521658	OK	 
REQUEST	grOnboardStudRegistrationPurchase	WPNG_CST_User_Set_Password	1642568521270	1642568521735	OK	 
REQUEST	grOnboardStudRegistrationFreeTrial	WPNG_CST_Institution_Details	1642568521164	1642568521735	OK	 
REQUEST	grOnboardStudRegistrationPurchase	WPNG_CST_User_Activate_Login Redirect 1	1642568521458	1642568521807	OK	 
REQUEST	grOnboardStudRegistrationFreeTrial	WPNG_CST_User_Activate_Login Redirect 1	1642568521458	1642568521810	OK	 
REQUEST	grOnboardStudRegistrationFreeTrial	WPNG_SSO_User_Login	1642568521266	1642568521878	OK	 
REQUEST	grOnboardStudRegistrationRegcode	WPNG_CST_User_Activate_Login Redirect 1	1642568521481	1642568521934	OK	 
REQUEST	grOnboardStudRegistrationPurchase	WPNG_SSO_User_Login	1642568521498	1642568521952	OK	 
REQUEST	grOnboardStudRegistrationPurchase	WPNG_CST_User_Activate_Login Redirect 1	1642568521481	1642568521959	OK	 
REQUEST	grOnboardStudRegistrationPurchase	WPNG_CST_User_Activate_Login Redirect 1	1642568521482	1642568521964	OK	 
REQUEST	grOnboardStudRegistrationRegcode	WPNG_CST_User_Activate_Login Redirect 1	1642568521482	1642568521972	OK	 
REQUEST	grOnboardStudRegistrationPurchase	WPNG_CST_User_Set_Password	1642568521180	1642568522028	OK	 
REQUEST	grOnboardStudRegistrationRegcode	WPNG_CST_User_Activate_Login	1642568521479	1642568522035	OK	 
REQUEST	grOnboardStudRegistrationRegcode	WPNG_SSO_User_Login	1642568521596	1642568522036	OK	 
REQUEST	grOnboardStudRegistrationPurchase	WPNG_CST_User_Search_by_Login	1642568521659	1642568522063	OK	 
REQUEST	grOnboardStudRegistrationRegcode	WPNG_CST_User_Activate_Login	1642568521479	1642568522096	OK	 
REQUEST	grOnboardStudRegistrationPurchase	WPNG_SSO_User_Login	1642568521629	1642568522103	OK	 
REQUEST	grOnboardStudRegistrationFreeTrial	WPNG_CST_User_Activate_Login	1642568521481	1642568522135	OK	 
REQUEST	grOnboardStudRegistrationPurchase	WPNG_CST_User_Activate_Login	1642568519582	1642568522160	OK	 
REQUEST	grOnboardStudRegistrationFreeTrial	WPNG_CST_User_Enrollments	1642568521736	1642568522161	OK	 
REQUEST	grOnboardStudRegistrationPurchase	WPNG_SSO_User_Login	1642568521736	1642568522161	OK	 
REQUEST	grOnboardStudRegistrationRegcode	WPNG_CST_User_Activate_Login	1642568521481	1642568522209	OK	 
REQUEST	grOnboardStudRegistrationPurchase	WPNG_CST_User_Search_by_Login	1642568521953	1642568522210	OK	 
REQUEST	grOnboardStudRegistrationRegcode	WPNG_CST_User_Set_Password	1642568521609	1642568522231	OK	 
REQUEST	grOnboardStudRegistrationPurchase	WPNG_CST_User_Set_Password	1642568521596	1642568522237	OK	 
REQUEST	grOnboardStudRegistrationFreeTrial	WPNG_CST_User_Set_Password	1642568521810	1642568522354	OK	 
REQUEST	grOnboardStudRegistrationPurchase	WPNG_SSO_User_Login	1642568522028	1642568522355	OK	 
REQUEST	grOnboardStudRegistrationPurchase	WPNG_CST_User_Create	1642568514256	1642568522355	OK	 
REQUEST	grOnboardStudRegistrationPurchase	WPNG_CST_User_Activate_Login	1642568522159	1642568522414	OK	 
REQUEST	grOnboardStudRegistrationRegcode	WPNG_CST_User_Set_Password	1642568521935	1642568522495	OK	 
REQUEST	grOnboardStudRegistrationRegcode	WPNG_CST_User_Activate_Login Redirect 1	1642568522036	1642568522496	OK	 
REQUEST	grOnboardStudRegistrationPurchase	WPNG_CST_User_Set_Password	1642568521965	1642568522505	OK	 
REQUEST	grOnboardStudRegistrationFreeTrial	WPNG_CST_User_Search_by_Login	1642568521879	1642568522513	OK	 
REQUEST	grOnboardStudRegistrationRegcode	WPNG_CST_User_Set_Password	1642568521972	1642568522517	OK	 
REQUEST	grOnboardStudRegistrationFreeTrial	WPNG_CST_User_Activate_Login Redirect 1	1642568522135	1642568522529	OK	 
REQUEST	grOnboardStudRegistrationRegcode	WPNG_CST_User_Activate_Login Redirect 1	1642568522096	1642568522558	OK	 
REQUEST	grOnboardStudRegistrationPurchase	WPNG_CST_User_Set_Password	1642568521808	1642568522673	OK	 
REQUEST	grOnboardStudRegistrationPurchase	WPNG_CST_User_Set_Password	1642568521621	1642568522689	OK	 
REQUEST	grOnboardStudRegistrationPurchase	WPNG_CST_User_Search_by_Login	1642568522357	1642568522696	OK	 
REQUEST	grOnboardStudRegistrationPurchase	WPNG_CST_User_Activate_Login Redirect 1	1642568522415	1642568522699	OK	 
REQUEST	grOnboardStudRegistrationFreeTrial	WPNG_SSO_User_Login	1642568522356	1642568522703	OK	 
REQUEST	grOnboardStudRegistrationRegcode	WPNG_CST_User_Activate_Login Redirect 1	1642568522210	1642568522714	OK	 
REQUEST	grOnboardStudRegistrationPurchase	WPNG_SSO_User_Login	1642568522237	1642568522750	OK	 
REQUEST	grOnboardStudRegistrationPurchase	WPNG_CST_User_Activate_Login Redirect 1	1642568522160	1642568522750	OK	 
REQUEST	grOnboardStudRegistrationPurchase	WPNG_CST_Institution_Details	1642568522063	1642568522757	OK	 
REQUEST	grOnboardStudRegistrationPurchase	WPNG_CST_User_Search_by_Login	1642568522104	1642568522762	OK	 
REQUEST	grOnboardStudRegistrationRegcode	WPNG_CST_User_Search_by_Login	1642568522037	1642568522783	OK	 
REQUEST	grOnboardStudRegistrationFreeTrial	WPNG_CST_User_Create	1642568514255	1642568522800	OK	 
REQUEST	grOnboardStudRegistrationPurchase	WPNG_CST_User_Set_Password	1642568521960	1642568522816	OK	 
REQUEST	grOnboardStudRegistrationPurchase	WPNG_CST_User_Activate_Login	1642568520037	1642568522840	OK	 
REQUEST	grOnboardStudRegistrationRegcode	WPNG_SSO_User_Login	1642568522517	1642568522898	OK	 
REQUEST	grOnboardStudRegistrationFreeTrial	WPNG_CST_User_Search_by_Login	1642568522704	1642568522932	OK	 
REQUEST	grOnboardStudRegistrationRegcode	WPNG_CST_User_Set_Password	1642568522496	1642568522946	OK	 
REQUEST	grOnboardStudRegistrationPurchase	WPNG_SSO_User_Login	1642568522674	1642568522954	OK	 
REQUEST	grOnboardStudRegistrationPurchase	WPNG_SSO_User_Login	1642568522689	1642568522957	OK	 
REQUEST	grOnboardStudRegistrationPurchase	WPNG_CST_Institution_Details	1642568522697	1642568522959	OK	 
REQUEST	grOnboardStudRegistrationPurchase	WPNG_CST_Institution_Details	1642568522211	1642568523011	OK	 
REQUEST	grOnboardStudRegistrationPurchase	WPNG_CST_User_Search_by_Login	1642568522751	1642568523011	OK	 
REQUEST	grOnboardStudRegistrationPurchase	WPNG_CST_User_Enrollments	1642568522758	1642568523068	OK	 
REQUEST	grOnboardStudRegistrationRegcode	WPNG_SSO_User_Login	1642568522232	1642568523089	OK	 
REQUEST	grOnboardStudRegistrationPurchase	WPNG_CST_Institution_Details	1642568522762	1642568523100	OK	 
REQUEST	grOnboardStudRegistrationRegcode	WPNG_CST_Institution_Details	1642568522784	1642568523101	OK	 
REQUEST	grOnboardStudRegistrationRegcode	WPNG_CST_User_Activate_Login	1642568522839	1642568523138	OK	 
REQUEST	grOnboardStudRegistrationPurchase	WPNG_SSO_User_Login	1642568522817	1642568523142	OK	 
REQUEST	grOnboardStudRegistrationFreeTrial	WPNG_CST_Institution_Details	1642568522933	1642568523144	OK	 
REQUEST	grOnboardStudRegistrationRegcode	WPNG_SSO_User_Login	1642568522496	1642568523188	OK	 
REQUEST	grOnboardStudRegistrationPurchase	WPNG_CST_User_Search_by_Login	1642568522955	1642568523198	OK	 
REQUEST	grOnboardStudRegistrationRegcode	WPNG_SSO_User_Login	1642568522947	1642568523215	OK	 
REQUEST	grOnboardStudRegistrationRegcode	WPNG_CST_User_Set_Password	1642568522559	1642568523222	OK	 
REQUEST	grOnboardStudRegistrationPurchase	WPNG_CST_User_Set_Password	1642568522751	1642568523227	OK	 
REQUEST	grOnboardStudRegistrationFreeTrial	WPNG_CST_Institution_Details	1642568522516	1642568523251	OK	 
REQUEST	grOnboardStudRegistrationRegcode	WPNG_CST_User_Set_Password	1642568522715	1642568523257	OK	 
REQUEST	grOnboardStudRegistrationPurchase	WPNG_SSO_User_Login	1642568522505	1642568523261	OK	 
REQUEST	grOnboardStudRegistrationPurchase	WPNG_CST_User_Search_by_Login	1642568522957	1642568523261	OK	 
REQUEST	grOnboardStudRegistrationPurchase	WPNG_CST_User_Activate_Login Redirect 1	1642568522840	1642568523271	OK	 
REQUEST	grOnboardStudRegistrationPurchase	WPNG_CST_User_Enrollments	1642568523012	1642568523275	OK	 
REQUEST	grOnboardStudRegistrationPurchase	WPNG_CST_User_Enrollments	1642568522960	1642568523276	OK	 
REQUEST	grOnboardStudRegistrationPurchase	WPNG_CST_Institution_Details	1642568523012	1642568523289	OK	 
REQUEST	grOnboardStudRegistrationRegcode	WPNG_CST_User_Search_by_Login	1642568523090	1642568523335	OK	 
REQUEST	grOnboardStudRegistrationPurchase	WPNG_CST_User_Search_by_Login	1642568523143	1642568523400	OK	 
REQUEST	grOnboardStudRegistrationRegcode	WPNG_CST_User_Enrollments	1642568523102	1642568523412	OK	 
REQUEST	grOnboardStudRegistrationRegcode	WPNG_CST_User_Search_by_Login	1642568523216	1642568523443	OK	 
REQUEST	grOnboardStudRegistrationFreeTrial	WPNG_CST_User_Enrollments	1642568523252	1642568523459	OK	 
REQUEST	grOnboardStudRegistrationPurchase	WPNG_SSO_User_Login	1642568523228	1642568523463	OK	 
REQUEST	grOnboardStudRegistrationRegcode	WPNG_SSO_User_Login	1642568523223	1642568523468	OK	 
REQUEST	grOnboardStudRegistrationFreeTrial	WPNG_CST_Institution_Sections	1642568522162	1642568523473	OK	 
REQUEST	grOnboardStudRegistrationPurchase	WPNG_CST_Institution_Details	1642568523262	1642568523473	OK	 
REQUEST	grOnboardStudRegistrationPurchase	WPNG_CST_User_Activate_Login	1642568521275	1642568523477	OK	 
REQUEST	grOnboardStudRegistrationRegcode	WPNG_SSO_User_Login	1642568523258	1642568523482	OK	 
REQUEST	grOnboardStudRegistrationPurchase	WPNG_CST_User_Search_by_Login	1642568523262	1642568523498	OK	 
REQUEST	grOnboardStudRegistrationFreeTrial	WPNG_CST_User_Set_Password	1642568522530	1642568523499	OK	 
REQUEST	grOnboardStudRegistrationRegcode	WPNG_CST_User_Activate_Login Redirect 1	1642568523139	1642568523507	OK	 
REQUEST	grOnboardStudRegistrationRegcode	WPNG_CST_User_Search_by_Login	1642568522899	1642568523535	OK	 
REQUEST	grOnboardStudRegistrationPurchase	WPNG_CST_User_Set_Password	1642568522700	1642568523583	OK	 
REQUEST	grOnboardStudRegistrationRegcode	WPNG_CST_Institution_Details	1642568523336	1642568523643	OK	 
REQUEST	grOnboardStudRegistrationPurchase	WPNG_CST_Institution_Details	1642568523401	1642568523647	OK	 
REQUEST	grOnboardStudRegistrationRegcode	WPNG_CST_User_Search_by_Login	1642568523469	1642568523671	OK	 
REQUEST	grOnboardStudRegistrationPurchase	WPNG_CST_User_Activate_Login	1642568523476	1642568523696	OK	 
REQUEST	grOnboardStudRegistrationPurchase	WPNG_CST_User_Enrollments	1642568523100	1642568523730	OK	 
REQUEST	grOnboardStudRegistrationRegcode	WPNG_CST_User_Search_by_Login	1642568523483	1642568523755	OK	 
REQUEST	grOnboardStudRegistrationFreeTrial	WPNG_CST_User_Enrollments	1642568523145	1642568523789	OK	 
REQUEST	grOnboardStudRegistrationRegcode	WPNG_CST_User_Search_by_Login	1642568523189	1642568523791	OK	 
REQUEST	grOnboardStudRegistrationPurchase	WPNG_CST_Institution_Details	1642568523199	1642568523832	OK	 
REQUEST	grOnboardStudRegistrationPurchase	WPNG_CST_Institution_Details	1642568523498	1642568523838	OK	 
REQUEST	grOnboardStudRegistrationFreeTrial	WPNG_SSO_User_Login	1642568523500	1642568523853	OK	 
REQUEST	grOnboardStudRegistrationPurchase	WPNG_CST_User_Activate_Login Redirect 1	1642568523477	1642568523859	OK	 
REQUEST	grOnboardStudRegistrationRegcode	WPNG_CST_User_Enrollments	1642568523644	1642568523938	OK	 
REQUEST	grOnboardStudRegistrationPurchase	WPNG_CST_User_Enrollments	1642568523647	1642568523970	OK	 
REQUEST	grOnboardStudRegistrationPurchase	WPNG_SSO_User_Login	1642568523583	1642568523974	OK	 
REQUEST	grOnboardStudRegistrationRegcode	WPNG_CST_Institution_Details	1642568523672	1642568523997	OK	 
REQUEST	grOnboardStudRegistrationPurchase	WPNG_CST_User_Search_by_Login	1642568523464	1642568524016	OK	 
REQUEST	grOnboardStudRegistrationPurchase	WPNG_CST_User_Enrollments	1642568523289	1642568524026	OK	 
REQUEST	grOnboardStudRegistrationRegcode	WPNG_CST_Institution_Details	1642568523756	1642568524041	OK	 
REQUEST	grOnboardStudRegistrationRegcode	WPNG_CST_Institution_Details	1642568523444	1642568524044	OK	 
REQUEST	grOnboardStudRegistrationPurchase	WPNG_CST_User_Enrollments	1642568523474	1642568524053	OK	 
REQUEST	grOnboardStudRegistrationPurchase	WPNG_CST_User_Set_Password	1642568523271	1642568524112	OK	 
REQUEST	grOnboardStudRegistrationPurchase	WPNG_CST_User_Enrollments	1642568523832	1642568524131	OK	 
REQUEST	grOnboardStudRegistrationPurchase	WPNG_CST_User_Enrollments	1642568523839	1642568524153	OK	 
REQUEST	grOnboardStudRegistrationFreeTrial	WPNG_CST_User_Search_by_Login	1642568523854	1642568524178	OK	 
REQUEST	grOnboardStudRegistrationPurchase	WPNG_CST_User_Activate_Login Redirect 1	1642568523696	1642568524187	OK	 
REQUEST	grOnboardStudRegistrationPurchase	WPNG_CST_User_Search_by_Login	1642568523974	1642568524221	OK	 
REQUEST	grOnboardStudRegistrationRegcode	WPNG_CST_User_Enrollments	1642568523998	1642568524241	OK	 
REQUEST	grOnboardStudRegistrationRegcode	WPNG_CST_Institution_Details	1642568523535	1642568524248	OK	 
REQUEST	grOnboardStudRegistrationRegcode	WPNG_CST_User_Enrollments	1642568524041	1642568524316	OK	 
REQUEST	grOnboardStudRegistrationPurchase	WPNG_SSO_User_Login	1642568524113	1642568524390	OK	 
REQUEST	grOnboardStudRegistrationRegcode	WPNG_CST_Institution_Sections	1642568523413	1642568524422	OK	 
REQUEST	grOnboardStudRegistrationFreeTrial	WPNG_CST_Institution_Details	1642568524179	1642568524436	OK	 
REQUEST	grOnboardStudRegistrationPurchase	WPNG_CST_User_Set_Password	1642568523860	1642568524446	OK	 
REQUEST	grOnboardStudRegistrationRegcode	WPNG_CST_Institution_Details	1642568523792	1642568524474	OK	 
REQUEST	grOnboardStudRegistrationRegcode	WPNG_CST_User_Set_Password	1642568523508	1642568524475	OK	 
REQUEST	grOnboardStudRegistrationPurchase	WPNG_CST_User_Search_by_Login	1642568522162	1642568524494	OK	 
REQUEST	grOnboardStudRegistrationPurchase	WPNG_CST_Institution_Details	1642568524221	1642568524589	OK	 
REQUEST	grOnboardStudRegistrationRegcode	WPNG_CST_User_Enrollments	1642568524249	1642568524604	OK	 
REQUEST	grOnboardStudRegistrationPurchase	WPNG_CST_Institution_Details	1642568524018	1642568524630	OK	 
REQUEST	grOnboardStudRegistrationPurchase	WPNG_CST_User_Search_by_Login	1642568524391	1642568524652	OK	 
REQUEST	grOnboardStudRegistrationPurchase	WPNG_CST_Institution_Sections	1642568523276	1642568524718	OK	 
REQUEST	grOnboardStudRegistrationRegcode	WPNG_CST_User_Enrollments	1642568524044	1642568524729	OK	 
REQUEST	grOnboardStudRegistrationRegcode	WPNG_CST_User_Enrollments	1642568524474	1642568524786	OK	 
REQUEST	grOnboardStudRegistrationFreeTrial	WPNG_CST_Institution_Sections	1642568523790	1642568524793	OK	 
REQUEST	grOnboardStudRegistrationPurchase	WPNG_SSO_User_Login	1642568524446	1642568524794	OK	 
REQUEST	grOnboardStudRegistrationRegcode	WPNG_SSO_User_Login	1642568524476	1642568524825	OK	 
REQUEST	grOnboardStudRegistrationPurchase	WPNG_CST_Institution_Sections	1642568523069	1642568524831	OK	 
REQUEST	grOnboardStudRegistrationPurchase	WPNG_CST_User_Activate_Login	1642568524493	1642568524847	OK	 
REQUEST	grOnboardStudRegistrationFreeTrial	WPNG_CST_Section_Enroll_Student	1642568523474	1642568524890	OK	 
REQUEST	grOnboardStudRegistrationPurchase	WPNG_CST_Institution_Details	1642568524495	1642568524921	OK	 
REQUEST	grOnboardStudRegistrationPurchase	WPNG_CST_User_Enrollments	1642568524590	1642568524931	OK	 
REQUEST	grOnboardStudRegistrationPurchase	WPNG_CST_User_Enrollments	1642568524631	1642568524971	OK	 
REQUEST	grOnboardStudRegistrationPurchase	WPNG_CST_Institution_Details	1642568524653	1642568524980	OK	 
REQUEST	grOnboardStudRegistrationFreeTrial	WPNG_CST_User_Enrollments	1642568524436	1642568525041	OK	 
REQUEST	grOnboardStudRegistrationPurchase	WPNG_CST_Institution_Sections	1642568523277	1642568525045	OK	 
REQUEST	grOnboardStudRegistrationPurchase	WPNG_CST_User_Search_by_Login	1642568524795	1642568525081	OK	 
REQUEST	grOnboardStudRegistrationRegcode	WPNG_CST_User_Search_by_Login	1642568524825	1642568525100	OK	 
REQUEST	grOnboardStudRegistrationPurchase	WPNG_CST_User_Set_Password	1642568524187	1642568525123	OK	 
REQUEST	grOnboardStudRegistrationFreeTrial	WPNG_CST_User_Activate_Login	1642568524921	1642568525216	OK	 
REQUEST	grOnboardStudRegistrationPurchase	WPNG_CST_User_Enrollments	1642568524922	1642568525243	OK	 
REQUEST	grOnboardStudRegistrationPurchase	WPNG_CST_Institution_Sections	1642568523730	1642568525245	OK	 
REQUEST	grOnboardStudRegistrationPurchase	WPNG_CST_Institution_Sections	1642568523970	1642568525339	OK	 
REQUEST	grOnboardStudRegistrationPurchase	WPNG_CST_User_Activate_Login Redirect 1	1642568524847	1642568525344	OK	 
REQUEST	grOnboardStudRegistrationPurchase	WPNG_CST_Institution_Sections	1642568524131	1642568525356	OK	 
REQUEST	grOnboardStudRegistrationPurchase	WPNG_CST_Institution_Sections	1642568524154	1642568525365	OK	 
REQUEST	grOnboardStudRegistrationPurchase	WPNG_CST_Institution_Sections	1642568524026	1642568525514	OK	 
REQUEST	grOnboardStudRegistrationFreeTrial	WPNG_CST_Institution_Sections	1642568523460	1642568525514	OK	 
REQUEST	grOnboardStudRegistrationRegcode	WPNG_CST_Institution_Sections	1642568523939	1642568525522	OK	 
REQUEST	grOnboardStudRegistrationRegcode	WPNG_CST_Institution_Sections	1642568524730	1642568525528	OK	 
REQUEST	grOnboardStudRegistrationPurchase	WPNG_SSO_User_Login	1642568525123	1642568525542	OK	 
REQUEST	grOnboardStudRegistrationRegcode	WPNG_CST_Institution_Details	1642568525101	1642568525544	OK	 
REQUEST	grOnboardStudRegistrationPurchase	WPNG_CST_Institution_Sections	1642568524054	1642568525572	OK	 
REQUEST	grOnboardStudRegistrationPurchase	WPNG_CST_Institution_Sections	1642568525244	1642568525600	OK	 
REQUEST	grOnboardStudRegistrationPurchase	WPNG_CST_User_Enrollments	1642568524980	1642568525688	OK	 
REQUEST	grOnboardStudRegistrationFreeTrial	WPNG_CST_User_Activate_Login Redirect 1	1642568525216	1642568525688	OK	 
REQUEST	grOnboardStudRegistrationRegcode	WPNG_CST_Institution_Sections	1642568524316	1642568525749	OK	 
REQUEST	grOnboardStudRegistrationRegcode	WPNG_CST_Institution_Sections	1642568524242	1642568525761	OK	 
REQUEST	grOnboardStudRegistrationPurchase	WPNG_CST_Institution_Details	1642568525082	1642568525820	OK	 
REQUEST	grOnboardStudRegistrationRegcode	WPNG_CST_User_Enrollments	1642568525544	1642568525864	OK	 
REQUEST	grOnboardStudRegistrationPurchase	WPNG_CST_User_Search_by_Login	1642568525542	1642568525867	OK	 
REQUEST	grOnboardStudRegistrationFreeTrial	WPNG_CST_License_Free_Trial	1642568524891	1642568526014	OK	 
GROUP	grOnboardStudRegistrationFreeTrial	1642568512391	1642568526014	11128	OK
USER	Common Scenario	END	1642568526019
REQUEST	grOnboardStudRegistrationPurchase	WPNG_CST_Section_Enroll_Student	1642568524718	1642568526027	OK	 
REQUEST	grOnboardStudRegistrationPurchase	WPNG_CST_User_Set_Password	1642568525345	1642568526033	OK	 
REQUEST	grOnboardStudRegistrationRegcode	WPNG_CST_Institution_Sections	1642568524787	1642568526074	OK	 
REQUEST	grOnboardStudRegistrationPurchase	WPNG_CST_Institution_Sections	1642568524931	1642568526128	OK	 
REQUEST	grOnboardStudRegistrationRegcode	WPNG_CST_Section_Enroll_Student	1642568524423	1642568526157	OK	 
REQUEST	grOnboardStudRegistrationPurchase	WPNG_CST_User_Enrollments	1642568525821	1642568526196	OK	 
REQUEST	grOnboardStudRegistrationPurchase	WPNG_CST_Section_Enroll_Student	1642568524831	1642568526202	OK	 
REQUEST	grOnboardStudRegistrationRegcode	WPNG_CST_Institution_Sections	1642568524605	1642568526226	OK	 
REQUEST	grOnboardStudRegistrationFreeTrial	WPNG_CST_Section_Enroll_Student	1642568524794	1642568526250	OK	 
REQUEST	grOnboardStudRegistrationFreeTrial	WPNG_CST_User_Set_Password	1642568525689	1642568526251	OK	 
REQUEST	grOnboardStudRegistrationPurchase	WPNG_CST_Institution_Details	1642568525867	1642568526276	OK	 
REQUEST	grOnboardStudRegistrationPurchase	WPNG_CST_Institution_Sections	1642568524972	1642568526300	OK	 
REQUEST	grOnboardStudRegistrationPurchase	WPNG_SSO_User_Login	1642568526033	1642568526362	OK	 
REQUEST	grOnboardStudRegistrationPurchase	WPNG_CST_Ecommerce_Purchase_Options	1642568526028	1642568526517	OK	 
REQUEST	grOnboardStudRegistrationFreeTrial	WPNG_SSO_User_Login	1642568526251	1642568526521	OK	 
REQUEST	grOnboardStudRegistrationFreeTrial	WPNG_CST_Institution_Sections	1642568525042	1642568526522	OK	 
REQUEST	grOnboardStudRegistrationPurchase	WPNG_CST_User_Enrollments	1642568526276	1642568526540	OK	 
REQUEST	grOnboardStudRegistrationRegcode	WPNG_CST_Ecommerce_Purchase_Options	1642568526158	1642568526628	OK	 
REQUEST	grOnboardStudRegistrationPurchase	WPNG_CST_Section_Enroll_Student	1642568525246	1642568526652	OK	 
REQUEST	grOnboardStudRegistrationPurchase	WPNG_CST_Ecommerce_Purchase_Options	1642568526202	1642568526683	OK	 
REQUEST	grOnboardStudRegistrationPurchase	WPNG_CST_Ecommerce_Launch_Cart	1642568526519	1642568526716	KO	jsonPath($.message).find.exists, found nothing
GROUP	grOnboardStudRegistrationPurchase	1642568512391	1642568526719	11958	KO
USER	Common Scenario	END	1642568526720
REQUEST	grOnboardStudRegistrationPurchase	WPNG_CST_Institution_Sections	1642568525689	1642568526797	OK	 
REQUEST	grOnboardStudRegistrationPurchase	WPNG_CST_Section_Enroll_Student	1642568525366	1642568526843	OK	 
REQUEST	grOnboardStudRegistrationPurchase	WPNG_CST_Ecommerce_Launch_Cart	1642568526684	1642568526912	KO	jsonPath($.message).find.exists, found nothing
GROUP	grOnboardStudRegistrationPurchase	1642568512484	1642568526913	11729	KO
USER	Common Scenario	END	1642568526913
REQUEST	grOnboardStudRegistrationPurchase	WPNG_CST_Section_Enroll_Student	1642568525356	1642568526972	OK	 
REQUEST	grOnboardStudRegistrationPurchase	WPNG_CST_Section_Enroll_Student	1642568525340	1642568526982	OK	 
REQUEST	grOnboardStudRegistrationPurchase	WPNG_CST_Section_Enroll_Student	1642568525573	1642568526982	OK	 
REQUEST	grOnboardStudRegistrationPurchase	WPNG_CST_Section_Enroll_Student	1642568525601	1642568526982	OK	 
REQUEST	grOnboardStudRegistrationPurchase	WPNG_CST_Section_Enroll_Student	1642568525045	1642568526982	OK	 
REQUEST	grOnboardStudRegistrationRegcode	WPNG_CST_Section_Enroll_Student	1642568525523	1642568526982	OK	 
REQUEST	grOnboardStudRegistrationRegcode	WPNG_CST_Ecommerce_Validate_Reg_Code	1642568526629	1642568527043	OK	 
REQUEST	grOnboardStudRegistrationPurchase	WPNG_CST_User_Search_by_Login	1642568526363	1642568527072	OK	 
REQUEST	grOnboardStudRegistrationRegcode	WPNG_CST_Institution_Sections	1642568525865	1642568527093	OK	 
REQUEST	grOnboardStudRegistrationFreeTrial	WPNG_CST_User_Search_by_Login	1642568526522	1642568527096	OK	 
REQUEST	grOnboardStudRegistrationPurchase	WPNG_CST_Ecommerce_Purchase_Options	1642568526652	1642568527113	OK	 
REQUEST	grOnboardStudRegistrationRegcode	WPNG_CST_Section_Enroll_Student	1642568525750	1642568527156	OK	 
REQUEST	grOnboardStudRegistrationRegcode	WPNG_CST_Section_Enroll_Student	1642568525529	1642568527156	OK	 
REQUEST	grOnboardStudRegistrationRegcode	WPNG_CST_Section_Enroll_Student	1642568525762	1642568527188	OK	 
REQUEST	grOnboardStudRegistrationPurchase	WPNG_CST_Section_Enroll_Student	1642568525514	1642568527206	OK	 
REQUEST	grOnboardStudRegistrationPurchase	WPNG_CST_Ecommerce_Purchase_Options	1642568526843	1642568527248	OK	 
REQUEST	grOnboardStudRegistrationPurchase	WPNG_CST_Institution_Sections	1642568526196	1642568527267	OK	 
REQUEST	grOnboardStudRegistrationFreeTrial	WPNG_CST_Institution_Details	1642568527097	1642568527274	OK	 
REQUEST	grOnboardStudRegistrationPurchase	WPNG_CST_Ecommerce_Launch_Cart	1642568527114	1642568527302	KO	jsonPath($.message).find.exists, found nothing
GROUP	grOnboardStudRegistrationPurchase	1642568512503	1642568527302	12445	KO
USER	Common Scenario	END	1642568527303
REQUEST	grOnboardStudRegistrationPurchase	WPNG_CST_Ecommerce_Purchase_Options	1642568526982	1642568527407	OK	 
REQUEST	grOnboardStudRegistrationPurchase	WPNG_CST_Ecommerce_Purchase_Options	1642568526982	1642568527411	OK	 
REQUEST	grOnboardStudRegistrationRegcode	WPNG_CST_Ecommerce_Purchase_Options	1642568526982	1642568527421	OK	 
REQUEST	grOnboardStudRegistrationPurchase	WPNG_CST_Ecommerce_Purchase_Options	1642568526982	1642568527422	OK	 
REQUEST	grOnboardStudRegistrationFreeTrial	WPNG_CST_License_Free_Trial	1642568526251	1642568527423	OK	 
GROUP	grOnboardStudRegistrationFreeTrial	1642568512484	1642568527423	12461	OK
USER	Common Scenario	END	1642568527424
REQUEST	grOnboardStudRegistrationFreeTrial	WPNG_CST_Section_Enroll_Student	1642568525514	1642568527425	OK	 
REQUEST	grOnboardStudRegistrationPurchase	WPNG_CST_Ecommerce_Purchase_Options	1642568526982	1642568527441	OK	 
REQUEST	grOnboardStudRegistrationPurchase	WPNG_CST_Ecommerce_Launch_Cart	1642568527249	1642568527447	KO	jsonPath($.message).find.exists, found nothing
GROUP	grOnboardStudRegistrationPurchase	1642568512476	1642568527448	12598	KO
USER	Common Scenario	END	1642568527448
REQUEST	grOnboardStudRegistrationPurchase	WPNG_CST_Institution_Sections	1642568526540	1642568527471	OK	 
REQUEST	grOnboardStudRegistrationFreeTrial	WPNG_CST_User_Enrollments	1642568527275	1642568527472	OK	 
REQUEST	grOnboardStudRegistrationRegcode	WPNG_CST_Section_Enroll_Student	1642568526226	1642568527596	OK	 
REQUEST	grOnboardStudRegistrationPurchase	WPNG_CST_Section_Enroll_Student	1642568526129	1642568527599	OK	 
REQUEST	grOnboardStudRegistrationRegcode	WPNG_CST_Ecommerce_Purchase_Options	1642568527157	1642568527604	OK	 
REQUEST	grOnboardStudRegistrationPurchase	WPNG_CST_Ecommerce_Launch_Cart	1642568527408	1642568527624	KO	jsonPath($.message).find.exists, found nothing
GROUP	grOnboardStudRegistrationPurchase	1642568512486	1642568527625	12649	KO
USER	Common Scenario	END	1642568527625
REQUEST	grOnboardStudRegistrationPurchase	WPNG_CST_Ecommerce_Launch_Cart	1642568527442	1642568527641	KO	jsonPath($.message).find.exists, found nothing
GROUP	grOnboardStudRegistrationPurchase	1642568512516	1642568527642	12753	KO
USER	Common Scenario	END	1642568527643
REQUEST	grOnboardStudRegistrationRegcode	WPNG_CST_Section_Enroll_Student	1642568526074	1642568527649	OK	 
REQUEST	grOnboardStudRegistrationPurchase	WPNG_CST_Ecommerce_Launch_Cart	1642568527423	1642568527650	KO	jsonPath($.message).find.exists, found nothing
GROUP	grOnboardStudRegistrationPurchase	1642568512486	1642568527651	12827	KO
REQUEST	grOnboardStudRegistrationPurchase	WPNG_CST_Ecommerce_Purchase_Options	1642568527206	1642568527650	OK	 
USER	Common Scenario	END	1642568527651
REQUEST	grOnboardStudRegistrationPurchase	WPNG_CST_Institution_Details	1642568527073	1642568527676	OK	 
REQUEST	grOnboardStudRegistrationFreeTrial	WPNG_CST_Institution_Sections	1642568527473	1642568527707	OK	 
REQUEST	grOnboardStudRegistrationPurchase	WPNG_CST_Ecommerce_Purchase_Options	1642568526973	1642568527788	OK	 
REQUEST	grOnboardStudRegistrationRegcode	WPNG_CST_Ecommerce_Validate_Reg_Code	1642568527422	1642568527790	OK	 
REQUEST	grOnboardStudRegistrationRegcode	WPNG_CST_Ecommerce_Burn_Reg_Code	1642568527043	1642568527824	OK	 
REQUEST	grOnboardStudRegistrationPurchase	WPNG_CST_User_Enrollments	1642568527676	1642568527862	OK	 
REQUEST	grOnboardStudRegistrationPurchase	WPNG_CST_Ecommerce_Launch_Cart	1642568527651	1642568527897	KO	jsonPath($.message).find.exists, found nothing
GROUP	grOnboardStudRegistrationPurchase	1642568512393	1642568527897	12828	KO
USER	Common Scenario	END	1642568527898
REQUEST	grOnboardStudRegistrationPurchase	WPNG_CST_Section_Enroll_Student	1642568526301	1642568527925	OK	 
REQUEST	grOnboardStudRegistrationPurchase	WPNG_CST_Institution_Sections	1642568521521	1642568527931	OK	 
REQUEST	grOnboardStudRegistrationRegcode	WPNG_CST_Ecommerce_Purchase_Options	1642568527157	1642568527950	OK	 
REQUEST	grOnboardStudRegistrationPurchase	WPNG_CST_Ecommerce_Launch_Cart	1642568527789	1642568527988	KO	jsonPath($.message).find.exists, found nothing
GROUP	grOnboardStudRegistrationPurchase	1642568512393	1642568527988	12994	KO
USER	Common Scenario	END	1642568527989
REQUEST	grOnboardStudRegistrationPurchase	WPNG_CST_Ecommerce_Launch_Cart	1642568527412	1642568527993	KO	jsonPath($.message).find.exists, found nothing
GROUP	grOnboardStudRegistrationPurchase	1642568512495	1642568527993	13137	KO
USER	Common Scenario	END	1642568527994
REQUEST	grOnboardStudRegistrationRegcode	WPNG_CST_Ecommerce_Purchase_Options	1642568527189	1642568527997	KO	status.find.is(200), but actually found 400
REQUEST	grOnboardStudRegistrationRegcode	WPNG_CST_Ecommerce_Validate_Reg_Code	1642568527605	1642568528009	OK	 
REQUEST	grOnboardStudRegistrationRegcode	WPNG_CST_Ecommerce_Purchase_Options	1642568527597	1642568528015	OK	 
REQUEST	grOnboardStudRegistrationRegcode	WPNG_CST_Ecommerce_Purchase_Options	1642568527649	1642568528118	OK	 
REQUEST	grOnboardStudRegistrationFreeTrial	WPNG_CST_Section_Enroll_Student	1642568526522	1642568528126	OK	 
REQUEST	grOnboardStudRegistrationRegcode	WPNG_CST_Ecommerce_Burn_Reg_Code	1642568527791	1642568528192	OK	 
REQUEST	grOnboardStudRegistrationRegcode	WPNG_CST_Section_Enroll_Student	1642568527094	1642568528256	OK	 
REQUEST	grOnboardStudRegistrationRegcode	WPNG_CST_Ecommerce_Purchase_Options	1642568527825	1642568528283	OK	 
GROUP	grOnboardStudRegistrationRegcode	1642568512392	1642568528284	13558	OK
USER	Common Scenario	END	1642568528285
REQUEST	grOnboardStudRegistrationRegcode	WPNG_CST_Ecommerce_Validate_Reg_Code	1642568527951	1642568528347	OK	 
REQUEST	grOnboardStudRegistrationPurchase	WPNG_CST_Ecommerce_Purchase_Options	1642568527925	1642568528371	OK	 
REQUEST	grOnboardStudRegistrationRegcode	WPNG_CST_Ecommerce_Validate_Reg_Code	1642568528016	1642568528416	OK	 
REQUEST	grOnboardStudRegistrationRegcode	WPNG_CST_Ecommerce_Burn_Reg_Code	1642568528009	1642568528427	OK	 
REQUEST	grOnboardStudRegistrationPurchase	WPNG_CST_Ecommerce_Purchase_Options	1642568527600	1642568528438	OK	 
REQUEST	grOnboardStudRegistrationRegcode	WPNG_CST_Ecommerce_Validate_Reg_Code	1642568527999	1642568528453	OK	 
REQUEST	grOnboardStudRegistrationFreeTrial	WPNG_CST_License_Free_Trial	1642568527425	1642568528493	OK	 
GROUP	grOnboardStudRegistrationFreeTrial	1642568512390	1642568528494	13777	OK
USER	Common Scenario	END	1642568528494
REQUEST	grOnboardStudRegistrationPurchase	WPNG_CST_Section_Enroll_Student	1642568526798	1642568528497	OK	 
REQUEST	grOnboardStudRegistrationPurchase	WPNG_CST_Ecommerce_Launch_Cart	1642568528372	1642568528550	KO	jsonPath($.message).find.exists, found nothing
GROUP	grOnboardStudRegistrationPurchase	1642568512520	1642568528550	13792	KO
USER	Common Scenario	END	1642568528550
REQUEST	grOnboardStudRegistrationRegcode	WPNG_CST_Ecommerce_Purchase_Options	1642568528193	1642568528582	OK	 
GROUP	grOnboardStudRegistrationRegcode	1642568512390	1642568528583	13799	OK
USER	Common Scenario	END	1642568528583
REQUEST	grOnboardStudRegistrationPurchase	WPNG_CST_Ecommerce_Launch_Cart	1642568528439	1642568528654	KO	jsonPath($.message).find.exists, found nothing
GROUP	grOnboardStudRegistrationPurchase	1642568512390	1642568528655	13565	KO
USER	Common Scenario	END	1642568528655
REQUEST	grOnboardStudRegistrationRegcode	WPNG_CST_Ecommerce_Purchase_Options	1642568528257	1642568528677	OK	 
REQUEST	grOnboardStudRegistrationPurchase	WPNG_CST_Section_Enroll_Student	1642568527471	1642568528717	OK	 
REQUEST	grOnboardStudRegistrationRegcode	WPNG_CST_Ecommerce_Burn_Reg_Code	1642568528348	1642568528740	OK	 
REQUEST	grOnboardStudRegistrationPurchase	WPNG_CST_Institution_Sections	1642568527862	1642568528803	OK	 
REQUEST	grOnboardStudRegistrationPurchase	WPNG_CST_Section_Enroll_Student	1642568527268	1642568528807	OK	 
REQUEST	grOnboardStudRegistrationRegcode	WPNG_CST_Ecommerce_Burn_Reg_Code	1642568528453	1642568528863	OK	 
REQUEST	grOnboardStudRegistrationRegcode	WPNG_CST_Ecommerce_Validate_Reg_Code	1642568528118	1642568528929	OK	 
REQUEST	grOnboardStudRegistrationPurchase	WPNG_CST_Ecommerce_Purchase_Options	1642568528498	1642568528941	OK	 
REQUEST	grOnboardStudRegistrationFreeTrial	WPNG_CST_Section_Enroll_Student	1642568527708	1642568528969	OK	 
REQUEST	grOnboardStudRegistrationFreeTrial	WPNG_CST_License_Free_Trial	1642568528127	1642568529078	OK	 
GROUP	grOnboardStudRegistrationFreeTrial	1642568512474	1642568529078	14061	OK
USER	Common Scenario	END	1642568529079
REQUEST	grOnboardStudRegistrationRegcode	WPNG_CST_Ecommerce_Validate_Reg_Code	1642568528678	1642568529084	OK	 
REQUEST	grOnboardStudRegistrationPurchase	WPNG_CST_Section_Enroll_Student	1642568527932	1642568529093	OK	 
REQUEST	grOnboardStudRegistrationPurchase	WPNG_CST_Ecommerce_Purchase_Options	1642568528718	1642568529143	OK	 
REQUEST	grOnboardStudRegistrationPurchase	WPNG_CST_Ecommerce_Launch_Cart	1642568528942	1642568529172	KO	jsonPath($.message).find.exists, found nothing
GROUP	grOnboardStudRegistrationPurchase	1642568512393	1642568529172	14429	KO
USER	Common Scenario	END	1642568529173
REQUEST	grOnboardStudRegistrationRegcode	WPNG_CST_Ecommerce_Burn_Reg_Code	1642568528417	1642568529205	OK	 
REQUEST	grOnboardStudRegistrationRegcode	WPNG_CST_Ecommerce_Purchase_Options	1642568528428	1642568529217	OK	 
GROUP	grOnboardStudRegistrationRegcode	1642568512393	1642568529217	14183	OK
USER	Common Scenario	END	1642568529218
REQUEST	grOnboardStudRegistrationPurchase	WPNG_CST_Ecommerce_Purchase_Options	1642568528807	1642568529237	OK	 
REQUEST	grOnboardStudRegistrationRegcode	WPNG_CST_Ecommerce_Purchase_Options	1642568528863	1642568529270	KO	status.find.is(200), but actually found 400
GROUP	grOnboardStudRegistrationRegcode	1642568512390	1642568529270	14296	KO
USER	Common Scenario	END	1642568529271
REQUEST	grOnboardStudRegistrationPurchase	WPNG_CST_Ecommerce_Launch_Cart	1642568529144	1642568529340	KO	jsonPath($.message).find.exists, found nothing
GROUP	grOnboardStudRegistrationPurchase	1642568512393	1642568529341	14633	KO
USER	Common Scenario	END	1642568529341
REQUEST	grOnboardStudRegistrationRegcode	WPNG_CST_Ecommerce_Burn_Reg_Code	1642568528930	1642568529362	OK	 
REQUEST	grOnboardStudRegistrationPurchase	WPNG_CST_Ecommerce_Launch_Cart	1642568529239	1642568529430	KO	jsonPath($.message).find.exists, found nothing
GROUP	grOnboardStudRegistrationPurchase	1642568512510	1642568529430	14461	KO
USER	Common Scenario	END	1642568529431
REQUEST	grOnboardStudRegistrationRegcode	WPNG_CST_Ecommerce_Purchase_Options	1642568528740	1642568529531	OK	 
GROUP	grOnboardStudRegistrationRegcode	1642568512390	1642568529532	14532	OK
USER	Common Scenario	END	1642568529532
REQUEST	grOnboardStudRegistrationRegcode	WPNG_CST_Ecommerce_Purchase_Options	1642568529205	1642568529634	OK	 
GROUP	grOnboardStudRegistrationRegcode	1642568512392	1642568529635	14805	OK
USER	Common Scenario	END	1642568529649
REQUEST	grOnboardStudRegistrationRegcode	WPNG_CST_Ecommerce_Purchase_Options	1642568529363	1642568529820	OK	 
GROUP	grOnboardStudRegistrationRegcode	1642568512470	1642568529820	15091	OK
USER	Common Scenario	END	1642568529821
REQUEST	grOnboardStudRegistrationRegcode	WPNG_CST_Ecommerce_Burn_Reg_Code	1642568529085	1642568529886	OK	 
REQUEST	grOnboardStudRegistrationPurchase	WPNG_CST_Ecommerce_Purchase_Options	1642568529093	1642568529906	OK	 
REQUEST	grOnboardStudRegistrationPurchase	WPNG_CST_Section_Enroll_Student	1642568528804	1642568530102	OK	 
REQUEST	grOnboardStudRegistrationPurchase	WPNG_CST_Ecommerce_Launch_Cart	1642568529909	1642568530102	KO	jsonPath($.message).find.exists, found nothing
GROUP	grOnboardStudRegistrationPurchase	1642568512510	1642568530102	15210	KO
USER	Common Scenario	END	1642568530103
REQUEST	grOnboardStudRegistrationFreeTrial	WPNG_CST_License_Free_Trial	1642568528969	1642568530216	OK	 
GROUP	grOnboardStudRegistrationFreeTrial	1642568512392	1642568530216	15620	OK
USER	Common Scenario	END	1642568530217
REQUEST	grOnboardStudRegistrationRegcode	WPNG_CST_Ecommerce_Purchase_Options	1642568529887	1642568530328	OK	 
GROUP	grOnboardStudRegistrationRegcode	1642568512485	1642568530329	15031	OK
USER	Common Scenario	END	1642568530329
REQUEST	grOnboardStudRegistrationPurchase	WPNG_CST_Ecommerce_Purchase_Options	1642568530102	1642568530510	KO	status.find.is(200), but actually found 400
ERROR	WPNG_CST_Ecommerce_Launch_Cart: Failed to build request: No attribute named 'instantAccessISBN' is defined 	1642568530514
GROUP	grOnboardStudRegistrationPurchase	1642568512393	1642568530524	15884	KO
USER	Common Scenario	END	1642568530525
