ASSERTION	AAEDAAECAwAAAAAAAIjDQA==
RUN	onboarding.obDebug	obdebug	1642596554666	 	3.6.1
USER	Common Scenario	START	1642596556514
USER	Common Scenario	START	1642596556515
USER	Common Scenario	START	1642596556514
USER	Common Scenario	START	1642596556514
USER	Common Scenario	START	1642596556515
USER	Common Scenario	START	1642596556514
USER	Common Scenario	START	1642596556514
USER	Common Scenario	START	1642596556514
USER	Common Scenario	START	1642596556514
REQUEST	grOB_StudRegFreeTrial	WPNG_CST_User_Check_Login	1642596556580	1642596558049	OK	 
REQUEST	grOB_StudRegFreeTrial	WPNG_CST_User_Check_Login	1642596556580	1642596557987	OK	 
REQUEST	grOB_StudRegRegcod	WPNG_CST_User_Check_Login	1642596556580	1642596557987	OK	 
REQUEST	grOB_StudRegPurchase	WPNG_CST_User_Check_Login	1642596556581	1642596558192	OK	 
REQUEST	grOB_StudRegRegcod	WPNG_CST_User_Check_Login	1642596556580	1642596558217	OK	 
REQUEST	grOB_StudRegFreeTrial	WPNG_CST_User_Check_Login	1642596556580	1642596558361	OK	 
REQUEST	grOB_StudRegPurchase	WPNG_CST_User_Check_Login	1642596556580	1642596558362	OK	 
REQUEST	grOB_StudRegFreeTrial	WPNG_CST_User_Check_Login	1642596556580	1642596558364	OK	 
REQUEST	grOB_StudRegRegcod	WPNG_CST_User_Check_Login	1642596556581	1642596558452	OK	 
REQUEST	grOB_StudRegPurchase	WPNG_CST_Institution_Search	1642596558197	1642596558829	OK	 
REQUEST	grOB_StudRegPurchase	WPNG_CST_Institution_Search	1642596558364	1642596558943	OK	 
REQUEST	grOB_StudRegFreeTrial	WPNG_CST_Institution_Search	1642596558839	1642596559102	OK	 
REQUEST	grOB_StudRegRegcod	WPNG_CST_Institution_Search	1642596558510	1642596559119	OK	 
REQUEST	grOB_StudRegFreeTrial	WPNG_CST_Institution_Search	1642596558604	1642596559204	OK	 
REQUEST	grOB_StudRegFreeTrial	WPNG_CST_Institution_Search	1642596558681	1642596559270	OK	 
REQUEST	grOB_StudRegRegcod	WPNG_CST_Institution_Search	1642596558681	1642596559320	OK	 
REQUEST	grOB_StudRegRegcod	WPNG_CST_Institution_Search	1642596558792	1642596559391	OK	 
REQUEST	grOB_StudRegFreeTrial	WPNG_CST_Institution_Search	1642596558855	1642596559429	OK	 
REQUEST	grOB_StudRegPurchase	WPNG_CST_User_Create	1642596559355	1642596561269	OK	 
REQUEST	grOB_StudRegPurchase	WPNG_CST_User_Create	1642596559316	1642596561267	OK	 
REQUEST	grOB_StudRegRegcod	WPNG_CST_User_Create	1642596559543	1642596561267	OK	 
REQUEST	grOB_StudRegRegcod	WPNG_CST_User_Create	1642596559652	1642596561411	OK	 
REQUEST	grOB_StudRegFreeTrial	WPNG_CST_User_Create	1642596559761	1642596561490	OK	 
REQUEST	grOB_StudRegFreeTrial	WPNG_CST_User_Create	1642596559621	1642596561556	OK	 
REQUEST	grOB_StudRegFreeTrial	WPNG_CST_User_Create	1642596559825	1642596561627	OK	 
REQUEST	grOB_StudRegFreeTrial	WPNG_CST_User_Create	1642596559950	1642596561893	OK	 
REQUEST	grOB_StudRegRegcod	WPNG_CST_User_Create	1642596559936	1642596561898	OK	 
REQUEST	grOB_StudRegPurchase	WPNG_CST_User_Activate_Login	1642596564384	1642596564589	OK	 
REQUEST	grOB_StudRegFreeTrial	WPNG_CST_User_Activate_Login	1642596564384	1642596564935	OK	 
REQUEST	grOB_StudRegPurchase	WPNG_CST_User_Activate_Login	1642596564384	1642596564944	OK	 
REQUEST	grOB_StudRegRegcod	WPNG_CST_User_Activate_Login	1642596564384	1642596564956	OK	 
REQUEST	grOB_StudRegPurchase	WPNG_CST_User_Activate_Login Redirect 1	1642596564600	1642596564943	OK	 
REQUEST	grOB_StudRegFreeTrial	WPNG_CST_User_Activate_Login	1642596564384	1642596565014	OK	 
REQUEST	grOB_StudRegRegcod	WPNG_CST_User_Activate_Login	1642596564547	1642596565102	OK	 
REQUEST	grOB_StudRegFreeTrial	WPNG_CST_User_Activate_Login	1642596564547	1642596565136	OK	 
REQUEST	grOB_StudRegRegcod	WPNG_CST_User_Activate_Login	1642596564976	1642596565159	OK	 
REQUEST	grOB_StudRegPurchase	WPNG_CST_User_Activate_Login Redirect 1	1642596564945	1642596565277	OK	 
REQUEST	grOB_StudRegFreeTrial	WPNG_CST_User_Activate_Login Redirect 1	1642596564937	1642596565310	OK	 
REQUEST	grOB_StudRegFreeTrial	WPNG_CST_User_Activate_Login	1642596564763	1642596565313	OK	 
REQUEST	grOB_StudRegRegcod	WPNG_CST_User_Activate_Login Redirect 1	1642596564957	1642596565340	OK	 
REQUEST	grOB_StudRegFreeTrial	WPNG_CST_User_Activate_Login Redirect 1	1642596565015	1642596565362	OK	 
REQUEST	grOB_StudRegRegcod	WPNG_CST_User_Activate_Login Redirect 1	1642596565104	1642596565471	OK	 
REQUEST	grOB_StudRegFreeTrial	WPNG_CST_User_Activate_Login Redirect 1	1642596565137	1642596565476	OK	 
REQUEST	grOB_StudRegRegcod	WPNG_CST_User_Activate_Login Redirect 1	1642596565161	1642596565581	OK	 
REQUEST	grOB_StudRegFreeTrial	WPNG_CST_User_Activate_Login Redirect 1	1642596565315	1642596565687	OK	 
REQUEST	grOB_StudRegPurchase	WPNG_CST_User_Set_Password	1642596565496	1642596566359	OK	 
REQUEST	grOB_StudRegFreeTrial	WPNG_CST_User_Set_Password	1642596565759	1642596566578	OK	 
REQUEST	grOB_StudRegRegcod	WPNG_CST_User_Set_Password	1642596565728	1642596566600	OK	 
REQUEST	grOB_StudRegFreeTrial	WPNG_CST_User_Set_Password	1642596565759	1642596566611	OK	 
REQUEST	grOB_StudRegPurchase	WPNG_CST_User_Set_Password	1642596565934	1642596566782	OK	 
REQUEST	grOB_StudRegRegcod	WPNG_CST_User_Set_Password	1642596565980	1642596566858	OK	 
REQUEST	grOB_StudRegFreeTrial	WPNG_CST_User_Set_Password	1642596566104	1642596566939	OK	 
REQUEST	grOB_StudRegFreeTrial	WPNG_CST_User_Set_Password	1642596566104	1642596566960	OK	 
REQUEST	grOB_StudRegRegcod	WPNG_CST_User_Set_Password	1642596566151	1642596566992	OK	 
REQUEST	grOB_StudRegPurchase	WPNG_SSO_User_Login	1642596566974	1642596567187	OK	 
REQUEST	grOB_StudRegFreeTrial	WPNG_SSO_User_Login	1642596567538	1642596567762	OK	 
REQUEST	grOB_StudRegFreeTrial	WPNG_SSO_User_Login	1642596567193	1642596567766	OK	 
REQUEST	grOB_StudRegPurchase	WPNG_SSO_User_Login	1642596567129	1642596567766	OK	 
REQUEST	grOB_StudRegRegcod	WPNG_SSO_User_Login	1642596567208	1642596567807	OK	 
REQUEST	grOB_StudRegFreeTrial	WPNG_SSO_User_Login	1642596567286	1642596567888	OK	 
REQUEST	grOB_StudRegRegcod	WPNG_SSO_User_Login	1642596567303	1642596567913	OK	 
REQUEST	grOB_StudRegFreeTrial	WPNG_SSO_User_Login	1642596567382	1642596568037	OK	 
REQUEST	grOB_StudRegRegcod	WPNG_SSO_User_Login	1642596567538	1642596568156	OK	 
REQUEST	grOB_StudRegPurchase	WPNG_CST_User_Search_by_Login	1642596567709	1642596568275	OK	 
REQUEST	grOB_StudRegRegcod	WPNG_CST_User_Search_by_Login	1642596568146	1642596568715	OK	 
REQUEST	grOB_StudRegFreeTrial	WPNG_CST_User_Search_by_Login	1642596568207	1642596568757	OK	 
REQUEST	grOB_StudRegFreeTrial	WPNG_CST_User_Search_by_Login	1642596568566	1642596568771	OK	 
REQUEST	grOB_StudRegPurchase	WPNG_CST_User_Search_by_Login	1642596568115	1642596568782	OK	 
REQUEST	grOB_StudRegFreeTrial	WPNG_CST_User_Search_by_Login	1642596568285	1642596568844	OK	 
REQUEST	grOB_StudRegRegcod	WPNG_CST_User_Search_by_Login	1642596568704	1642596568872	OK	 
REQUEST	grOB_StudRegFreeTrial	WPNG_CST_User_Search_by_Login	1642596568378	1642596568962	OK	 
REQUEST	grOB_StudRegPurchase	WPNG_CST_Institution_Details	1642596568766	1642596568995	OK	 
REQUEST	grOB_StudRegRegcod	WPNG_CST_User_Search_by_Login	1642596568580	1642596569139	OK	 
REQUEST	grOB_StudRegFreeTrial	WPNG_CST_Institution_Details	1642596569280	1642596569479	OK	 
REQUEST	grOB_StudRegFreeTrial	WPNG_CST_Institution_Details	1642596569388	1642596569581	OK	 
REQUEST	grOB_StudRegFreeTrial	WPNG_CST_Institution_Details	1642596569139	1642596569728	OK	 
REQUEST	grOB_StudRegFreeTrial	WPNG_CST_Institution_Details	1642596569154	1642596569730	OK	 
REQUEST	grOB_StudRegRegcod	WPNG_CST_Institution_Details	1642596569232	1642596569788	OK	 
REQUEST	grOB_StudRegPurchase	WPNG_CST_Institution_Details	1642596569280	1642596569888	OK	 
REQUEST	grOB_StudRegRegcod	WPNG_CST_Institution_Details	1642596569372	1642596569955	OK	 
REQUEST	grOB_StudRegPurchase	WPNG_CST_User_Enrollments	1642596569497	1642596570083	OK	 
REQUEST	grOB_StudRegRegcod	WPNG_CST_Institution_Details	1642596569605	1642596570193	OK	 
REQUEST	grOB_StudRegFreeTrial	WPNG_CST_User_Enrollments	1642596570122	1642596570310	OK	 
REQUEST	grOB_StudRegRegcod	WPNG_CST_User_Enrollments	1642596570184	1642596570380	OK	 
REQUEST	grOB_StudRegFreeTrial	WPNG_CST_User_Enrollments	1642596570307	1642596570522	OK	 
REQUEST	grOB_StudRegFreeTrial	WPNG_CST_User_Enrollments	1642596570029	1642596570599	OK	 
REQUEST	grOB_StudRegFreeTrial	WPNG_CST_User_Enrollments	1642596570029	1642596570602	OK	 
REQUEST	grOB_StudRegRegcod	WPNG_CST_User_Enrollments	1642596570291	1642596570855	OK	 
REQUEST	grOB_StudRegPurchase	WPNG_CST_User_Enrollments	1642596570291	1642596570899	OK	 
REQUEST	grOB_StudRegRegcod	WPNG_CST_User_Enrollments	1642596570731	1642596570918	OK	 
REQUEST	grOB_StudRegFreeTrial	WPNG_CST_Institution_Sections	1642596570685	1642596571343	OK	 
REQUEST	grOB_StudRegRegcod	WPNG_CST_Institution_Sections	1642596570995	1642596571649	OK	 
REQUEST	grOB_StudRegPurchase	WPNG_CST_Institution_Sections	1642596570653	1642596572100	OK	 
REQUEST	grOB_StudRegFreeTrial	WPNG_CST_Institution_Sections	1642596571026	1642596572299	OK	 
REQUEST	grOB_StudRegFreeTrial	WPNG_CST_Institution_Sections	1642596571011	1642596572304	OK	 
REQUEST	grOB_StudRegRegcod	WPNG_CST_Institution_Sections	1642596571485	1642596572512	OK	 
REQUEST	grOB_StudRegRegcod	WPNG_CST_Institution_Sections	1642596571342	1642596572547	OK	 
REQUEST	grOB_StudRegFreeTrial	WPNG_CST_Institution_Sections	1642596570965	1642596572555	OK	 
REQUEST	grOB_StudRegPurchase	WPNG_CST_Institution_Sections	1642596571421	1642596572667	OK	 
REQUEST	grOB_StudRegFreeTrial	WPNG_CST_Section_Enroll_Student	1642596571955	1642596573480	OK	 
REQUEST	grOB_StudRegRegcod	WPNG_CST_Section_Enroll_Student	1642596572297	1642596573999	OK	 
REQUEST	grOB_StudRegFreeTrial	WPNG_CST_Section_Enroll_Student	1642596572749	1642596574389	OK	 
REQUEST	grOB_StudRegFreeTrial	WPNG_CST_Section_Enroll_Student	1642596573187	1642596574390	OK	 
REQUEST	grOB_StudRegRegcod	WPNG_CST_Section_Enroll_Student	1642596573187	1642596574408	OK	 
REQUEST	grOB_StudRegPurchase	WPNG_CST_Section_Enroll_Student	1642596572781	1642596574499	OK	 
REQUEST	grOB_StudRegFreeTrial	WPNG_CST_Section_Enroll_Student	1642596572859	1642596574530	OK	 
REQUEST	grOB_StudRegPurchase	WPNG_CST_Section_Enroll_Student	1642596573327	1642596574768	OK	 
REQUEST	grOB_StudRegRegcod	WPNG_CST_Section_Enroll_Student	1642596573249	1642596574966	OK	 
REQUEST	grOB_StudRegFreeTrial	WPNG_CST_License_Free_Trial	1642596574060	1642596575385	OK	 
REQUEST	grOB_StudRegRegcod	WPNG_CST_Ecommerce_Purchase_Options	1642596574670	1642596575627	OK	 
REQUEST	grOB_StudRegPurchase	WPNG_CST_Ecommerce_Purchase_Options	1642596575183	1642596575673	OK	 
GROUP	grOB_StudRegFreeTrial	1642596556528	1642596575760	10739	OK
REQUEST	grOB_StudRegRegcod	WPNG_CST_Ecommerce_Purchase_Options	1642596574901	1642596575761	OK	 
USER	Common Scenario	END	1642596575767
REQUEST	grOB_StudRegFreeTrial	WPNG_CST_License_Free_Trial	1642596574965	1642596575856	OK	 
REQUEST	grOB_StudRegPurchase	WPNG_CST_Ecommerce_Purchase_Options	1642596575262	1642596576049	OK	 
REQUEST	grOB_StudRegRegcod	WPNG_CST_Ecommerce_Purchase_Options	1642596575293	1642596576105	KO	status.find.is(200), but actually found 400
REQUEST	grOB_StudRegFreeTrial	WPNG_CST_License_Free_Trial	1642596574700	1642596576229	OK	 
GROUP	grOB_StudRegFreeTrial	1642596556527	1642596576322	11176	OK
USER	Common Scenario	END	1642596576324
REQUEST	grOB_StudRegFreeTrial	WPNG_CST_License_Free_Trial	1642596575152	1642596576506	OK	 
GROUP	grOB_StudRegFreeTrial	1642596556527	1642596576555	11673	OK
USER	Common Scenario	END	1642596576556
REQUEST	grOB_StudRegPurchase	WPNG_CST_Ecommerce_Launch_Cart	1642596576058	1642596576678	OK	 
REQUEST	grOB_StudRegPurchase	WPNG_CST_Ecommerce_Launch_Cart	1642596576447	1642596577067	OK	 
REQUEST	grOB_StudRegRegcod	WPNG_CST_Ecommerce_Validate_Reg_Code	1642596576260	1642596577115	OK	 
GROUP	grOB_StudRegFreeTrial	1642596556527	1642596577118	12408	OK
REQUEST	grOB_StudRegRegcod	WPNG_CST_Ecommerce_Validate_Reg_Code	1642596576324	1642596577118	OK	 
USER	Common Scenario	END	1642596577119
GROUP	grOB_StudRegPurchase	1642596556527	1642596577134	11592	OK
USER	Common Scenario	END	1642596577136
REQUEST	grOB_StudRegRegcod	WPNG_CST_Ecommerce_Validate_Reg_Code	1642596576807	1642596577556	OK	 
GROUP	grOB_StudRegPurchase	1642596556527	1642596577616	12511	OK
USER	Common Scenario	END	1642596577617
REQUEST	grOB_StudRegRegcod	WPNG_CST_Ecommerce_Burn_Reg_Code	1642596577540	1642596578307	OK	 
REQUEST	grOB_StudRegRegcod	WPNG_CST_Ecommerce_Burn_Reg_Code	1642596577540	1642596578340	OK	 
REQUEST	grOB_StudRegRegcod	WPNG_CST_Ecommerce_Burn_Reg_Code	1642596578212	1642596578616	OK	 
REQUEST	grOB_StudRegRegcod	WPNG_CST_Ecommerce_Purchase_Options	1642596578681	1642596579473	OK	 
REQUEST	grOB_StudRegRegcod	WPNG_CST_Ecommerce_Purchase_Options	1642596578901	1642596579676	OK	 
REQUEST	grOB_StudRegRegcod	WPNG_CST_Ecommerce_Purchase_Options	1642596579010	1642596579800	KO	status.find.is(200), but actually found 400
GROUP	grOB_StudRegRegcod	1642596556527	1642596579976	13364	OK
USER	Common Scenario	END	1642596579977
GROUP	grOB_StudRegRegcod	1642596556528	1642596580383	13431	OK
USER	Common Scenario	END	1642596580384
GROUP	grOB_StudRegRegcod	1642596556527	1642596580506	13161	KO
USER	Common Scenario	END	1642596580508
