ASSERTION	AAEDAAECAwAAAAAAAIjDQA==
RUN	onboarding.obDebug	obdebug	1642571316980	 	3.6.1
USER	Common Scenario	START	1642571318912
USER	Common Scenario	START	1642571318912
USER	Common Scenario	START	1642571318911
USER	Common Scenario	START	1642571318911
USER	Common Scenario	START	1642571318911
USER	Common Scenario	START	1642571318911
USER	Common Scenario	START	1642571318911
USER	Common Scenario	START	1642571318911
USER	Common Scenario	START	1642571318911
USER	Common Scenario	START	1642571318911
USER	Common Scenario	START	1642571318911
USER	Common Scenario	START	1642571318912
REQUEST	grOnboardStudRegistrationFreeTrial	WPNG_CST_User_Check_Login	1642571318982	1642571320395	OK	 
REQUEST	grOnboardStudRegistrationPurchase	WPNG_CST_User_Check_Login	1642571318981	1642571320409	OK	 
REQUEST	grOnboardStudRegistrationRegcode	WPNG_CST_User_Check_Login	1642571318981	1642571320354	OK	 
REQUEST	grOnboardStudRegistrationPurchase	WPNG_CST_User_Check_Login	1642571318981	1642571320395	OK	 
REQUEST	grOnboardStudRegistrationFreeTrial	WPNG_CST_User_Check_Login	1642571318982	1642571320438	OK	 
REQUEST	grOnboardStudRegistrationPurchase	WPNG_CST_User_Check_Login	1642571318981	1642571320444	OK	 
REQUEST	grOnboardStudRegistrationPurchase	WPNG_CST_User_Check_Login	1642571318981	1642571320448	OK	 
REQUEST	grOnboardStudRegistrationRegcode	WPNG_CST_User_Check_Login	1642571318981	1642571320452	OK	 
REQUEST	grOnboardStudRegistrationRegcode	WPNG_CST_User_Check_Login	1642571318981	1642571320464	OK	 
REQUEST	grOnboardStudRegistrationPurchase	WPNG_CST_User_Check_Login	1642571318981	1642571320468	OK	 
REQUEST	grOnboardStudRegistrationRegcode	WPNG_CST_User_Check_Login	1642571318981	1642571320472	OK	 
REQUEST	grOnboardStudRegistrationPurchase	WPNG_CST_User_Check_Login	1642571318981	1642571320503	OK	 
REQUEST	grOnboardStudRegistrationPurchase	WPNG_CST_Institution_Search	1642571320445	1642571320691	OK	 
REQUEST	grOnboardStudRegistrationPurchase	WPNG_CST_Institution_Search	1642571320432	1642571321011	OK	 
REQUEST	grOnboardStudRegistrationPurchase	WPNG_CST_Institution_Search	1642571320448	1642571321022	OK	 
REQUEST	grOnboardStudRegistrationPurchase	WPNG_CST_Institution_Search	1642571320470	1642571321061	OK	 
REQUEST	grOnboardStudRegistrationPurchase	WPNG_CST_Institution_Search	1642571320505	1642571321081	OK	 
REQUEST	grOnboardStudRegistrationPurchase	WPNG_CST_Institution_Search	1642571320432	1642571321139	OK	 
REQUEST	grOnboardStudRegistrationFreeTrial	WPNG_CST_Institution_Search	1642571320944	1642571321564	OK	 
REQUEST	grOnboardStudRegistrationRegcode	WPNG_CST_Institution_Search	1642571320944	1642571321573	OK	 
REQUEST	grOnboardStudRegistrationRegcode	WPNG_CST_Institution_Search	1642571320991	1642571321573	OK	 
REQUEST	grOnboardStudRegistrationRegcode	WPNG_CST_Institution_Search	1642571320959	1642571321579	OK	 
REQUEST	grOnboardStudRegistrationFreeTrial	WPNG_CST_Institution_Search	1642571320944	1642571321580	OK	 
REQUEST	grOnboardStudRegistrationRegcode	WPNG_CST_Institution_Search	1642571320975	1642571321580	OK	 
REQUEST	grOnboardStudRegistrationPurchase	WPNG_CST_User_Create	1642571321213	1642571323047	OK	 
REQUEST	grOnboardStudRegistrationPurchase	WPNG_CST_User_Create	1642571321561	1642571323042	OK	 
REQUEST	grOnboardStudRegistrationPurchase	WPNG_CST_User_Create	1642571321587	1642571323189	OK	 
REQUEST	grOnboardStudRegistrationPurchase	WPNG_CST_User_Create	1642571321570	1642571323284	OK	 
REQUEST	grOnboardStudRegistrationRegcode	WPNG_CST_User_Create	1642571322086	1642571323364	OK	 
REQUEST	grOnboardStudRegistrationPurchase	WPNG_CST_User_Create	1642571321648	1642571323384	OK	 
REQUEST	grOnboardStudRegistrationPurchase	WPNG_CST_User_Create	1642571321562	1642571323434	OK	 
REQUEST	grOnboardStudRegistrationRegcode	WPNG_CST_User_Create	1642571322086	1642571323659	OK	 
REQUEST	grOnboardStudRegistrationFreeTrial	WPNG_CST_User_Create	1642571322086	1642571323666	OK	 
REQUEST	grOnboardStudRegistrationFreeTrial	WPNG_CST_User_Create	1642571322070	1642571323670	OK	 
REQUEST	grOnboardStudRegistrationRegcode	WPNG_CST_User_Create	1642571322086	1642571323673	OK	 
REQUEST	grOnboardStudRegistrationRegcode	WPNG_CST_User_Create	1642571322086	1642571323851	OK	 
REQUEST	grOnboardStudRegistrationPurchase	WPNG_CST_User_Activate_Login	1642571326368	1642571326555	OK	 
REQUEST	grOnboardStudRegistrationPurchase	WPNG_CST_User_Activate_Login	1642571326319	1642571326887	OK	 
REQUEST	grOnboardStudRegistrationPurchase	WPNG_CST_User_Activate_Login	1642571326319	1642571326891	OK	 
REQUEST	grOnboardStudRegistrationRegcode	WPNG_CST_User_Activate_Login	1642571326319	1642571326891	OK	 
REQUEST	grOnboardStudRegistrationPurchase	WPNG_CST_User_Activate_Login	1642571326319	1642571326891	OK	 
REQUEST	grOnboardStudRegistrationPurchase	WPNG_CST_User_Activate_Login	1642571326319	1642571326905	OK	 
REQUEST	grOnboardStudRegistrationPurchase	WPNG_CST_User_Activate_Login Redirect 1	1642571326558	1642571326915	OK	 
REQUEST	grOnboardStudRegistrationRegcode	WPNG_CST_User_Activate_Login	1642571326371	1642571326921	OK	 
REQUEST	grOnboardStudRegistrationFreeTrial	WPNG_CST_User_Activate_Login	1642571326375	1642571326937	OK	 
REQUEST	grOnboardStudRegistrationRegcode	WPNG_CST_User_Activate_Login	1642571326371	1642571326959	OK	 
REQUEST	grOnboardStudRegistrationFreeTrial	WPNG_CST_User_Activate_Login	1642571326381	1642571326962	OK	 
REQUEST	grOnboardStudRegistrationPurchase	WPNG_CST_User_Activate_Login	1642571326368	1642571326964	OK	 
REQUEST	grOnboardStudRegistrationRegcode	WPNG_CST_User_Activate_Login	1642571326602	1642571327191	OK	 
REQUEST	grOnboardStudRegistrationPurchase	WPNG_CST_User_Activate_Login Redirect 1	1642571326892	1642571327229	OK	 
REQUEST	grOnboardStudRegistrationPurchase	WPNG_CST_User_Activate_Login Redirect 1	1642571326888	1642571327230	OK	 
REQUEST	grOnboardStudRegistrationRegcode	WPNG_CST_User_Activate_Login Redirect 1	1642571326892	1642571327242	OK	 
REQUEST	grOnboardStudRegistrationPurchase	WPNG_CST_User_Activate_Login Redirect 1	1642571326892	1642571327244	OK	 
REQUEST	grOnboardStudRegistrationPurchase	WPNG_CST_User_Activate_Login Redirect 1	1642571326906	1642571327253	OK	 
REQUEST	grOnboardStudRegistrationFreeTrial	WPNG_CST_User_Activate_Login Redirect 1	1642571326938	1642571327293	OK	 
REQUEST	grOnboardStudRegistrationRegcode	WPNG_CST_User_Activate_Login Redirect 1	1642571326959	1642571327314	OK	 
REQUEST	grOnboardStudRegistrationFreeTrial	WPNG_CST_User_Activate_Login Redirect 1	1642571326962	1642571327315	OK	 
REQUEST	grOnboardStudRegistrationPurchase	WPNG_CST_User_Activate_Login Redirect 1	1642571326964	1642571327326	OK	 
REQUEST	grOnboardStudRegistrationRegcode	WPNG_CST_User_Activate_Login Redirect 1	1642571327192	1642571327522	OK	 
REQUEST	grOnboardStudRegistrationRegcode	WPNG_CST_User_Activate_Login Redirect 1	1642571326922	1642571327654	OK	 
REQUEST	grOnboardStudRegistrationRegcode	WPNG_CST_User_Set_Password	1642571327830	1642571328274	OK	 
REQUEST	grOnboardStudRegistrationPurchase	WPNG_CST_User_Set_Password	1642571327423	1642571328284	OK	 
REQUEST	grOnboardStudRegistrationPurchase	WPNG_CST_User_Set_Password	1642571327752	1642571328587	OK	 
REQUEST	grOnboardStudRegistrationPurchase	WPNG_CST_User_Set_Password	1642571327768	1642571328588	OK	 
REQUEST	grOnboardStudRegistrationFreeTrial	WPNG_CST_User_Set_Password	1642571327830	1642571328603	OK	 
REQUEST	grOnboardStudRegistrationFreeTrial	WPNG_CST_User_Set_Password	1642571327799	1642571328613	OK	 
REQUEST	grOnboardStudRegistrationRegcode	WPNG_CST_User_Set_Password	1642571328157	1642571328624	OK	 
REQUEST	grOnboardStudRegistrationPurchase	WPNG_CST_User_Set_Password	1642571327736	1642571328646	OK	 
REQUEST	grOnboardStudRegistrationRegcode	WPNG_CST_User_Set_Password	1642571327752	1642571328661	OK	 
REQUEST	grOnboardStudRegistrationPurchase	WPNG_CST_User_Set_Password	1642571327736	1642571328665	OK	 
REQUEST	grOnboardStudRegistrationPurchase	WPNG_CST_User_Set_Password	1642571327830	1642571328698	OK	 
REQUEST	grOnboardStudRegistrationRegcode	WPNG_CST_User_Set_Password	1642571328033	1642571328850	OK	 
REQUEST	grOnboardStudRegistrationPurchase	WPNG_SSO_User_Login	1642571328794	1642571329016	OK	 
REQUEST	grOnboardStudRegistrationPurchase	WPNG_SSO_User_Login	1642571329104	1642571329318	OK	 
REQUEST	grOnboardStudRegistrationPurchase	WPNG_SSO_User_Login	1642571329150	1642571329358	OK	 
REQUEST	grOnboardStudRegistrationRegcode	WPNG_SSO_User_Login	1642571328779	1642571329402	OK	 
REQUEST	grOnboardStudRegistrationPurchase	WPNG_SSO_User_Login	1642571329180	1642571329431	OK	 
REQUEST	grOnboardStudRegistrationRegcode	WPNG_SSO_User_Login	1642571329135	1642571329710	OK	 
REQUEST	grOnboardStudRegistrationFreeTrial	WPNG_SSO_User_Login	1642571329119	1642571329719	OK	 
REQUEST	grOnboardStudRegistrationPurchase	WPNG_CST_User_Search_by_Login	1642571329527	1642571329719	OK	 
REQUEST	grOnboardStudRegistrationPurchase	WPNG_SSO_User_Login	1642571329104	1642571329743	OK	 
REQUEST	grOnboardStudRegistrationFreeTrial	WPNG_SSO_User_Login	1642571329119	1642571329758	OK	 
REQUEST	grOnboardStudRegistrationRegcode	WPNG_SSO_User_Login	1642571329166	1642571329781	OK	 
REQUEST	grOnboardStudRegistrationPurchase	WPNG_SSO_User_Login	1642571329213	1642571329844	OK	 
REQUEST	grOnboardStudRegistrationRegcode	WPNG_SSO_User_Login	1642571329355	1642571330000	OK	 
REQUEST	grOnboardStudRegistrationPurchase	WPNG_CST_User_Search_by_Login	1642571329821	1642571330013	OK	 
REQUEST	grOnboardStudRegistrationPurchase	WPNG_CST_User_Search_by_Login	1642571329869	1642571330049	OK	 
REQUEST	grOnboardStudRegistrationRegcode	WPNG_CST_User_Search_by_Login	1642571329915	1642571330104	OK	 
REQUEST	grOnboardStudRegistrationPurchase	WPNG_CST_User_Search_by_Login	1642571329948	1642571330143	OK	 
REQUEST	grOnboardStudRegistrationFreeTrial	WPNG_CST_User_Search_by_Login	1642571330227	1642571330415	OK	 
REQUEST	grOnboardStudRegistrationPurchase	WPNG_CST_Institution_Details	1642571330227	1642571330423	OK	 
REQUEST	grOnboardStudRegistrationRegcode	WPNG_CST_User_Search_by_Login	1642571330509	1642571330703	OK	 
REQUEST	grOnboardStudRegistrationRegcode	WPNG_CST_User_Search_by_Login	1642571330227	1642571330803	OK	 
REQUEST	grOnboardStudRegistrationPurchase	WPNG_CST_User_Search_by_Login	1642571330257	1642571330848	OK	 
REQUEST	grOnboardStudRegistrationFreeTrial	WPNG_CST_User_Search_by_Login	1642571330273	1642571330850	OK	 
REQUEST	grOnboardStudRegistrationRegcode	WPNG_CST_User_Search_by_Login	1642571330289	1642571330865	OK	 
REQUEST	grOnboardStudRegistrationPurchase	WPNG_CST_User_Search_by_Login	1642571330353	1642571330919	OK	 
REQUEST	grOnboardStudRegistrationPurchase	WPNG_CST_Institution_Details	1642571330525	1642571331096	OK	 
REQUEST	grOnboardStudRegistrationPurchase	WPNG_CST_Institution_Details	1642571330556	1642571331108	OK	 
REQUEST	grOnboardStudRegistrationPurchase	WPNG_CST_User_Enrollments	1642571330933	1642571331136	OK	 
REQUEST	grOnboardStudRegistrationRegcode	WPNG_CST_Institution_Details	1642571330619	1642571331177	OK	 
REQUEST	grOnboardStudRegistrationPurchase	WPNG_CST_Institution_Details	1642571330650	1642571331213	OK	 
REQUEST	grOnboardStudRegistrationFreeTrial	WPNG_CST_Institution_Details	1642571330933	1642571331495	OK	 
REQUEST	grOnboardStudRegistrationPurchase	WPNG_CST_Institution_Details	1642571331433	1642571331654	OK	 
REQUEST	grOnboardStudRegistrationRegcode	WPNG_CST_Institution_Details	1642571331213	1642571331779	OK	 
REQUEST	grOnboardStudRegistrationPurchase	WPNG_CST_User_Enrollments	1642571331620	1642571331814	OK	 
REQUEST	grOnboardStudRegistrationRegcode	WPNG_CST_Institution_Details	1642571331310	1642571331898	OK	 
REQUEST	grOnboardStudRegistrationPurchase	WPNG_CST_Institution_Details	1642571331356	1642571331929	OK	 
REQUEST	grOnboardStudRegistrationFreeTrial	WPNG_CST_Institution_Details	1642571331356	1642571331929	OK	 
REQUEST	grOnboardStudRegistrationRegcode	WPNG_CST_Institution_Details	1642571331372	1642571331941	OK	 
REQUEST	grOnboardStudRegistrationPurchase	WPNG_CST_User_Enrollments	1642571331605	1642571332240	OK	 
REQUEST	grOnboardStudRegistrationPurchase	WPNG_CST_User_Enrollments	1642571331726	1642571332300	OK	 
REQUEST	grOnboardStudRegistrationRegcode	WPNG_CST_User_Enrollments	1642571331695	1642571332309	OK	 
REQUEST	grOnboardStudRegistrationRegcode	WPNG_CST_User_Enrollments	1642571332288	1642571332484	OK	 
REQUEST	grOnboardStudRegistrationRegcode	WPNG_CST_User_Enrollments	1642571332411	1642571332588	OK	 
REQUEST	grOnboardStudRegistrationFreeTrial	WPNG_CST_User_Enrollments	1642571332008	1642571332608	OK	 
REQUEST	grOnboardStudRegistrationPurchase	WPNG_CST_User_Enrollments	1642571332442	1642571332640	OK	 
REQUEST	grOnboardStudRegistrationFreeTrial	WPNG_CST_User_Enrollments	1642571332442	1642571332642	OK	 
REQUEST	grOnboardStudRegistrationPurchase	WPNG_CST_User_Enrollments	1642571332164	1642571332750	OK	 
REQUEST	grOnboardStudRegistrationRegcode	WPNG_CST_User_Enrollments	1642571332458	1642571333035	OK	 
REQUEST	grOnboardStudRegistrationPurchase	WPNG_CST_Institution_Sections	1642571332319	1642571333266	OK	 
REQUEST	grOnboardStudRegistrationPurchase	WPNG_CST_Institution_Sections	1642571331649	1642571333346	OK	 
REQUEST	grOnboardStudRegistrationPurchase	WPNG_CST_Institution_Sections	1642571332755	1642571333402	OK	 
REQUEST	grOnboardStudRegistrationPurchase	WPNG_CST_Institution_Sections	1642571333145	1642571333418	OK	 
REQUEST	grOnboardStudRegistrationPurchase	WPNG_CST_Institution_Sections	1642571332818	1642571333462	OK	 
REQUEST	grOnboardStudRegistrationRegcode	WPNG_CST_Institution_Sections	1642571332818	1642571333849	OK	 
REQUEST	grOnboardStudRegistrationRegcode	WPNG_CST_Institution_Sections	1642571332990	1642571334192	OK	 
REQUEST	grOnboardStudRegistrationFreeTrial	WPNG_CST_Institution_Sections	1642571333114	1642571334214	OK	 
REQUEST	grOnboardStudRegistrationPurchase	WPNG_CST_Institution_Sections	1642571333257	1642571334215	OK	 
REQUEST	grOnboardStudRegistrationFreeTrial	WPNG_CST_Institution_Sections	1642571333144	1642571334535	OK	 
REQUEST	grOnboardStudRegistrationRegcode	WPNG_CST_Institution_Sections	1642571333099	1642571334538	OK	 
REQUEST	grOnboardStudRegistrationRegcode	WPNG_CST_Institution_Sections	1642571333553	1642571334833	OK	 
REQUEST	grOnboardStudRegistrationPurchase	WPNG_CST_Section_Enroll_Student	1642571333914	1642571335303	OK	 
REQUEST	grOnboardStudRegistrationPurchase	WPNG_CST_Section_Enroll_Student	1642571333773	1642571335306	OK	 
REQUEST	grOnboardStudRegistrationPurchase	WPNG_CST_Section_Enroll_Student	1642571333850	1642571335310	OK	 
REQUEST	grOnboardStudRegistrationPurchase	WPNG_CST_Section_Enroll_Student	1642571333929	1642571335311	OK	 
REQUEST	grOnboardStudRegistrationPurchase	WPNG_CST_Section_Enroll_Student	1642571333974	1642571335699	OK	 
REQUEST	grOnboardStudRegistrationRegcode	WPNG_CST_Section_Enroll_Student	1642571334364	1642571335784	OK	 
REQUEST	grOnboardStudRegistrationRegcode	WPNG_CST_Section_Enroll_Student	1642571334706	1642571335978	OK	 
REQUEST	grOnboardStudRegistrationPurchase	WPNG_CST_Ecommerce_Purchase_Options	1642571335816	1642571336200	OK	 
REQUEST	grOnboardStudRegistrationPurchase	WPNG_CST_Ecommerce_Purchase_Options	1642571335816	1642571336211	OK	 
REQUEST	grOnboardStudRegistrationFreeTrial	WPNG_CST_Section_Enroll_Student	1642571334720	1642571336270	OK	 
REQUEST	grOnboardStudRegistrationPurchase	WPNG_CST_Section_Enroll_Student	1642571334720	1642571336270	OK	 
REQUEST	grOnboardStudRegistrationPurchase	WPNG_CST_Ecommerce_Purchase_Options	1642571336208	1642571336490	OK	 
REQUEST	grOnboardStudRegistrationPurchase	WPNG_CST_Ecommerce_Purchase_Options	1642571335816	1642571336549	OK	 
REQUEST	grOnboardStudRegistrationRegcode	WPNG_CST_Section_Enroll_Student	1642571335347	1642571336560	OK	 
REQUEST	grOnboardStudRegistrationRegcode	WPNG_CST_Section_Enroll_Student	1642571335050	1642571336560	OK	 
REQUEST	grOnboardStudRegistrationPurchase	WPNG_CST_Ecommerce_Purchase_Options	1642571335816	1642571336560	OK	 
REQUEST	grOnboardStudRegistrationFreeTrial	WPNG_CST_Section_Enroll_Student	1642571335050	1642571336666	OK	 
REQUEST	grOnboardStudRegistrationRegcode	WPNG_CST_Ecommerce_Purchase_Options	1642571336488	1642571336783	OK	 
REQUEST	grOnboardStudRegistrationPurchase	WPNG_CST_Ecommerce_Launch_Cart	1642571336722	1642571336925	KO	jsonPath($.message).find.exists, found nothing
REQUEST	grOnboardStudRegistrationRegcode	WPNG_CST_Ecommerce_Purchase_Options	1642571336300	1642571336961	OK	 
REQUEST	grOnboardStudRegistrationPurchase	WPNG_CST_Ecommerce_Purchase_Options	1642571336783	1642571337080	OK	 
REQUEST	grOnboardStudRegistrationPurchase	WPNG_CST_Ecommerce_Launch_Cart	1642571337063	1642571337264	KO	jsonPath($.message).find.exists, found nothing
REQUEST	grOnboardStudRegistrationPurchase	WPNG_CST_Ecommerce_Launch_Cart	1642571336722	1642571337320	KO	jsonPath($.message).find.exists, found nothing
REQUEST	grOnboardStudRegistrationRegcode	WPNG_CST_Ecommerce_Purchase_Options	1642571337063	1642571337336	OK	 
REQUEST	grOnboardStudRegistrationRegcode	WPNG_CST_Ecommerce_Purchase_Options	1642571337063	1642571337360	OK	 
GROUP	grOnboardStudRegistrationPurchase	1642571318926	1642571337436	9812	KO
USER	Common Scenario	END	1642571337442
REQUEST	grOnboardStudRegistrationRegcode	WPNG_CST_Ecommerce_Validate_Reg_Code	1642571337299	1642571337588	OK	 
REQUEST	grOnboardStudRegistrationPurchase	WPNG_CST_Ecommerce_Launch_Cart	1642571337000	1642571337594	KO	jsonPath($.message).find.exists, found nothing
REQUEST	grOnboardStudRegistrationPurchase	WPNG_CST_Ecommerce_Launch_Cart	1642571337063	1642571337668	KO	jsonPath($.message).find.exists, found nothing
GROUP	grOnboardStudRegistrationPurchase	1642571318927	1642571337781	10191	KO
USER	Common Scenario	END	1642571337783
REQUEST	grOnboardStudRegistrationPurchase	WPNG_CST_Ecommerce_Launch_Cart	1642571337593	1642571337796	KO	jsonPath($.message).find.exists, found nothing
GROUP	grOnboardStudRegistrationPurchase	1642571318926	1642571337829	10102	KO
USER	Common Scenario	END	1642571337831
GROUP	grOnboardStudRegistrationPurchase	1642571318926	1642571338111	10210	KO
USER	Common Scenario	END	1642571338113
REQUEST	grOnboardStudRegistrationRegcode	WPNG_CST_Ecommerce_Validate_Reg_Code	1642571337847	1642571338125	OK	 
REQUEST	grOnboardStudRegistrationRegcode	WPNG_CST_Ecommerce_Validate_Reg_Code	1642571337467	1642571338162	OK	 
GROUP	grOnboardStudRegistrationPurchase	1642571318926	1642571338172	10267	KO
USER	Common Scenario	END	1642571338174
GROUP	grOnboardStudRegistrationPurchase	1642571318926	1642571338313	10703	KO
USER	Common Scenario	END	1642571338316
REQUEST	grOnboardStudRegistrationRegcode	WPNG_CST_Ecommerce_Burn_Reg_Code	1642571338096	1642571338374	OK	 
REQUEST	grOnboardStudRegistrationRegcode	WPNG_CST_Ecommerce_Validate_Reg_Code	1642571337879	1642571338530	OK	 
REQUEST	grOnboardStudRegistrationFreeTrial	WPNG_CST_License_Free_Trial	1642571336783	1642571338567	OK	 
REQUEST	grOnboardStudRegistrationFreeTrial	WPNG_CST_License_Free_Trial	1642571337173	1642571338572	OK	 
REQUEST	grOnboardStudRegistrationRegcode	WPNG_CST_Ecommerce_Burn_Reg_Code	1642571338639	1642571338905	OK	 
GROUP	grOnboardStudRegistrationFreeTrial	1642571318926	1642571339077	11774	OK
GROUP	grOnboardStudRegistrationFreeTrial	1642571318928	1642571339077	11748	OK
USER	Common Scenario	END	1642571339078
USER	Common Scenario	END	1642571339078
REQUEST	grOnboardStudRegistrationRegcode	WPNG_CST_Ecommerce_Purchase_Options	1642571338890	1642571339192	OK	 
REQUEST	grOnboardStudRegistrationRegcode	WPNG_CST_Ecommerce_Burn_Reg_Code	1642571338672	1642571339322	OK	 
GROUP	grOnboardStudRegistrationRegcode	1642571318926	1642571339700	10742	OK
USER	Common Scenario	END	1642571339703
REQUEST	grOnboardStudRegistrationRegcode	WPNG_CST_Ecommerce_Burn_Reg_Code	1642571339045	1642571339740	OK	 
REQUEST	grOnboardStudRegistrationRegcode	WPNG_CST_Ecommerce_Purchase_Options	1642571339421	1642571340078	OK	 
REQUEST	grOnboardStudRegistrationRegcode	WPNG_CST_Ecommerce_Purchase_Options	1642571339827	1642571340109	OK	 
GROUP	grOnboardStudRegistrationRegcode	1642571318928	1642571340590	11752	OK
USER	Common Scenario	END	1642571340593
GROUP	grOnboardStudRegistrationRegcode	1642571318928	1642571340621	11770	OK
USER	Common Scenario	END	1642571340622
REQUEST	grOnboardStudRegistrationRegcode	WPNG_CST_Ecommerce_Purchase_Options	1642571340249	1642571341006	OK	 
GROUP	grOnboardStudRegistrationRegcode	1642571318926	1642571341512	12427	OK
USER	Common Scenario	END	1642571341514
