ASSERTION	AAEDAAECAwAAAAAAAIjDQA==
RUN	onboarding.obDebug	obdebug	1642574928890	 	3.6.1
USER	Common Scenario	START	1642574930717
USER	Common Scenario	START	1642574930717
USER	Common Scenario	START	1642574930717
REQUEST	grOB_StudRegPurchase	WPNG_CST_User_Check_Login	1642574930766	1642574932065	OK	 
REQUEST	grOB_StudRegFreeTrial	WPNG_CST_User_Check_Login	1642574930766	1642574932135	OK	 
REQUEST	grOB_StudRegPurchase	WPNG_CST_User_Check_Login	1642574930766	1642574932156	OK	 
REQUEST	grOB_StudRegPurchase	WPNG_CST_Institution_Search	1642574932138	1642574932706	OK	 
REQUEST	grOB_StudRegPurchase	WPNG_CST_Institution_Search	1642574932158	1642574932741	OK	 
REQUEST	grOB_StudRegFreeTrial	WPNG_CST_Institution_Search	1642574932651	1642574932871	OK	 
REQUEST	grOB_StudRegPurchase	WPNG_CST_User_Create	1642574933229	1642574935058	OK	 
REQUEST	grOB_StudRegPurchase	WPNG_CST_User_Create	1642574933246	1642574935356	OK	 
REQUEST	grOB_StudRegFreeTrial	WPNG_CST_User_Create	1642574933387	1642574935359	OK	 
REQUEST	grOB_StudRegPurchase	WPNG_CST_User_Activate_Login	1642574938243	1642574938815	OK	 
REQUEST	grOB_StudRegPurchase	WPNG_CST_User_Activate_Login	1642574938336	1642574938890	OK	 
REQUEST	grOB_StudRegFreeTrial	WPNG_CST_User_Activate_Login	1642574938316	1642574938941	OK	 
REQUEST	grOB_StudRegPurchase	WPNG_CST_User_Activate_Login Redirect 1	1642574938824	1642574939178	OK	 
REQUEST	grOB_StudRegPurchase	WPNG_CST_User_Activate_Login Redirect 1	1642574938892	1642574939259	OK	 
REQUEST	grOB_StudRegFreeTrial	WPNG_CST_User_Activate_Login Redirect 1	1642574938942	1642574939294	OK	 
REQUEST	grOB_StudRegPurchase	WPNG_CST_User_Set_Password	1642574939774	1642574940275	OK	 
REQUEST	grOB_StudRegPurchase	WPNG_CST_User_Set_Password	1642574939699	1642574940565	OK	 
REQUEST	grOB_StudRegFreeTrial	WPNG_CST_User_Set_Password	1642574939806	1642574940660	OK	 
REQUEST	grOB_StudRegPurchase	WPNG_SSO_User_Login	1642574940781	1642574941360	OK	 
REQUEST	grOB_StudRegPurchase	WPNG_SSO_User_Login	1642574941081	1642574941713	OK	 
REQUEST	grOB_StudRegFreeTrial	WPNG_SSO_User_Login	1642574941175	1642574941771	OK	 
REQUEST	grOB_StudRegPurchase	WPNG_CST_User_Search_by_Login	1642574941877	1642574942065	OK	 
REQUEST	grOB_StudRegFreeTrial	WPNG_CST_User_Search_by_Login	1642574942285	1642574942475	OK	 
REQUEST	grOB_StudRegPurchase	WPNG_CST_Institution_Details	1642574942583	1642574942776	OK	 
REQUEST	grOB_StudRegPurchase	WPNG_CST_User_Search_by_Login	1642574942224	1642574942782	OK	 
REQUEST	grOB_StudRegFreeTrial	WPNG_CST_Institution_Details	1642574942993	1642574943591	OK	 
REQUEST	grOB_StudRegPurchase	WPNG_CST_Institution_Details	1642574943288	1642574943856	OK	 
REQUEST	grOB_StudRegPurchase	WPNG_CST_User_Enrollments	1642574943288	1642574943889	OK	 
REQUEST	grOB_StudRegFreeTrial	WPNG_CST_User_Enrollments	1642574944100	1642574944653	OK	 
REQUEST	grOB_StudRegPurchase	WPNG_CST_User_Enrollments	1642574944368	1642574944932	OK	 
REQUEST	grOB_StudRegPurchase	WPNG_CST_Institution_Sections	1642574945445	1642574945704	OK	 
REQUEST	grOB_StudRegPurchase	WPNG_CST_Institution_Sections	1642574944400	1642574946180	OK	 
REQUEST	grOB_StudRegFreeTrial	WPNG_CST_Institution_Sections	1642574945163	1642574946184	OK	 
REQUEST	grOB_StudRegPurchase	WPNG_CST_Section_Enroll_Student	1642574946206	1642574948009	OK	 
REQUEST	grOB_StudRegFreeTrial	WPNG_CST_Section_Enroll_Student	1642574946694	1642574948393	OK	 
REQUEST	grOB_StudRegPurchase	WPNG_CST_Section_Enroll_Student	1642574946694	1642574948454	OK	 
REQUEST	grOB_StudRegPurchase	WPNG_CST_Ecommerce_Purchase_Options	1642574948519	1642574948896	OK	 
REQUEST	grOB_StudRegPurchase	WPNG_CST_Ecommerce_Purchase_Options	1642574948971	1642574949724	OK	 
REQUEST	grOB_StudRegPurchase	WPNG_CST_Ecommerce_Launch_Cart	1642574949411	1642574949962	OK	 
GROUP	grOB_StudRegPurchase	1642574930728	1642574950474	11187	OK
USER	Common Scenario	END	1642574950486
REQUEST	grOB_StudRegFreeTrial	WPNG_CST_License_Free_Trial	1642574948909	1642574950641	OK	 
REQUEST	grOB_StudRegPurchase	WPNG_CST_Ecommerce_Launch_Cart	1642574950240	1642574950833	OK	 
GROUP	grOB_StudRegFreeTrial	1642574930728	1642574951143	11781	OK
USER	Common Scenario	END	1642574951162
GROUP	grOB_StudRegPurchase	1642574930728	1642574951347	11565	OK
USER	Common Scenario	END	1642574951350
