ASSERTION	AAEDAAECAwAAAAAAAIjDQA==
RUN	onboarding.obDebug	obdebug	1642524022799	 	3.6.1
USER	Common Scenario	START	1642524024644
USER	Common Scenario	START	1642524024644
REQUEST	grOnboardStudRegistrationRegcode	WPNG_CST_User_Check_Login	1642524024685	1642524025252	OK	 
REQUEST	grOnboardStudRegistrationRegcode	WPNG_CST_User_Check_Login	1642524024685	1642524025585	OK	 
REQUEST	grOnboardStudRegistrationRegcode	WPNG_CST_Institution_Search	1642524025332	1642524025979	OK	 
REQUEST	grOnboardStudRegistrationRegcode	WPNG_CST_Institution_Search	1642524025588	1642524026190	OK	 
REQUEST	grOnboardStudRegistrationRegcode	WPNG_CST_User_Create	1642524025986	1642524028055	OK	 
REQUEST	grOnboardStudRegistrationRegcode	WPNG_CST_User_Create	1642524026191	1642524028081	OK	 
REQUEST	grOnboardStudRegistrationRegcode	WPNG_CST_User_Activate_Login	1642524030688	1642524030907	OK	 
REQUEST	grOnboardStudRegistrationRegcode	WPNG_CST_User_Activate_Login Redirect 1	1642524030913	1642524031283	OK	 
REQUEST	grOnboardStudRegistrationRegcode	WPNG_CST_User_Activate_Login	1642524030783	1642524031355	OK	 
REQUEST	grOnboardStudRegistrationRegcode	WPNG_CST_User_Activate_Login Redirect 1	1642524031356	1642524031702	OK	 
REQUEST	grOnboardStudRegistrationRegcode	WPNG_CST_User_Set_Password	1642524031300	1642524032250	OK	 
REQUEST	grOnboardStudRegistrationRegcode	WPNG_CST_User_Set_Password	1642524031707	1642524032261	OK	 
REQUEST	grOnboardStudRegistrationRegcode	WPNG_SSO_User_Login	1642524032255	1642524032527	OK	 
REQUEST	grOnboardStudRegistrationRegcode	WPNG_SSO_User_Login	1642524032264	1642524032540	OK	 
REQUEST	grOnboardStudRegistrationRegcode	WPNG_CST_User_Search_by_Login	1642524032529	1642524032725	OK	 
REQUEST	grOnboardStudRegistrationRegcode	WPNG_CST_User_Search_by_Login	1642524032542	1642524033141	OK	 
REQUEST	grOnboardStudRegistrationRegcode	WPNG_CST_Institution_Details	1642524032728	1642524033398	OK	 
REQUEST	grOnboardStudRegistrationRegcode	WPNG_CST_Institution_Details	1642524033143	1642524033769	OK	 
REQUEST	grOnboardStudRegistrationRegcode	WPNG_CST_User_Enrollments	1642524033399	1642524034026	OK	 
REQUEST	grOnboardStudRegistrationRegcode	WPNG_CST_User_Enrollments	1642524033771	1642524034412	OK	 
REQUEST	grOnboardStudRegistrationRegcode	WPNG_CST_Institution_Sections	1642524034415	1642524035638	OK	 
REQUEST	grOnboardStudRegistrationRegcode	WPNG_CST_Institution_Sections	1642524034029	1642524035696	OK	 
REQUEST	grOnboardStudRegistrationRegcode	WPNG_CST_Section_Enroll_Student	1642524035674	1642524037167	OK	 
REQUEST	grOnboardStudRegistrationRegcode	WPNG_CST_Section_Enroll_Student	1642524035706	1642524037497	OK	 
REQUEST	grOnboardStudRegistrationRegcode	WPNG_CST_Ecommerce_Purchase_Options	1642524037169	1642524037685	OK	 
REQUEST	grOnboardStudRegistrationRegcode	WPNG_CST_Ecommerce_Purchase_Options	1642524037499	1642524038322	OK	 
REQUEST	grOnboardStudRegistrationRegcode	WPNG_CST_Ecommerce_Validate_Reg_Code	1642524037690	1642524038634	OK	 
REQUEST	grOnboardStudRegistrationRegcode	WPNG_CST_Ecommerce_Burn_Reg_Code	1642524038636	1642524039094	OK	 
REQUEST	grOnboardStudRegistrationRegcode	WPNG_CST_Ecommerce_Validate_Reg_Code	1642524038328	1642524039174	OK	 
REQUEST	grOnboardStudRegistrationRegcode	WPNG_CST_Ecommerce_Purchase_Options	1642524039096	1642524039561	OK	 
GROUP	grOnboardStudRegistrationRegcode	1642524024652	1642524039568	11996	OK
USER	Common Scenario	END	1642524039574
REQUEST	grOnboardStudRegistrationRegcode	WPNG_CST_Ecommerce_Burn_Reg_Code	1642524039176	1642524039732	OK	 
REQUEST	grOnboardStudRegistrationRegcode	WPNG_CST_Ecommerce_Purchase_Options	1642524039734	1642524040172	OK	 
GROUP	grOnboardStudRegistrationRegcode	1642524024652	1642524040174	12817	OK
USER	Common Scenario	END	1642524040175
