ASSERTION	AAEDAAECAwAAAAAAAIjDQA==
RUN	onboarding.obDebug	obdebug	1643195715479	 	3.6.1
USER	Common Scenario	START	1643195718448
USER	Common Scenario	START	1643195718449
USER	Common Scenario	START	1643195718449
USER	Common Scenario	START	1643195718448
USER	Common Scenario	START	1643195718449
USER	Common Scenario	START	1643195718449
USER	Common Scenario	START	1643195718449
USER	Common Scenario	START	1643195718449
USER	Common Scenario	START	1643195718448
REQUEST	grOB_StudRegRegcod	WPNG_CST_User_Check_Login	1643195718528	1643195720035	OK	 
REQUEST	grOB_StudRegRegcod	WPNG_CST_User_Check_Login	1643195718524	1643195720112	OK	 
REQUEST	grOB_StudRegRegcod	WPNG_CST_User_Check_Login	1643195718525	1643195720035	OK	 
REQUEST	grOB_StudRegRegcod	WPNG_CST_User_Check_Login	1643195718529	1643195720236	OK	 
REQUEST	grOB_StudRegRegcod	WPNG_CST_User_Check_Login	1643195718525	1643195720240	OK	 
REQUEST	grOB_StudRegRegcod	WPNG_CST_User_Check_Login	1643195718524	1643195720270	OK	 
REQUEST	grOB_StudRegRegcod	WPNG_CST_User_Check_Login	1643195718524	1643195720288	OK	 
REQUEST	grOB_StudRegRegcod	WPNG_CST_User_Check_Login	1643195718526	1643195720389	OK	 
REQUEST	grOB_StudRegRegcod	WPNG_CST_Institution_Search	1643195720484	1643195721068	OK	 
REQUEST	grOB_StudRegRegcod	WPNG_CST_Institution_Search	1643195720686	1643195721285	OK	 
REQUEST	grOB_StudRegRegcod	WPNG_CST_Institution_Search	1643195720779	1643195721373	OK	 
REQUEST	grOB_StudRegRegcod	WPNG_CST_Institution_Search	1643195720826	1643195721419	OK	 
REQUEST	grOB_StudRegRegcod	WPNG_CST_Institution_Search	1643195720853	1643195721450	OK	 
REQUEST	grOB_StudRegRegcod	WPNG_CST_Institution_Search	1643195720857	1643195721498	OK	 
REQUEST	grOB_StudRegRegcod	WPNG_CST_Institution_Search	1643195720873	1643195721499	OK	 
REQUEST	grOB_StudRegRegcod	WPNG_CST_Institution_Search	1643195721029	1643195721612	OK	 
REQUEST	grOB_StudRegRegcod	WPNG_CST_User_Check_Login	1643195718524	1643195723196	OK	 
REQUEST	grOB_StudRegRegcod	WPNG_CST_User_Create	1643195721869	1643195723544	OK	 
REQUEST	grOB_StudRegRegcod	WPNG_CST_User_Create	1643195721773	1643195723575	OK	 
REQUEST	grOB_StudRegRegcod	WPNG_CST_User_Create	1643195721522	1643195723575	OK	 
REQUEST	grOB_StudRegRegcod	WPNG_CST_User_Create	1643195721758	1643195723690	OK	 
REQUEST	grOB_StudRegRegcod	WPNG_CST_User_Create	1643195721948	1643195723701	OK	 
REQUEST	grOB_StudRegRegcod	WPNG_CST_User_Create	1643195721994	1643195723942	OK	 
REQUEST	grOB_StudRegRegcod	WPNG_CST_User_Create	1643195721994	1643195723953	OK	 
REQUEST	grOB_StudRegRegcod	WPNG_CST_User_Create	1643195721994	1643195724026	OK	 
REQUEST	grOB_StudRegRegcod	WPNG_CST_Institution_Search	1643195723782	1643195724386	OK	 
REQUEST	grOB_StudRegRegcod	WPNG_CST_User_Create	1643195724999	1643195726848	OK	 
REQUEST	grOB_StudRegRegcod	WPNG_CST_User_Activate_Login	1643195727232	1643195727413	OK	 
REQUEST	grOB_StudRegRegcod	WPNG_CST_User_Activate_Login	1643195727232	1643195727423	OK	 
REQUEST	grOB_StudRegRegcod	WPNG_CST_User_Activate_Login	1643195727232	1643195727429	OK	 
REQUEST	grOB_StudRegRegcod	WPNG_CST_User_Activate_Login Redirect 1	1643195727415	1643195727772	OK	 
REQUEST	grOB_StudRegRegcod	WPNG_CST_User_Activate_Login Redirect 1	1643195727424	1643195727793	OK	 
REQUEST	grOB_StudRegRegcod	WPNG_CST_User_Activate_Login Redirect 1	1643195727430	1643195727797	OK	 
REQUEST	grOB_StudRegRegcod	WPNG_CST_User_Activate_Login	1643195727232	1643195727804	OK	 
REQUEST	grOB_StudRegRegcod	WPNG_CST_User_Activate_Login	1643195727232	1643195727813	OK	 
REQUEST	grOB_StudRegRegcod	WPNG_CST_User_Activate_Login	1643195727232	1643195727821	OK	 
REQUEST	grOB_StudRegRegcod	WPNG_CST_User_Activate_Login	1643195727232	1643195727836	OK	 
REQUEST	grOB_StudRegRegcod	WPNG_CST_User_Activate_Login	1643195727319	1643195727888	OK	 
REQUEST	grOB_StudRegRegcod	WPNG_CST_User_Activate_Login Redirect 1	1643195727813	1643195728130	OK	 
REQUEST	grOB_StudRegRegcod	WPNG_CST_User_Activate_Login Redirect 1	1643195727805	1643195728149	OK	 
REQUEST	grOB_StudRegRegcod	WPNG_CST_User_Activate_Login Redirect 1	1643195727822	1643195728185	OK	 
REQUEST	grOB_StudRegRegcod	WPNG_CST_User_Activate_Login Redirect 1	1643195727836	1643195728196	OK	 
REQUEST	grOB_StudRegRegcod	WPNG_CST_User_Activate_Login Redirect 1	1643195727888	1643195728230	OK	 
REQUEST	grOB_StudRegRegcod	WPNG_CST_User_Set_Password	1643195728218	1643195729084	OK	 
REQUEST	grOB_StudRegRegcod	WPNG_CST_User_Set_Password	1643195728327	1643195729184	OK	 
REQUEST	grOB_StudRegRegcod	WPNG_CST_User_Set_Password	1643195728482	1643195729310	OK	 
REQUEST	grOB_StudRegRegcod	WPNG_CST_User_Set_Password	1643195728513	1643195729318	OK	 
REQUEST	grOB_StudRegRegcod	WPNG_CST_User_Set_Password	1643195728622	1643195729432	OK	 
REQUEST	grOB_StudRegRegcod	WPNG_CST_User_Set_Password	1643195728622	1643195729442	OK	 
REQUEST	grOB_StudRegRegcod	WPNG_CST_User_Set_Password	1643195728747	1643195729620	OK	 
REQUEST	grOB_StudRegRegcod	WPNG_CST_User_Set_Password	1643195728920	1643195729734	OK	 
REQUEST	grOB_StudRegRegcod	WPNG_CST_User_Activate_Login	1643195729495	1643195730046	OK	 
REQUEST	grOB_StudRegRegcod	WPNG_SSO_User_Login	1643195729662	1643195730251	OK	 
REQUEST	grOB_StudRegRegcod	WPNG_SSO_User_Login	1643195729756	1643195730355	OK	 
REQUEST	grOB_StudRegRegcod	WPNG_SSO_User_Login	1643195729772	1643195730358	OK	 
REQUEST	grOB_StudRegRegcod	WPNG_CST_User_Activate_Login Redirect 1	1643195730047	1643195730385	OK	 
REQUEST	grOB_StudRegRegcod	WPNG_SSO_User_Login	1643195729787	1643195730455	OK	 
REQUEST	grOB_StudRegRegcod	WPNG_SSO_User_Login	1643195730039	1643195730617	OK	 
REQUEST	grOB_StudRegRegcod	WPNG_SSO_User_Login	1643195730008	1643195730705	OK	 
REQUEST	grOB_StudRegRegcod	WPNG_SSO_User_Login	1643195730134	1643195730721	OK	 
REQUEST	grOB_StudRegRegcod	WPNG_SSO_User_Login	1643195730430	1643195731050	OK	 
REQUEST	grOB_StudRegRegcod	WPNG_CST_User_Search_by_Login	1643195731131	1643195731337	OK	 
REQUEST	grOB_StudRegRegcod	WPNG_CST_User_Search_by_Login	1643195730803	1643195731384	OK	 
REQUEST	grOB_StudRegRegcod	WPNG_CST_User_Search_by_Login	1643195730803	1643195731418	OK	 
REQUEST	grOB_StudRegRegcod	WPNG_CST_User_Search_by_Login	1643195730868	1643195731424	OK	 
REQUEST	grOB_StudRegRegcod	WPNG_CST_User_Search_by_Login	1643195731038	1643195731619	OK	 
REQUEST	grOB_StudRegRegcod	WPNG_CST_User_Search_by_Login	1643195731116	1643195731680	OK	 
REQUEST	grOB_StudRegRegcod	WPNG_CST_User_Search_by_Login	1643195731148	1643195731734	OK	 
REQUEST	grOB_StudRegRegcod	WPNG_CST_User_Set_Password	1643195730930	1643195731736	OK	 
REQUEST	grOB_StudRegRegcod	WPNG_CST_User_Search_by_Login	1643195731595	1643195732157	OK	 
REQUEST	grOB_StudRegRegcod	WPNG_CST_Institution_Details	1643195731705	1643195732304	OK	 
REQUEST	grOB_StudRegRegcod	WPNG_CST_Institution_Details	1643195732171	1643195732393	OK	 
REQUEST	grOB_StudRegRegcod	WPNG_CST_Institution_Details	1643195731768	1643195732409	OK	 
REQUEST	grOB_StudRegRegcod	WPNG_CST_Institution_Details	1643195731892	1643195732449	OK	 
REQUEST	grOB_StudRegRegcod	WPNG_CST_Institution_Details	1643195732048	1643195732658	OK	 
REQUEST	grOB_StudRegRegcod	WPNG_CST_Institution_Details	1643195732187	1643195732748	OK	 
REQUEST	grOB_StudRegRegcod	WPNG_CST_Institution_Details	1643195732171	1643195732796	OK	 
REQUEST	grOB_StudRegRegcod	WPNG_SSO_User_Login	1643195732110	1643195732840	OK	 
REQUEST	grOB_StudRegRegcod	WPNG_CST_User_Enrollments	1643195732751	1643195732984	OK	 
REQUEST	grOB_StudRegRegcod	WPNG_CST_User_Enrollments	1643195732971	1643195733243	OK	 
REQUEST	grOB_StudRegRegcod	WPNG_CST_User_Enrollments	1643195733047	1643195733272	OK	 
REQUEST	grOB_StudRegRegcod	WPNG_CST_User_Enrollments	1643195732798	1643195733407	OK	 
REQUEST	grOB_StudRegRegcod	WPNG_CST_Institution_Details	1643195732704	1643195733841	OK	 
REQUEST	grOB_StudRegRegcod	WPNG_CST_User_Enrollments	1643195733280	1643195733850	OK	 
REQUEST	grOB_StudRegRegcod	WPNG_CST_User_Enrollments	1643195733437	1643195734000	OK	 
REQUEST	grOB_StudRegRegcod	WPNG_CST_User_Enrollments	1643195733484	1643195734044	OK	 
REQUEST	grOB_StudRegRegcod	WPNG_CST_Institution_Sections	1643195733656	1643195734264	OK	 
REQUEST	grOB_StudRegRegcod	WPNG_CST_User_Search_by_Login	1643195733547	1643195734271	OK	 
REQUEST	grOB_StudRegRegcod	WPNG_CST_Institution_Sections	1643195733828	1643195734474	OK	 
REQUEST	grOB_StudRegRegcod	WPNG_CST_User_Enrollments	1643195734401	1643195734963	OK	 
REQUEST	grOB_StudRegRegcod	WPNG_CST_Institution_Details	1643195734802	1643195734996	OK	 
REQUEST	grOB_StudRegRegcod	WPNG_CST_Institution_Sections	1643195733641	1643195735123	OK	 
REQUEST	grOB_StudRegRegcod	WPNG_CST_Institution_Sections	1643195734106	1643195735287	OK	 
REQUEST	grOB_StudRegRegcod	WPNG_CST_Institution_Sections	1643195734615	1643195735444	OK	 
REQUEST	grOB_StudRegRegcod	WPNG_CST_Institution_Sections	1643195734214	1643195735531	OK	 
REQUEST	grOB_StudRegRegcod	WPNG_CST_Institution_Sections	1643195734323	1643195735718	OK	 
REQUEST	grOB_StudRegRegcod	WPNG_CST_User_Enrollments	1643195735438	1643195736046	OK	 
REQUEST	grOB_StudRegRegcod	WPNG_CST_Section_Enroll_Student	1643195734817	1643195736499	OK	 
REQUEST	grOB_StudRegRegcod	WPNG_CST_Section_Enroll_Student	1643195734817	1643195736618	OK	 
REQUEST	grOB_StudRegRegcod	WPNG_CST_Institution_Sections	1643195735315	1643195736632	OK	 
REQUEST	grOB_StudRegRegcod	WPNG_CST_Section_Enroll_Student	1643195736155	1643195737328	OK	 
REQUEST	grOB_StudRegRegcod	WPNG_CST_Institution_Sections	1643195736748	1643195737381	OK	 
REQUEST	grOB_StudRegRegcod	WPNG_CST_Section_Enroll_Student	1643195735640	1643195737388	OK	 
REQUEST	grOB_StudRegRegcod	WPNG_CST_Section_Enroll_Student	1643195735438	1643195737579	OK	 
REQUEST	grOB_StudRegRegcod	WPNG_CST_Section_Enroll_Student	1643195735795	1643195737626	OK	 
REQUEST	grOB_StudRegRegcod	WPNG_CST_Section_Enroll_Student	1643195736155	1643195737634	OK	 
REQUEST	grOB_StudRegRegcod	WPNG_CST_Ecommerce_Purchase_Options	1643195737060	1643195737969	OK	 
REQUEST	grOB_StudRegRegcod	WPNG_CST_Ecommerce_Purchase_Options	1643195737311	1643195738202	OK	 
REQUEST	grOB_StudRegRegcod	WPNG_CST_Ecommerce_Purchase_Options	1643195738075	1643195738510	OK	 
REQUEST	grOB_StudRegRegcod	WPNG_CST_Ecommerce_Purchase_Options	1643195737684	1643195738521	OK	 
REQUEST	grOB_StudRegRegcod	WPNG_CST_Section_Enroll_Student	1643195737060	1643195738608	OK	 
REQUEST	grOB_StudRegRegcod	WPNG_CST_Ecommerce_Purchase_Options	1643195737839	1643195738688	OK	 
REQUEST	grOB_StudRegRegcod	WPNG_CST_Ecommerce_Purchase_Options	1643195737981	1643195738762	KO	status.find.is(200), but actually found 400
REQUEST	grOB_StudRegRegcod	WPNG_CST_Ecommerce_Purchase_Options	1643195738044	1643195738916	OK	 
REQUEST	grOB_StudRegRegcod	WPNG_CST_Ecommerce_Validate_Reg_Code	1643195738464	1643195739277	OK	 
REQUEST	grOB_StudRegRegcod	WPNG_CST_Ecommerce_Validate_Reg_Code	1643195738869	1643195739277	OK	 
REQUEST	grOB_StudRegRegcod	WPNG_CST_Section_Enroll_Student	1643195737779	1643195739377	OK	 
REQUEST	grOB_StudRegRegcod	WPNG_CST_Ecommerce_Validate_Reg_Code	1643195738683	1643195739501	OK	 
REQUEST	grOB_StudRegRegcod	WPNG_CST_Ecommerce_Validate_Reg_Code	1643195738823	1643195739612	OK	 
REQUEST	grOB_StudRegRegcod	WPNG_CST_Ecommerce_Purchase_Options	1643195739275	1643195739747	OK	 
REQUEST	grOB_StudRegRegcod	WPNG_CST_Ecommerce_Validate_Reg_Code	1643195739042	1643195739845	OK	 
REQUEST	grOB_StudRegRegcod	WPNG_CST_Ecommerce_Burn_Reg_Code	1643195739588	1643195739976	OK	 
REQUEST	grOB_StudRegRegcod	WPNG_CST_Ecommerce_Validate_Reg_Code	1643195739353	1643195740125	OK	 
REQUEST	grOB_StudRegRegcod	WPNG_CST_Ecommerce_Validate_Reg_Code	1643195739306	1643195740131	OK	 
REQUEST	grOB_StudRegRegcod	WPNG_CST_Ecommerce_Burn_Reg_Code	1643195739932	1643195740332	OK	 
REQUEST	grOB_StudRegRegcod	WPNG_CST_Ecommerce_Burn_Reg_Code	1643195739885	1643195740386	OK	 
REQUEST	grOB_StudRegRegcod	WPNG_CST_Ecommerce_Purchase_Options	1643195739697	1643195740509	OK	 
REQUEST	grOB_StudRegRegcod	WPNG_CST_Ecommerce_Burn_Reg_Code	1643195740150	1643195740546	OK	 
REQUEST	grOB_StudRegRegcod	WPNG_CST_Ecommerce_Burn_Reg_Code	1643195740539	1643195740950	OK	 
REQUEST	grOB_StudRegRegcod	WPNG_CST_Ecommerce_Purchase_Options	1643195740679	1643195741105	OK	 
REQUEST	grOB_StudRegRegcod	WPNG_CST_Ecommerce_Validate_Reg_Code	1643195740354	1643195741120	OK	 
REQUEST	grOB_StudRegRegcod	WPNG_CST_Ecommerce_Burn_Reg_Code	1643195740539	1643195741346	OK	 
REQUEST	grOB_StudRegRegcod	WPNG_CST_Ecommerce_Purchase_Options	1643195740477	1643195741351	OK	 
REQUEST	grOB_StudRegRegcod	WPNG_CST_Ecommerce_Burn_Reg_Code	1643195740726	1643195741517	OK	 
GROUP	grOB_StudRegRegcod	1643195718464	1643195741554	13076	OK
USER	Common Scenario	END	1643195741557
GROUP	grOB_StudRegRegcod	1643195718464	1643195741774	13182	OK
USER	Common Scenario	END	1643195741775
REQUEST	grOB_StudRegRegcod	WPNG_CST_Ecommerce_Validate_Reg_Code	1643195740977	1643195741781	OK	 
REQUEST	grOB_StudRegRegcod	WPNG_CST_Ecommerce_Purchase_Options	1643195741070	1643195741896	OK	 
REQUEST	grOB_StudRegRegcod	WPNG_CST_Ecommerce_Purchase_Options	1643195741478	1643195741912	KO	status.find.is(200), but actually found 400
REQUEST	grOB_StudRegRegcod	WPNG_CST_Ecommerce_Burn_Reg_Code	1643195741510	1643195741941	OK	 
REQUEST	grOB_StudRegRegcod	WPNG_CST_Ecommerce_Purchase_Options	1643195741211	1643195742205	OK	 
REQUEST	grOB_StudRegRegcod	WPNG_CST_Ecommerce_Purchase_Options	1643195741944	1643195742356	OK	 
GROUP	grOB_StudRegRegcod	1643195718464	1643195742506	13248	OK
USER	Common Scenario	END	1643195742506
GROUP	grOB_StudRegRegcod	1643195718464	1643195742614	13427	KO
USER	Common Scenario	END	1643195742615
REQUEST	grOB_StudRegRegcod	WPNG_CST_Ecommerce_Purchase_Options	1643195741883	1643195742738	OK	 
GROUP	grOB_StudRegRegcod	1643195718464	1643195742787	13042	OK
USER	Common Scenario	END	1643195742787
GROUP	grOB_StudRegRegcod	1643195718465	1643195742928	13538	OK
USER	Common Scenario	END	1643195742929
REQUEST	grOB_StudRegRegcod	WPNG_CST_Ecommerce_Burn_Reg_Code	1643195742146	1643195742945	OK	 
REQUEST	grOB_StudRegRegcod	WPNG_CST_Ecommerce_Purchase_Options	1643195742270	1643195743048	OK	 
GROUP	grOB_StudRegRegcod	1643195718465	1643195743212	14189	OK
USER	Common Scenario	END	1643195743213
GROUP	grOB_StudRegRegcod	1643195718464	1643195743695	14308	OK
USER	Common Scenario	END	1643195743696
REQUEST	grOB_StudRegRegcod	WPNG_CST_Ecommerce_Purchase_Options	1643195743603	1643195744020	OK	 
GROUP	grOB_StudRegRegcod	1643195718464	1643195744558	16139	OK
USER	Common Scenario	END	1643195744558
