ASSERTION	AAEDAAECAwAAAAAAAIjDQA==
RUN	onboarding.obDebug	obdebug	1642575002414	 	3.6.1
USER	Common Scenario	START	1642575003957
USER	Common Scenario	START	1642575003957
USER	Common Scenario	START	1642575003957
USER	Common Scenario	START	1642575003957
USER	Common Scenario	START	1642575003957
USER	Common Scenario	START	1642575003957
USER	Common Scenario	START	1642575003957
USER	Common Scenario	START	1642575003957
USER	Common Scenario	START	1642575003957
REQUEST	grOB_StudRegPurchase	WPNG_CST_User_Check_Login	1642575004027	1642575004962	OK	 
REQUEST	grOB_StudRegFreeTrial	WPNG_CST_User_Check_Login	1642575004027	1642575004993	OK	 
REQUEST	grOB_StudRegRegcod	WPNG_CST_User_Check_Login	1642575004027	1642575005322	OK	 
REQUEST	grOB_StudRegPurchase	WPNG_CST_User_Check_Login	1642575004027	1642575005338	OK	 
REQUEST	grOB_StudRegFreeTrial	WPNG_CST_User_Check_Login	1642575004028	1642575005339	OK	 
REQUEST	grOB_StudRegRegcod	WPNG_CST_User_Check_Login	1642575004027	1642575005342	OK	 
REQUEST	grOB_StudRegFreeTrial	WPNG_CST_User_Check_Login	1642575004027	1642575005396	OK	 
REQUEST	grOB_StudRegFreeTrial	WPNG_CST_User_Check_Login	1642575004027	1642575005405	OK	 
REQUEST	grOB_StudRegRegcod	WPNG_CST_User_Check_Login	1642575004027	1642575005469	OK	 
REQUEST	grOB_StudRegPurchase	WPNG_CST_Institution_Search	1642575005042	1642575005651	OK	 
REQUEST	grOB_StudRegPurchase	WPNG_CST_Institution_Search	1642575005342	1642575005930	OK	 
REQUEST	grOB_StudRegRegcod	WPNG_CST_Institution_Search	1642575005852	1642575006059	OK	 
REQUEST	grOB_StudRegFreeTrial	WPNG_CST_Institution_Search	1642575005913	1642575006112	OK	 
REQUEST	grOB_StudRegFreeTrial	WPNG_CST_Institution_Search	1642575005556	1642575006129	OK	 
REQUEST	grOB_StudRegRegcod	WPNG_CST_Institution_Search	1642575005836	1642575006436	OK	 
REQUEST	grOB_StudRegFreeTrial	WPNG_CST_Institution_Search	1642575005852	1642575006484	OK	 
REQUEST	grOB_StudRegFreeTrial	WPNG_CST_Institution_Search	1642575005913	1642575006533	OK	 
REQUEST	grOB_StudRegRegcod	WPNG_CST_Institution_Search	1642575005978	1642575006538	OK	 
REQUEST	grOB_StudRegRegcod	WPNG_CST_User_Create	1642575006568	1642575008023	OK	 
REQUEST	grOB_StudRegPurchase	WPNG_CST_User_Create	1642575006171	1642575008055	OK	 
REQUEST	grOB_StudRegFreeTrial	WPNG_CST_User_Create	1642575006614	1642575008384	OK	 
REQUEST	grOB_StudRegPurchase	WPNG_CST_User_Create	1642575006443	1642575008414	OK	 
REQUEST	grOB_StudRegFreeTrial	WPNG_CST_User_Create	1642575007037	1642575008416	OK	 
REQUEST	grOB_StudRegFreeTrial	WPNG_CST_User_Create	1642575006991	1642575008437	OK	 
REQUEST	grOB_StudRegFreeTrial	WPNG_CST_User_Create	1642575006646	1642575008500	OK	 
REQUEST	grOB_StudRegRegcod	WPNG_CST_User_Create	1642575007053	1642575008835	OK	 
REQUEST	grOB_StudRegRegcod	WPNG_CST_User_Create	1642575006943	1642575008892	OK	 
REQUEST	grOB_StudRegFreeTrial	WPNG_CST_User_Activate_Login	1642575011319	1642575011504	OK	 
REQUEST	grOB_StudRegRegcod	WPNG_CST_User_Activate_Login	1642575011319	1642575011517	OK	 
REQUEST	grOB_StudRegFreeTrial	WPNG_CST_User_Activate_Login	1642575011462	1642575011644	OK	 
REQUEST	grOB_StudRegRegcod	WPNG_CST_User_Activate_Login	1642575011683	1642575011869	OK	 
REQUEST	grOB_StudRegPurchase	WPNG_CST_User_Activate_Login	1642575011319	1642575011883	OK	 
REQUEST	grOB_StudRegFreeTrial	WPNG_CST_User_Activate_Login Redirect 1	1642575011512	1642575011873	OK	 
REQUEST	grOB_StudRegRegcod	WPNG_CST_User_Activate_Login Redirect 1	1642575011519	1642575011885	OK	 
REQUEST	grOB_StudRegFreeTrial	WPNG_CST_User_Activate_Login	1642575011319	1642575011898	OK	 
REQUEST	grOB_StudRegFreeTrial	WPNG_CST_User_Activate_Login	1642575011319	1642575011898	OK	 
REQUEST	grOB_StudRegPurchase	WPNG_CST_User_Activate_Login	1642575011435	1642575012010	OK	 
REQUEST	grOB_StudRegFreeTrial	WPNG_CST_User_Activate_Login Redirect 1	1642575011645	1642575012059	OK	 
REQUEST	grOB_StudRegRegcod	WPNG_CST_User_Activate_Login	1642575011886	1642575012104	OK	 
REQUEST	grOB_StudRegFreeTrial	WPNG_CST_User_Activate_Login Redirect 1	1642575011898	1642575012227	OK	 
REQUEST	grOB_StudRegRegcod	WPNG_CST_User_Activate_Login Redirect 1	1642575011871	1642575012234	OK	 
REQUEST	grOB_StudRegPurchase	WPNG_CST_User_Activate_Login Redirect 1	1642575011884	1642575012252	OK	 
REQUEST	grOB_StudRegFreeTrial	WPNG_CST_User_Activate_Login Redirect 1	1642575011898	1642575012256	OK	 
REQUEST	grOB_StudRegPurchase	WPNG_CST_User_Activate_Login Redirect 1	1642575012010	1642575012359	OK	 
REQUEST	grOB_StudRegRegcod	WPNG_CST_User_Activate_Login Redirect 1	1642575012105	1642575012460	OK	 
REQUEST	grOB_StudRegRegcod	WPNG_CST_User_Set_Password	1642575012396	1642575012869	OK	 
REQUEST	grOB_StudRegFreeTrial	WPNG_CST_User_Set_Password	1642575012740	1642575013165	OK	 
REQUEST	grOB_StudRegRegcod	WPNG_CST_User_Set_Password	1642575012740	1642575013189	OK	 
REQUEST	grOB_StudRegFreeTrial	WPNG_CST_User_Set_Password	1642575012396	1642575013236	OK	 
REQUEST	grOB_StudRegFreeTrial	WPNG_CST_User_Set_Password	1642575012568	1642575013252	OK	 
REQUEST	grOB_StudRegFreeTrial	WPNG_CST_User_Set_Password	1642575012772	1642575013590	OK	 
REQUEST	grOB_StudRegPurchase	WPNG_CST_User_Set_Password	1642575012756	1642575013620	OK	 
REQUEST	grOB_StudRegPurchase	WPNG_CST_User_Set_Password	1642575012865	1642575013784	OK	 
REQUEST	grOB_StudRegRegcod	WPNG_CST_User_Set_Password	1642575012974	1642575013824	OK	 
REQUEST	grOB_StudRegFreeTrial	WPNG_SSO_User_Login	1642575013679	1642575013876	OK	 
REQUEST	grOB_StudRegRegcod	WPNG_SSO_User_Login	1642575013694	1642575013931	OK	 
REQUEST	grOB_StudRegFreeTrial	WPNG_SSO_User_Login	1642575013740	1642575013950	OK	 
REQUEST	grOB_StudRegFreeTrial	WPNG_SSO_User_Login	1642575013757	1642575013960	OK	 
REQUEST	grOB_StudRegRegcod	WPNG_SSO_User_Login	1642575013382	1642575013970	OK	 
REQUEST	grOB_StudRegRegcod	WPNG_CST_User_Search_by_Login	1642575014444	1642575014627	OK	 
REQUEST	grOB_StudRegFreeTrial	WPNG_SSO_User_Login	1642575014099	1642575014682	OK	 
REQUEST	grOB_StudRegPurchase	WPNG_SSO_User_Login	1642575014131	1642575014699	OK	 
REQUEST	grOB_StudRegPurchase	WPNG_SSO_User_Login	1642575014286	1642575014881	OK	 
REQUEST	grOB_StudRegRegcod	WPNG_SSO_User_Login	1642575014334	1642575014946	OK	 
REQUEST	grOB_StudRegFreeTrial	WPNG_CST_User_Search_by_Login	1642575014380	1642575014947	OK	 
REQUEST	grOB_StudRegFreeTrial	WPNG_CST_User_Search_by_Login	1642575014474	1642575015048	OK	 
REQUEST	grOB_StudRegFreeTrial	WPNG_CST_User_Search_by_Login	1642575014460	1642575015057	OK	 
REQUEST	grOB_StudRegRegcod	WPNG_CST_User_Search_by_Login	1642575014474	1642575015068	OK	 
REQUEST	grOB_StudRegFreeTrial	WPNG_CST_User_Search_by_Login	1642575015198	1642575015393	OK	 
REQUEST	grOB_StudRegRegcod	WPNG_CST_Institution_Details	1642575015134	1642575015751	OK	 
REQUEST	grOB_StudRegRegcod	WPNG_CST_Institution_Details	1642575015573	1642575015767	OK	 
REQUEST	grOB_StudRegFreeTrial	WPNG_CST_Institution_Details	1642575015573	1642575015779	OK	 
REQUEST	grOB_StudRegPurchase	WPNG_CST_User_Search_by_Login	1642575015214	1642575015779	OK	 
REQUEST	grOB_StudRegPurchase	WPNG_CST_User_Search_by_Login	1642575015387	1642575015960	OK	 
REQUEST	grOB_StudRegRegcod	WPNG_CST_User_Search_by_Login	1642575015465	1642575016030	OK	 
REQUEST	grOB_StudRegFreeTrial	WPNG_CST_Institution_Details	1642575015464	1642575016049	OK	 
REQUEST	grOB_StudRegFreeTrial	WPNG_CST_Institution_Details	1642575015902	1642575016094	OK	 
REQUEST	grOB_StudRegFreeTrial	WPNG_CST_Institution_Details	1642575015557	1642575016139	OK	 
REQUEST	grOB_StudRegPurchase	WPNG_CST_Institution_Details	1642575016465	1642575016648	OK	 
REQUEST	grOB_StudRegFreeTrial	WPNG_CST_User_Enrollments	1642575016648	1642575016833	OK	 
REQUEST	grOB_StudRegRegcod	WPNG_CST_User_Enrollments	1642575016262	1642575016845	OK	 
REQUEST	grOB_StudRegFreeTrial	WPNG_CST_User_Enrollments	1642575016293	1642575016872	OK	 
REQUEST	grOB_StudRegPurchase	WPNG_CST_Institution_Details	1642575016294	1642575016894	OK	 
REQUEST	grOB_StudRegRegcod	WPNG_CST_User_Enrollments	1642575016278	1642575016905	OK	 
REQUEST	grOB_StudRegRegcod	WPNG_CST_Institution_Details	1642575016542	1642575017132	OK	 
REQUEST	grOB_StudRegFreeTrial	WPNG_CST_User_Enrollments	1642575016557	1642575017145	OK	 
REQUEST	grOB_StudRegFreeTrial	WPNG_CST_User_Enrollments	1642575016604	1642575017169	OK	 
REQUEST	grOB_StudRegPurchase	WPNG_CST_User_Enrollments	1642575017156	1642575017702	OK	 
REQUEST	grOB_StudRegRegcod	WPNG_CST_User_Enrollments	1642575017641	1642575017869	OK	 
REQUEST	grOB_StudRegFreeTrial	WPNG_CST_Institution_Sections	1642575017673	1642575017921	OK	 
REQUEST	grOB_StudRegFreeTrial	WPNG_CST_Institution_Sections	1642575017344	1642575017939	OK	 
REQUEST	grOB_StudRegFreeTrial	WPNG_CST_Institution_Sections	1642575017376	1642575017978	OK	 
REQUEST	grOB_StudRegPurchase	WPNG_CST_User_Enrollments	1642575017407	1642575018000	OK	 
REQUEST	grOB_StudRegFreeTrial	WPNG_CST_Institution_Sections	1642575017657	1642575018259	OK	 
REQUEST	grOB_StudRegRegcod	WPNG_CST_Institution_Sections	1642575017361	1642575018303	OK	 
REQUEST	grOB_StudRegRegcod	WPNG_CST_Institution_Sections	1642575017423	1642575018876	OK	 
REQUEST	grOB_StudRegPurchase	WPNG_CST_Institution_Sections	1642575018218	1642575019103	OK	 
REQUEST	grOB_StudRegRegcod	WPNG_CST_Institution_Sections	1642575018377	1642575019277	OK	 
REQUEST	grOB_StudRegPurchase	WPNG_CST_Institution_Sections	1642575018518	1642575019707	OK	 
REQUEST	grOB_StudRegFreeTrial	WPNG_CST_Section_Enroll_Student	1642575018455	1642575019789	OK	 
REQUEST	grOB_StudRegFreeTrial	WPNG_CST_Section_Enroll_Student	1642575018487	1642575020109	OK	 
REQUEST	grOB_StudRegFreeTrial	WPNG_CST_Section_Enroll_Student	1642575018766	1642575020114	OK	 
REQUEST	grOB_StudRegFreeTrial	WPNG_CST_Section_Enroll_Student	1642575018440	1642575020195	OK	 
REQUEST	grOB_StudRegRegcod	WPNG_CST_Section_Enroll_Student	1642575018813	1642575020426	OK	 
REQUEST	grOB_StudRegRegcod	WPNG_CST_Section_Enroll_Student	1642575019391	1642575020538	OK	 
REQUEST	grOB_StudRegRegcod	WPNG_CST_Section_Enroll_Student	1642575019782	1642575021058	OK	 
REQUEST	grOB_StudRegPurchase	WPNG_CST_Section_Enroll_Student	1642575019612	1642575021224	OK	 
REQUEST	grOB_StudRegRegcod	WPNG_CST_Ecommerce_Purchase_Options	1642575020943	1642575021291	OK	 
REQUEST	grOB_StudRegPurchase	WPNG_CST_Section_Enroll_Student	1642575020220	1642575021435	OK	 
REQUEST	grOB_StudRegRegcod	WPNG_CST_Ecommerce_Purchase_Options	1642575021052	1642575021439	OK	 
REQUEST	grOB_StudRegFreeTrial	WPNG_CST_License_Free_Trial	1642575020613	1642575021692	OK	 
REQUEST	grOB_StudRegFreeTrial	WPNG_CST_License_Free_Trial	1642575020628	1642575021692	OK	 
REQUEST	grOB_StudRegFreeTrial	WPNG_CST_License_Free_Trial	1642575020707	1642575021695	OK	 
REQUEST	grOB_StudRegFreeTrial	WPNG_CST_License_Free_Trial	1642575020298	1642575021709	OK	 
REQUEST	grOB_StudRegPurchase	WPNG_CST_Ecommerce_Purchase_Options	1642575021739	1642575022099	OK	 
GROUP	grOB_StudRegFreeTrial	1642575003972	1642575022206	9631	OK
GROUP	grOB_StudRegFreeTrial	1642575003971	1642575022206	9649	OK
GROUP	grOB_StudRegFreeTrial	1642575003971	1642575022206	9670	OK
USER	Common Scenario	END	1642575022210
USER	Common Scenario	END	1642575022210
USER	Common Scenario	END	1642575022210
GROUP	grOB_StudRegFreeTrial	1642575003971	1642575022221	9557	OK
USER	Common Scenario	END	1642575022222
REQUEST	grOB_StudRegRegcod	WPNG_CST_Ecommerce_Validate_Reg_Code	1642575021816	1642575022269	OK	 
REQUEST	grOB_StudRegPurchase	WPNG_CST_Ecommerce_Purchase_Options	1642575021942	1642575022330	KO	status.find.is(200), but actually found 400
REQUEST	grOB_StudRegRegcod	WPNG_CST_Ecommerce_Purchase_Options	1642575021570	1642575022359	OK	 
REQUEST	grOB_StudRegRegcod	WPNG_CST_Ecommerce_Validate_Reg_Code	1642575021942	1642575022731	OK	 
ERROR	WPNG_CST_Ecommerce_Launch_Cart: Failed to build request: No attribute named 'instantAccessISBN' is defined 	1642575022848
REQUEST	grOB_StudRegRegcod	WPNG_CST_Ecommerce_Burn_Reg_Code	1642575022785	1642575023139	OK	 
REQUEST	grOB_StudRegPurchase	WPNG_CST_Ecommerce_Launch_Cart	1642575022613	1642575023211	OK	 
GROUP	grOB_StudRegPurchase	1642575003971	1642575023360	10784	KO
USER	Common Scenario	END	1642575023363
REQUEST	grOB_StudRegRegcod	WPNG_CST_Ecommerce_Validate_Reg_Code	1642575022878	1642575023615	OK	 
GROUP	grOB_StudRegPurchase	1642575003973	1642575023721	10623	OK
USER	Common Scenario	END	1642575023723
REQUEST	grOB_StudRegRegcod	WPNG_CST_Ecommerce_Purchase_Options	1642575023642	1642575023991	OK	 
REQUEST	grOB_StudRegRegcod	WPNG_CST_Ecommerce_Burn_Reg_Code	1642575023238	1642575024008	OK	 
GROUP	grOB_StudRegRegcod	1642575003971	1642575024498	10461	OK
USER	Common Scenario	END	1642575024501
REQUEST	grOB_StudRegRegcod	WPNG_CST_Ecommerce_Burn_Reg_Code	1642575024124	1642575024881	OK	 
REQUEST	grOB_StudRegRegcod	WPNG_CST_Ecommerce_Purchase_Options	1642575024515	1642575025235	OK	 
GROUP	grOB_StudRegRegcod	1642575003971	1642575025748	11283	OK
USER	Common Scenario	END	1642575025749
REQUEST	grOB_StudRegRegcod	WPNG_CST_Ecommerce_Purchase_Options	1642575025390	1642575026130	OK	 
GROUP	grOB_StudRegRegcod	1642575003971	1642575026635	12461	OK
USER	Common Scenario	END	1642575026636
