ASSERTION	AAEDAAECAwAAAAAAAIjDQA==
RUN	onboarding.obDebug	obdebug	1643196743594	 	3.6.1
USER	Common Scenario	START	1643196745242
USER	Common Scenario	START	1643196745242
USER	Common Scenario	START	1643196745242
USER	Common Scenario	START	1643196745242
USER	Common Scenario	START	1643196745242
USER	Common Scenario	START	1643196745242
USER	Common Scenario	START	1643196745242
USER	Common Scenario	START	1643196745242
USER	Common Scenario	START	1643196745242
REQUEST	grOB_StudRegFreeTrial	WPNG_CST_User_Check_Login	1643196745320	1643196745965	OK	 
REQUEST	grOB_StudRegFreeTrial	WPNG_CST_User_Check_Login	1643196745322	1643196745997	OK	 
REQUEST	grOB_StudRegPurchase	WPNG_CST_User_Check_Login	1643196745322	1643196745978	OK	 
REQUEST	grOB_StudRegFreeTrial	WPNG_CST_User_Check_Login	1643196745322	1643196745978	OK	 
REQUEST	grOB_StudRegRegcod	WPNG_CST_User_Check_Login	1643196745320	1643196745965	OK	 
REQUEST	grOB_StudRegRegcod	WPNG_CST_User_Check_Login	1643196745320	1643196745965	OK	 
REQUEST	grOB_StudRegRegcod	WPNG_CST_User_Check_Login	1643196745323	1643196746372	OK	 
REQUEST	grOB_StudRegRegcod	WPNG_CST_User_Check_Login	1643196745320	1643196746372	OK	 
REQUEST	grOB_StudRegRegcod	WPNG_CST_User_Check_Login	1643196745320	1643196746381	OK	 
REQUEST	grOB_StudRegRegcod	WPNG_CST_Institution_Search	1643196746504	1643196746747	OK	 
REQUEST	grOB_StudRegPurchase	WPNG_CST_Institution_Search	1643196746053	1643196746747	OK	 
REQUEST	grOB_StudRegRegcod	WPNG_CST_Institution_Search	1643196746364	1643196746986	OK	 
REQUEST	grOB_StudRegFreeTrial	WPNG_CST_Institution_Search	1643196746410	1643196747025	OK	 
REQUEST	grOB_StudRegRegcod	WPNG_CST_Institution_Search	1643196746830	1643196747042	OK	 
REQUEST	grOB_StudRegFreeTrial	WPNG_CST_Institution_Search	1643196746442	1643196747100	OK	 
REQUEST	grOB_StudRegRegcod	WPNG_CST_Institution_Search	1643196746860	1643196747137	OK	 
REQUEST	grOB_StudRegFreeTrial	WPNG_CST_Institution_Search	1643196746581	1643196747247	OK	 
REQUEST	grOB_StudRegRegcod	WPNG_CST_Institution_Search	1643196746924	1643196747614	OK	 
REQUEST	grOB_StudRegRegcod	WPNG_CST_User_Create	1643196747295	1643196748848	OK	 
REQUEST	grOB_StudRegPurchase	WPNG_CST_User_Create	1643196747202	1643196749031	OK	 
REQUEST	grOB_StudRegRegcod	WPNG_CST_User_Create	1643196747622	1643196749033	OK	 
REQUEST	grOB_StudRegFreeTrial	WPNG_CST_User_Create	1643196747562	1643196749131	OK	 
REQUEST	grOB_StudRegRegcod	WPNG_CST_User_Create	1643196747499	1643196749306	OK	 
REQUEST	grOB_StudRegFreeTrial	WPNG_CST_User_Create	1643196747670	1643196749366	OK	 
REQUEST	grOB_StudRegFreeTrial	WPNG_CST_User_Create	1643196747562	1643196749373	OK	 
REQUEST	grOB_StudRegRegcod	WPNG_CST_User_Create	1643196747762	1643196749377	OK	 
REQUEST	grOB_StudRegRegcod	WPNG_CST_User_Create	1643196748265	1643196750132	OK	 
REQUEST	grOB_StudRegRegcod	WPNG_CST_User_Activate_Login	1643196752377	1643196752553	OK	 
REQUEST	grOB_StudRegRegcod	WPNG_CST_User_Activate_Login	1643196752377	1643196752566	OK	 
REQUEST	grOB_StudRegFreeTrial	WPNG_CST_User_Activate_Login	1643196752423	1643196752621	OK	 
REQUEST	grOB_StudRegFreeTrial	WPNG_CST_User_Activate_Login	1643196752604	1643196752802	OK	 
REQUEST	grOB_StudRegPurchase	WPNG_CST_User_Activate_Login	1643196752248	1643196752814	OK	 
REQUEST	grOB_StudRegRegcod	WPNG_CST_User_Activate_Login	1643196752248	1643196752817	OK	 
REQUEST	grOB_StudRegRegcod	WPNG_CST_User_Activate_Login Redirect 1	1643196752556	1643196752882	OK	 
REQUEST	grOB_StudRegRegcod	WPNG_CST_User_Activate_Login Redirect 1	1643196752567	1643196752916	OK	 
REQUEST	grOB_StudRegFreeTrial	WPNG_CST_User_Activate_Login	1643196752333	1643196752926	OK	 
REQUEST	grOB_StudRegRegcod	WPNG_CST_User_Activate_Login	1643196752418	1643196752970	OK	 
REQUEST	grOB_StudRegFreeTrial	WPNG_CST_User_Activate_Login Redirect 1	1643196752621	1643196752989	OK	 
REQUEST	grOB_StudRegFreeTrial	WPNG_CST_User_Activate_Login Redirect 1	1643196752803	1643196753170	OK	 
REQUEST	grOB_StudRegRegcod	WPNG_CST_User_Activate_Login	1643196752981	1643196753170	OK	 
REQUEST	grOB_StudRegRegcod	WPNG_CST_User_Activate_Login Redirect 1	1643196752819	1643196753178	OK	 
REQUEST	grOB_StudRegPurchase	WPNG_CST_User_Activate_Login Redirect 1	1643196752814	1643196753179	OK	 
REQUEST	grOB_StudRegFreeTrial	WPNG_CST_User_Activate_Login Redirect 1	1643196752927	1643196753289	OK	 
REQUEST	grOB_StudRegRegcod	WPNG_CST_User_Activate_Login Redirect 1	1643196752971	1643196753292	OK	 
REQUEST	grOB_StudRegRegcod	WPNG_CST_User_Activate_Login Redirect 1	1643196753170	1643196753496	OK	 
REQUEST	grOB_StudRegFreeTrial	WPNG_CST_User_Set_Password	1643196753385	1643196753893	OK	 
REQUEST	grOB_StudRegRegcod	WPNG_CST_User_Set_Password	1643196753682	1643196754164	OK	 
REQUEST	grOB_StudRegRegcod	WPNG_CST_User_Set_Password	1643196753823	1643196754164	OK	 
REQUEST	grOB_StudRegRegcod	WPNG_CST_User_Set_Password	1643196753353	1643196754173	OK	 
REQUEST	grOB_StudRegFreeTrial	WPNG_CST_User_Set_Password	1643196753713	1643196754175	OK	 
REQUEST	grOB_StudRegPurchase	WPNG_CST_User_Set_Password	1643196753776	1643196754431	OK	 
REQUEST	grOB_StudRegRegcod	WPNG_CST_User_Set_Password	1643196753587	1643196754455	OK	 
REQUEST	grOB_StudRegRegcod	WPNG_CST_User_Set_Password	1643196754059	1643196754464	OK	 
REQUEST	grOB_StudRegFreeTrial	WPNG_SSO_User_Login	1643196754324	1643196754519	OK	 
REQUEST	grOB_StudRegFreeTrial	WPNG_CST_User_Set_Password	1643196753839	1643196754648	OK	 
REQUEST	grOB_StudRegFreeTrial	WPNG_SSO_User_Login	1643196754636	1643196754845	OK	 
REQUEST	grOB_StudRegRegcod	WPNG_SSO_User_Login	1643196754544	1643196755127	OK	 
REQUEST	grOB_StudRegRegcod	WPNG_SSO_User_Login	1643196754999	1643196755208	OK	 
REQUEST	grOB_StudRegRegcod	WPNG_SSO_User_Login	1643196754652	1643196755242	OK	 
REQUEST	grOB_StudRegRegcod	WPNG_SSO_User_Login	1643196754715	1643196755308	OK	 
REQUEST	grOB_StudRegRegcod	WPNG_SSO_User_Login	1643196754808	1643196755386	OK	 
REQUEST	grOB_StudRegFreeTrial	WPNG_CST_User_Search_by_Login	1643196755220	1643196755395	OK	 
REQUEST	grOB_StudRegPurchase	WPNG_SSO_User_Login	1643196755000	1643196755606	OK	 
REQUEST	grOB_StudRegFreeTrial	WPNG_SSO_User_Login	1643196754982	1643196755609	OK	 
REQUEST	grOB_StudRegRegcod	WPNG_CST_User_Search_by_Login	1643196755659	1643196755862	OK	 
REQUEST	grOB_StudRegFreeTrial	WPNG_CST_Institution_Details	1643196755771	1643196755981	OK	 
REQUEST	grOB_StudRegRegcod	WPNG_CST_User_Search_by_Login	1643196755834	1643196756033	OK	 
REQUEST	grOB_StudRegFreeTrial	WPNG_CST_User_Search_by_Login	1643196755504	1643196756074	OK	 
REQUEST	grOB_StudRegRegcod	WPNG_CST_User_Search_by_Login	1643196755896	1643196756162	OK	 
REQUEST	grOB_StudRegRegcod	WPNG_CST_User_Search_by_Login	1643196755675	1643196756276	OK	 
REQUEST	grOB_StudRegFreeTrial	WPNG_CST_User_Search_by_Login	1643196756242	1643196756450	OK	 
REQUEST	grOB_StudRegRegcod	WPNG_CST_User_Search_by_Login	1643196755896	1643196756487	OK	 
REQUEST	grOB_StudRegFreeTrial	WPNG_CST_User_Enrollments	1643196756399	1643196756591	OK	 
REQUEST	grOB_StudRegPurchase	WPNG_CST_User_Search_by_Login	1643196756273	1643196756871	OK	 
REQUEST	grOB_StudRegRegcod	WPNG_CST_Institution_Details	1643196756415	1643196757009	OK	 
REQUEST	grOB_StudRegRegcod	WPNG_CST_Institution_Details	1643196756838	1643196757038	OK	 
REQUEST	grOB_StudRegFreeTrial	WPNG_CST_Institution_Details	1643196756478	1643196757056	OK	 
REQUEST	grOB_StudRegFreeTrial	WPNG_CST_Institution_Details	1643196756914	1643196757101	OK	 
REQUEST	grOB_StudRegRegcod	WPNG_CST_Institution_Details	1643196756588	1643196757168	OK	 
REQUEST	grOB_StudRegRegcod	WPNG_CST_Institution_Details	1643196756635	1643196757197	OK	 
REQUEST	grOB_StudRegPurchase	WPNG_CST_Institution_Details	1643196757311	1643196757526	OK	 
REQUEST	grOB_StudRegRegcod	WPNG_CST_Institution_Details	1643196756946	1643196757532	OK	 
REQUEST	grOB_StudRegFreeTrial	WPNG_CST_User_Enrollments	1643196757451	1643196757657	OK	 
REQUEST	grOB_StudRegRegcod	WPNG_CST_User_Enrollments	1643196757685	1643196757900	OK	 
REQUEST	grOB_StudRegFreeTrial	WPNG_CST_User_Enrollments	1643196757777	1643196757966	OK	 
REQUEST	grOB_StudRegRegcod	WPNG_CST_User_Enrollments	1643196757435	1643196757994	OK	 
REQUEST	grOB_StudRegRegcod	WPNG_CST_User_Enrollments	1643196757435	1643196758018	OK	 
REQUEST	grOB_StudRegRegcod	WPNG_CST_User_Enrollments	1643196757871	1643196758055	OK	 
REQUEST	grOB_StudRegRegcod	WPNG_CST_User_Enrollments	1643196757559	1643196758132	OK	 
REQUEST	grOB_StudRegPurchase	WPNG_CST_User_Enrollments	1643196758120	1643196758324	OK	 
REQUEST	grOB_StudRegRegcod	WPNG_CST_Institution_Sections	1643196758370	1643196758850	OK	 
REQUEST	grOB_StudRegFreeTrial	WPNG_CST_Institution_Sections	1643196758104	1643196758944	OK	 
REQUEST	grOB_StudRegFreeTrial	WPNG_CST_Institution_Sections	1643196758291	1643196759048	OK	 
REQUEST	grOB_StudRegFreeTrial	WPNG_CST_Institution_Sections	1643196757230	1643196759117	OK	 
REQUEST	grOB_StudRegRegcod	WPNG_CST_Institution_Sections	1643196758417	1643196759280	OK	 
REQUEST	grOB_StudRegRegcod	WPNG_CST_Institution_Sections	1643196758433	1643196759537	OK	 
REQUEST	grOB_StudRegRegcod	WPNG_CST_Institution_Sections	1643196758620	1643196759570	OK	 
REQUEST	grOB_StudRegPurchase	WPNG_CST_Institution_Sections	1643196758668	1643196759816	OK	 
REQUEST	grOB_StudRegRegcod	WPNG_CST_Institution_Sections	1643196758652	1643196759877	OK	 
REQUEST	grOB_StudRegFreeTrial	WPNG_CST_Section_Enroll_Student	1643196759433	1643196760684	OK	 
REQUEST	grOB_StudRegFreeTrial	WPNG_CST_Section_Enroll_Student	1643196759479	1643196760735	OK	 
REQUEST	grOB_StudRegRegcod	WPNG_CST_Section_Enroll_Student	1643196759385	1643196760937	OK	 
REQUEST	grOB_StudRegRegcod	WPNG_CST_Section_Enroll_Student	1643196759790	1643196761051	OK	 
REQUEST	grOB_StudRegFreeTrial	WPNG_CST_Section_Enroll_Student	1643196759542	1643196761051	OK	 
REQUEST	grOB_StudRegRegcod	WPNG_CST_Section_Enroll_Student	1643196760071	1643196761276	OK	 
REQUEST	grOB_StudRegRegcod	WPNG_CST_Section_Enroll_Student	1643196760227	1643196761288	OK	 
REQUEST	grOB_StudRegRegcod	WPNG_CST_Section_Enroll_Student	1643196760227	1643196761342	OK	 
REQUEST	grOB_StudRegPurchase	WPNG_CST_Section_Enroll_Student	1643196760370	1643196761491	OK	 
REQUEST	grOB_StudRegRegcod	WPNG_CST_Ecommerce_Purchase_Options	1643196761649	1643196762198	OK	 
REQUEST	grOB_StudRegRegcod	WPNG_CST_Ecommerce_Purchase_Options	1643196761618	1643196762194	OK	 
REQUEST	grOB_StudRegRegcod	WPNG_CST_Ecommerce_Purchase_Options	1643196761712	1643196762208	OK	 
REQUEST	grOB_StudRegRegcod	WPNG_CST_Ecommerce_Purchase_Options	1643196761867	1643196762309	OK	 
REQUEST	grOB_StudRegRegcod	WPNG_CST_Ecommerce_Purchase_Options	1643196761443	1643196762344	OK	 
REQUEST	grOB_StudRegFreeTrial	WPNG_CST_License_Free_Trial	1643196761304	1643196762450	OK	 
REQUEST	grOB_StudRegPurchase	WPNG_CST_Ecommerce_Purchase_Options	1643196762102	1643196762572	OK	 
REQUEST	grOB_StudRegFreeTrial	WPNG_CST_License_Free_Trial	1643196761381	1643196762753	OK	 
GROUP	grOB_StudRegFreeTrial	1643196745263	1643196762988	8757	OK
USER	Common Scenario	END	1643196762992
REQUEST	grOB_StudRegFreeTrial	WPNG_CST_License_Free_Trial	1643196761728	1643196763017	OK	 
REQUEST	grOB_StudRegRegcod	WPNG_CST_Ecommerce_Validate_Reg_Code	1643196762646	1643196763055	OK	 
REQUEST	grOB_StudRegRegcod	WPNG_CST_Ecommerce_Validate_Reg_Code	1643196762693	1643196763132	OK	 
GROUP	grOB_StudRegFreeTrial	1643196745263	1643196763221	9432	OK
USER	Common Scenario	END	1643196763222
REQUEST	grOB_StudRegRegcod	WPNG_CST_Ecommerce_Validate_Reg_Code	1643196762958	1643196763385	OK	 
REQUEST	grOB_StudRegPurchase	WPNG_CST_Ecommerce_Launch_Cart	1643196763192	1643196763400	OK	 
REQUEST	grOB_StudRegRegcod	WPNG_CST_Ecommerce_Validate_Reg_Code	1643196762756	1643196763545	OK	 
REQUEST	grOB_StudRegRegcod	WPNG_CST_Ecommerce_Validate_Reg_Code	1643196762848	1643196763685	OK	 
GROUP	grOB_StudRegFreeTrial	1643196745263	1643196763690	9520	OK
USER	Common Scenario	END	1643196763691
REQUEST	grOB_StudRegRegcod	WPNG_CST_Ecommerce_Burn_Reg_Code	1643196763454	1643196763878	OK	 
GROUP	grOB_StudRegPurchase	1643196745263	1643196763955	9335	OK
USER	Common Scenario	END	1643196763956
REQUEST	grOB_StudRegRegcod	WPNG_CST_Ecommerce_Burn_Reg_Code	1643196763737	1643196764137	OK	 
REQUEST	grOB_StudRegRegcod	WPNG_CST_Ecommerce_Burn_Reg_Code	1643196764003	1643196764497	OK	 
REQUEST	grOB_StudRegRegcod	WPNG_CST_Ecommerce_Burn_Reg_Code	1643196764191	1643196764641	OK	 
REQUEST	grOB_StudRegRegcod	WPNG_CST_Ecommerce_Burn_Reg_Code	1643196764333	1643196764788	OK	 
REQUEST	grOB_StudRegRegcod	WPNG_CST_Ecommerce_Purchase_Options	1643196764365	1643196764820	OK	 
GROUP	grOB_StudRegRegcod	1643196745264	1643196765342	10176	OK
USER	Common Scenario	END	1643196765344
REQUEST	grOB_StudRegRegcod	WPNG_CST_Ecommerce_Purchase_Options	1643196764599	1643196765417	OK	 
REQUEST	grOB_StudRegRegcod	WPNG_CST_Ecommerce_Purchase_Options	1643196765046	1643196765502	OK	 
REQUEST	grOB_StudRegRegcod	WPNG_CST_Ecommerce_Purchase_Options	1643196765186	1643196765592	OK	 
GROUP	grOB_StudRegRegcod	1643196745263	1643196765813	10253	OK
USER	Common Scenario	END	1643196765816
GROUP	grOB_StudRegRegcod	1643196745263	1643196766095	10675	OK
GROUP	grOB_StudRegRegcod	1643196745264	1643196766095	10511	OK
USER	Common Scenario	END	1643196766097
USER	Common Scenario	END	1643196766097
REQUEST	grOB_StudRegRegcod	WPNG_CST_Ecommerce_Purchase_Options	1643196765312	1643196766135	OK	 
GROUP	grOB_StudRegRegcod	1643196745263	1643196766533	10317	OK
USER	Common Scenario	END	1643196766536
