ASSERTION	AAEDAAECAwAAAAAAAIjDQA==
RUN	onboarding.obDebug	obdebug	1642568269919	 	3.6.1
USER	Common Scenario	START	1642568271940
USER	Common Scenario	START	1642568271940
USER	Common Scenario	START	1642568271940
USER	Common Scenario	START	1642568271940
USER	Common Scenario	START	1642568271940
USER	Common Scenario	START	1642568271940
USER	Common Scenario	START	1642568271940
USER	Common Scenario	START	1642568271940
USER	Common Scenario	START	1642568271940
REQUEST	grOnboardStudRegistrationFreeTrial	WPNG_CST_User_Check_Login	1642568272008	1642568273046	OK	 
REQUEST	grOnboardStudRegistrationFreeTrial	WPNG_CST_User_Check_Login	1642568272007	1642568273113	OK	 
REQUEST	grOnboardStudRegistrationPurchase	WPNG_CST_User_Check_Login	1642568272008	1642568273067	OK	 
REQUEST	grOnboardStudRegistrationPurchase	WPNG_CST_User_Check_Login	1642568272007	1642568273007	OK	 
REQUEST	grOnboardStudRegistrationPurchase	WPNG_CST_User_Check_Login	1642568272007	1642568273007	OK	 
REQUEST	grOnboardStudRegistrationRegcode	WPNG_CST_User_Check_Login	1642568272007	1642568273007	OK	 
REQUEST	grOnboardStudRegistrationPurchase	WPNG_CST_User_Check_Login	1642568272009	1642568273137	OK	 
REQUEST	grOnboardStudRegistrationRegcode	WPNG_CST_User_Check_Login	1642568272009	1642568273181	OK	 
REQUEST	grOnboardStudRegistrationFreeTrial	WPNG_CST_User_Check_Login	1642568272007	1642568273191	OK	 
REQUEST	grOnboardStudRegistrationFreeTrial	WPNG_CST_Institution_Search	1642568273125	1642568273802	OK	 
REQUEST	grOnboardStudRegistrationRegcode	WPNG_CST_Institution_Search	1642568273125	1642568273802	OK	 
REQUEST	grOnboardStudRegistrationPurchase	WPNG_CST_Institution_Search	1642568273140	1642568273808	OK	 
REQUEST	grOnboardStudRegistrationFreeTrial	WPNG_CST_Institution_Search	1642568273126	1642568273809	OK	 
REQUEST	grOnboardStudRegistrationRegcode	WPNG_CST_Institution_Search	1642568273185	1642568273813	OK	 
REQUEST	grOnboardStudRegistrationPurchase	WPNG_CST_Institution_Search	1642568273125	1642568273813	OK	 
REQUEST	grOnboardStudRegistrationPurchase	WPNG_CST_Institution_Search	1642568273127	1642568273821	OK	 
REQUEST	grOnboardStudRegistrationPurchase	WPNG_CST_Institution_Search	1642568273128	1642568273830	OK	 
REQUEST	grOnboardStudRegistrationFreeTrial	WPNG_CST_Institution_Search	1642568273197	1642568274254	OK	 
REQUEST	grOnboardStudRegistrationRegcode	WPNG_CST_User_Create	1642568273822	1642568275431	OK	 
REQUEST	grOnboardStudRegistrationFreeTrial	WPNG_CST_User_Create	1642568273828	1642568275443	OK	 
REQUEST	grOnboardStudRegistrationPurchase	WPNG_CST_User_Create	1642568273828	1642568275443	OK	 
REQUEST	grOnboardStudRegistrationFreeTrial	WPNG_CST_User_Create	1642568273821	1642568275534	OK	 
REQUEST	grOnboardStudRegistrationPurchase	WPNG_CST_User_Create	1642568273821	1642568275534	OK	 
REQUEST	grOnboardStudRegistrationPurchase	WPNG_CST_User_Create	1642568273822	1642568275652	OK	 
REQUEST	grOnboardStudRegistrationPurchase	WPNG_CST_User_Create	1642568273832	1642568275654	OK	 
REQUEST	grOnboardStudRegistrationRegcode	WPNG_CST_User_Create	1642568273822	1642568275661	OK	 
REQUEST	grOnboardStudRegistrationFreeTrial	WPNG_CST_User_Create	1642568274257	1642568276055	OK	 
REQUEST	grOnboardStudRegistrationPurchase	WPNG_CST_User_Activate_Login	1642568278193	1642568278389	OK	 
REQUEST	grOnboardStudRegistrationFreeTrial	WPNG_CST_User_Activate_Login	1642568278167	1642568278735	OK	 
REQUEST	grOnboardStudRegistrationPurchase	WPNG_CST_User_Activate_Login	1642568278167	1642568278744	OK	 
REQUEST	grOnboardStudRegistrationPurchase	WPNG_CST_User_Activate_Login Redirect 1	1642568278394	1642568278736	OK	 
REQUEST	grOnboardStudRegistrationPurchase	WPNG_CST_User_Activate_Login	1642568278167	1642568278753	OK	 
REQUEST	grOnboardStudRegistrationRegcode	WPNG_CST_User_Activate_Login	1642568278167	1642568278764	OK	 
REQUEST	grOnboardStudRegistrationFreeTrial	WPNG_CST_User_Activate_Login	1642568278192	1642568278767	OK	 
REQUEST	grOnboardStudRegistrationRegcode	WPNG_CST_User_Activate_Login	1642568278322	1642568278866	OK	 
REQUEST	grOnboardStudRegistrationPurchase	WPNG_CST_User_Activate_Login	1642568278312	1642568278893	OK	 
REQUEST	grOnboardStudRegistrationPurchase	WPNG_CST_User_Activate_Login Redirect 1	1642568278754	1642568279078	OK	 
REQUEST	grOnboardStudRegistrationPurchase	WPNG_CST_User_Activate_Login Redirect 1	1642568278745	1642568279085	OK	 
REQUEST	grOnboardStudRegistrationFreeTrial	WPNG_CST_User_Activate_Login Redirect 1	1642568278738	1642568279086	OK	 
REQUEST	grOnboardStudRegistrationRegcode	WPNG_CST_User_Activate_Login Redirect 1	1642568278765	1642568279107	OK	 
REQUEST	grOnboardStudRegistrationFreeTrial	WPNG_CST_User_Activate_Login Redirect 1	1642568278768	1642568279112	OK	 
REQUEST	grOnboardStudRegistrationFreeTrial	WPNG_CST_User_Activate_Login	1642568278540	1642568279116	OK	 
REQUEST	grOnboardStudRegistrationRegcode	WPNG_CST_User_Activate_Login Redirect 1	1642568278867	1642568279214	OK	 
REQUEST	grOnboardStudRegistrationPurchase	WPNG_CST_User_Activate_Login Redirect 1	1642568278894	1642568279217	OK	 
REQUEST	grOnboardStudRegistrationFreeTrial	WPNG_CST_User_Activate_Login Redirect 1	1642568279117	1642568279473	OK	 
REQUEST	grOnboardStudRegistrationPurchase	WPNG_CST_User_Set_Password	1642568279079	1642568279547	OK	 
REQUEST	grOnboardStudRegistrationFreeTrial	WPNG_CST_User_Set_Password	1642568279113	1642568279550	OK	 
REQUEST	grOnboardStudRegistrationPurchase	WPNG_CST_User_Set_Password	1642568278746	1642568279623	OK	 
REQUEST	grOnboardStudRegistrationFreeTrial	WPNG_CST_User_Set_Password	1642568279088	1642568279946	OK	 
REQUEST	grOnboardStudRegistrationRegcode	WPNG_CST_User_Set_Password	1642568279215	1642568279954	OK	 
REQUEST	grOnboardStudRegistrationPurchase	WPNG_CST_User_Set_Password	1642568279087	1642568279997	OK	 
REQUEST	grOnboardStudRegistrationPurchase	WPNG_CST_User_Set_Password	1642568279219	1642568279999	OK	 
REQUEST	grOnboardStudRegistrationRegcode	WPNG_CST_User_Set_Password	1642568279111	1642568280016	OK	 
REQUEST	grOnboardStudRegistrationPurchase	WPNG_SSO_User_Login	1642568279548	1642568280192	OK	 
REQUEST	grOnboardStudRegistrationFreeTrial	WPNG_SSO_User_Login	1642568279552	1642568280198	OK	 
REQUEST	grOnboardStudRegistrationRegcode	WPNG_SSO_User_Login	1642568280018	1642568280260	OK	 
REQUEST	grOnboardStudRegistrationPurchase	WPNG_SSO_User_Login	1642568279625	1642568280262	OK	 
REQUEST	grOnboardStudRegistrationFreeTrial	WPNG_CST_User_Set_Password	1642568279476	1642568280351	OK	 
REQUEST	grOnboardStudRegistrationRegcode	WPNG_CST_User_Search_by_Login	1642568280263	1642568280467	OK	 
REQUEST	grOnboardStudRegistrationFreeTrial	WPNG_SSO_User_Login	1642568279948	1642568280552	OK	 
REQUEST	grOnboardStudRegistrationRegcode	WPNG_SSO_User_Login	1642568279955	1642568280552	OK	 
REQUEST	grOnboardStudRegistrationPurchase	WPNG_SSO_User_Login	1642568280001	1642568280611	OK	 
REQUEST	grOnboardStudRegistrationPurchase	WPNG_SSO_User_Login	1642568279998	1642568280614	OK	 
REQUEST	grOnboardStudRegistrationFreeTrial	WPNG_CST_User_Search_by_Login	1642568280200	1642568280794	OK	 
REQUEST	grOnboardStudRegistrationPurchase	WPNG_CST_User_Search_by_Login	1642568280612	1642568280798	OK	 
REQUEST	grOnboardStudRegistrationPurchase	WPNG_CST_User_Search_by_Login	1642568280194	1642568280798	OK	 
REQUEST	grOnboardStudRegistrationPurchase	WPNG_CST_User_Search_by_Login	1642568280264	1642568280875	OK	 
REQUEST	grOnboardStudRegistrationFreeTrial	WPNG_SSO_User_Login	1642568280353	1642568280961	OK	 
REQUEST	grOnboardStudRegistrationRegcode	WPNG_CST_Institution_Details	1642568280468	1642568281055	OK	 
REQUEST	grOnboardStudRegistrationFreeTrial	WPNG_CST_User_Search_by_Login	1642568280555	1642568281108	OK	 
REQUEST	grOnboardStudRegistrationRegcode	WPNG_CST_User_Search_by_Login	1642568280558	1642568281112	OK	 
REQUEST	grOnboardStudRegistrationPurchase	WPNG_CST_User_Search_by_Login	1642568280616	1642568281209	OK	 
REQUEST	grOnboardStudRegistrationFreeTrial	WPNG_CST_Institution_Details	1642568281110	1642568281296	OK	 
REQUEST	grOnboardStudRegistrationFreeTrial	WPNG_CST_Institution_Details	1642568280796	1642568281344	OK	 
REQUEST	grOnboardStudRegistrationPurchase	WPNG_CST_Institution_Details	1642568280799	1642568281367	OK	 
REQUEST	grOnboardStudRegistrationPurchase	WPNG_CST_Institution_Details	1642568280800	1642568281381	OK	 
REQUEST	grOnboardStudRegistrationPurchase	WPNG_CST_Institution_Details	1642568281211	1642568281393	OK	 
REQUEST	grOnboardStudRegistrationPurchase	WPNG_CST_Institution_Details	1642568280877	1642568281452	OK	 
REQUEST	grOnboardStudRegistrationFreeTrial	WPNG_CST_User_Search_by_Login	1642568280962	1642568281549	OK	 
REQUEST	grOnboardStudRegistrationRegcode	WPNG_CST_User_Enrollments	1642568281057	1642568281655	OK	 
REQUEST	grOnboardStudRegistrationRegcode	WPNG_CST_Institution_Details	1642568281114	1642568281689	OK	 
REQUEST	grOnboardStudRegistrationRegcode	WPNG_CST_User_Enrollments	1642568281691	1642568281880	OK	 
REQUEST	grOnboardStudRegistrationFreeTrial	WPNG_CST_User_Enrollments	1642568281298	1642568281884	OK	 
REQUEST	grOnboardStudRegistrationFreeTrial	WPNG_CST_User_Enrollments	1642568281346	1642568281909	OK	 
REQUEST	grOnboardStudRegistrationPurchase	WPNG_CST_User_Enrollments	1642568281395	1642568281947	OK	 
REQUEST	grOnboardStudRegistrationPurchase	WPNG_CST_User_Enrollments	1642568281382	1642568281947	OK	 
REQUEST	grOnboardStudRegistrationPurchase	WPNG_CST_User_Enrollments	1642568281369	1642568281959	OK	 
REQUEST	grOnboardStudRegistrationPurchase	WPNG_CST_User_Enrollments	1642568281453	1642568282020	OK	 
REQUEST	grOnboardStudRegistrationFreeTrial	WPNG_CST_Institution_Details	1642568281551	1642568282141	OK	 
REQUEST	grOnboardStudRegistrationFreeTrial	WPNG_CST_User_Enrollments	1642568282143	1642568282729	OK	 
REQUEST	grOnboardStudRegistrationRegcode	WPNG_CST_Institution_Sections	1642568281882	1642568283464	OK	 
REQUEST	grOnboardStudRegistrationRegcode	WPNG_CST_Institution_Sections	1642568281657	1642568283466	OK	 
REQUEST	grOnboardStudRegistrationFreeTrial	WPNG_CST_Institution_Sections	1642568281910	1642568283822	OK	 
REQUEST	grOnboardStudRegistrationPurchase	WPNG_CST_Institution_Sections	1642568281949	1642568284019	OK	 
REQUEST	grOnboardStudRegistrationPurchase	WPNG_CST_Institution_Sections	1642568282021	1642568284153	OK	 
REQUEST	grOnboardStudRegistrationPurchase	WPNG_CST_Institution_Sections	1642568281961	1642568284159	OK	 
REQUEST	grOnboardStudRegistrationRegcode	WPNG_CST_Section_Enroll_Student	1642568283467	1642568285666	OK	 
REQUEST	grOnboardStudRegistrationFreeTrial	WPNG_CST_Section_Enroll_Student	1642568283842	1642568285666	OK	 
REQUEST	grOnboardStudRegistrationRegcode	WPNG_CST_Section_Enroll_Student	1642568283470	1642568285668	OK	 
REQUEST	grOnboardStudRegistrationFreeTrial	WPNG_CST_Institution_Sections	1642568282731	1642568285740	OK	 
REQUEST	grOnboardStudRegistrationPurchase	WPNG_CST_Section_Enroll_Student	1642568284037	1642568285953	OK	 
REQUEST	grOnboardStudRegistrationPurchase	WPNG_CST_Section_Enroll_Student	1642568284210	1642568286006	OK	 
REQUEST	grOnboardStudRegistrationPurchase	WPNG_CST_Section_Enroll_Student	1642568284190	1642568286007	OK	 
REQUEST	grOnboardStudRegistrationFreeTrial	WPNG_CST_Institution_Sections	1642568281885	1642568286255	OK	 
REQUEST	grOnboardStudRegistrationRegcode	WPNG_CST_Ecommerce_Purchase_Options	1642568285670	1642568286385	OK	 
REQUEST	grOnboardStudRegistrationRegcode	WPNG_CST_Ecommerce_Purchase_Options	1642568285668	1642568286384	OK	 
REQUEST	grOnboardStudRegistrationPurchase	WPNG_CST_Institution_Sections	1642568281950	1642568286421	OK	 
REQUEST	grOnboardStudRegistrationPurchase	WPNG_CST_Ecommerce_Purchase_Options	1642568286008	1642568286427	OK	 
REQUEST	grOnboardStudRegistrationPurchase	WPNG_CST_Ecommerce_Launch_Cart	1642568286444	1642568286656	KO	jsonPath($.message).find.exists, found nothing
GROUP	grOnboardStudRegistrationPurchase	1642568271954	1642568286660	11572	KO
USER	Common Scenario	END	1642568286664
REQUEST	grOnboardStudRegistrationPurchase	WPNG_CST_Ecommerce_Purchase_Options	1642568285955	1642568286686	KO	status.find.is(200), but actually found 400
ERROR	WPNG_CST_Ecommerce_Launch_Cart: Failed to build request: No attribute named 'instantAccessISBN' is defined 	1642568286690
GROUP	grOnboardStudRegistrationPurchase	1642568271955	1642568286691	11996	KO
USER	Common Scenario	END	1642568286692
REQUEST	grOnboardStudRegistrationPurchase	WPNG_CST_Ecommerce_Purchase_Options	1642568286010	1642568286732	OK	 
REQUEST	grOnboardStudRegistrationRegcode	WPNG_CST_Ecommerce_Validate_Reg_Code	1642568286389	1642568286761	OK	 
REQUEST	grOnboardStudRegistrationRegcode	WPNG_CST_Ecommerce_Validate_Reg_Code	1642568286388	1642568286785	OK	 
REQUEST	grOnboardStudRegistrationPurchase	WPNG_CST_Ecommerce_Launch_Cart	1642568286734	1642568286937	KO	jsonPath($.message).find.exists, found nothing
GROUP	grOnboardStudRegistrationPurchase	1642568271954	1642568286938	12197	KO
USER	Common Scenario	END	1642568286938
REQUEST	grOnboardStudRegistrationFreeTrial	WPNG_CST_Section_Enroll_Student	1642568285742	1642568287016	OK	 
REQUEST	grOnboardStudRegistrationFreeTrial	WPNG_CST_License_Free_Trial	1642568285669	1642568287218	OK	 
GROUP	grOnboardStudRegistrationFreeTrial	1642568271956	1642568287219	12494	OK
USER	Common Scenario	END	1642568287220
REQUEST	grOnboardStudRegistrationRegcode	WPNG_CST_Ecommerce_Burn_Reg_Code	1642568286762	1642568287427	OK	 
REQUEST	grOnboardStudRegistrationRegcode	WPNG_CST_Ecommerce_Burn_Reg_Code	1642568286786	1642568287455	OK	 
REQUEST	grOnboardStudRegistrationFreeTrial	WPNG_CST_Section_Enroll_Student	1642568286279	1642568287576	OK	 
REQUEST	grOnboardStudRegistrationRegcode	WPNG_CST_Ecommerce_Purchase_Options	1642568287431	1642568287699	OK	 
GROUP	grOnboardStudRegistrationRegcode	1642568271955	1642568287701	12863	OK
USER	Common Scenario	END	1642568287702
REQUEST	grOnboardStudRegistrationRegcode	WPNG_CST_Ecommerce_Purchase_Options	1642568287457	1642568288121	OK	 
GROUP	grOnboardStudRegistrationRegcode	1642568271954	1642568288123	13336	OK
USER	Common Scenario	END	1642568288124
REQUEST	grOnboardStudRegistrationPurchase	WPNG_CST_Section_Enroll_Student	1642568286443	1642568288140	OK	 
REQUEST	grOnboardStudRegistrationFreeTrial	WPNG_CST_License_Free_Trial	1642568287018	1642568288631	OK	 
GROUP	grOnboardStudRegistrationFreeTrial	1642568271956	1642568288632	14113	OK
USER	Common Scenario	END	1642568288633
REQUEST	grOnboardStudRegistrationFreeTrial	WPNG_CST_License_Free_Trial	1642568287577	1642568288634	OK	 
GROUP	grOnboardStudRegistrationFreeTrial	1642568271954	1642568288635	13757	OK
USER	Common Scenario	END	1642568288636
REQUEST	grOnboardStudRegistrationPurchase	WPNG_CST_Ecommerce_Purchase_Options	1642568288142	1642568288831	OK	 
REQUEST	grOnboardStudRegistrationPurchase	WPNG_CST_Ecommerce_Launch_Cart	1642568288837	1642568289616	KO	jsonPath($.message).find.exists, found nothing
GROUP	grOnboardStudRegistrationPurchase	1642568271954	1642568289621	14991	KO
USER	Common Scenario	END	1642568289623
