ASSERTION	AAEDAAECAwAAAAAAAIjDQA==
RUN	onboarding.obDebug	obdebug	1642524541586	 	3.6.1
USER	Common Scenario	START	1642524543098
USER	Common Scenario	START	1642524543098
USER	Common Scenario	START	1642524543098
USER	Common Scenario	START	1642524543098
USER	Common Scenario	START	1642524543098
USER	Common Scenario	START	1642524543098
USER	Common Scenario	START	1642524543098
USER	Common Scenario	START	1642524543098
USER	Common Scenario	START	1642524543098
REQUEST	grOnboardStudRegistrationFreeTrial	WPNG_CST_User_Check_Login	1642524543171	1642524543779	OK	 
REQUEST	grOnboardStudRegistrationRegcode	WPNG_CST_User_Check_Login	1642524543170	1642524543742	OK	 
REQUEST	grOnboardStudRegistrationRegcode	WPNG_CST_User_Check_Login	1642524543187	1642524543749	OK	 
REQUEST	grOnboardStudRegistrationPurchase	WPNG_CST_User_Check_Login	1642524543170	1642524543742	OK	 
REQUEST	grOnboardStudRegistrationRegcode	WPNG_CST_Institution_Search	1642524543864	1642524544100	OK	 
REQUEST	grOnboardStudRegistrationFreeTrial	WPNG_CST_Institution_Search	1642524543864	1642524544098	OK	 
REQUEST	grOnboardStudRegistrationPurchase	WPNG_CST_User_Check_Login	1642524543170	1642524544100	OK	 
REQUEST	grOnboardStudRegistrationPurchase	WPNG_CST_User_Check_Login	1642524543174	1642524544107	OK	 
REQUEST	grOnboardStudRegistrationPurchase	WPNG_CST_User_Check_Login	1642524543171	1642524544136	OK	 
REQUEST	grOnboardStudRegistrationPurchase	WPNG_CST_Institution_Search	1642524543864	1642524544148	OK	 
REQUEST	grOnboardStudRegistrationPurchase	WPNG_CST_User_Check_Login	1642524543170	1642524544155	OK	 
REQUEST	grOnboardStudRegistrationPurchase	WPNG_CST_Institution_Search	1642524544111	1642524544334	OK	 
REQUEST	grOnboardStudRegistrationRegcode	WPNG_CST_User_Check_Login	1642524543171	1642524544334	OK	 
REQUEST	grOnboardStudRegistrationPurchase	WPNG_CST_Institution_Search	1642524544103	1642524544355	OK	 
REQUEST	grOnboardStudRegistrationPurchase	WPNG_CST_Institution_Search	1642524544141	1642524544737	OK	 
REQUEST	grOnboardStudRegistrationRegcode	WPNG_CST_Institution_Search	1642524543864	1642524544793	OK	 
REQUEST	grOnboardStudRegistrationPurchase	WPNG_CST_Institution_Search	1642524544158	1642524544798	OK	 
REQUEST	grOnboardStudRegistrationRegcode	WPNG_CST_Institution_Search	1642524544337	1642524544935	OK	 
REQUEST	grOnboardStudRegistrationPurchase	WPNG_CST_User_Create	1642524544151	1642524545736	OK	 
REQUEST	grOnboardStudRegistrationFreeTrial	WPNG_CST_User_Create	1642524544113	1642524545733	OK	 
REQUEST	grOnboardStudRegistrationRegcode	WPNG_CST_User_Create	1642524544113	1642524545985	OK	 
REQUEST	grOnboardStudRegistrationPurchase	WPNG_CST_User_Create	1642524544739	1642524546088	OK	 
REQUEST	grOnboardStudRegistrationPurchase	WPNG_CST_User_Create	1642524544357	1642524546115	OK	 
REQUEST	grOnboardStudRegistrationRegcode	WPNG_CST_User_Create	1642524544798	1642524546303	OK	 
REQUEST	grOnboardStudRegistrationPurchase	WPNG_CST_User_Create	1642524544337	1642524546364	OK	 
REQUEST	grOnboardStudRegistrationPurchase	WPNG_CST_User_Create	1642524544802	1642524546620	OK	 
REQUEST	grOnboardStudRegistrationRegcode	WPNG_CST_User_Create	1642524544937	1642524546625	OK	 
REQUEST	grOnboardStudRegistrationFreeTrial	WPNG_CST_User_Activate_Login	1642524548705	1642524548905	OK	 
REQUEST	grOnboardStudRegistrationPurchase	WPNG_CST_User_Activate_Login	1642524548705	1642524548914	OK	 
REQUEST	grOnboardStudRegistrationPurchase	WPNG_CST_User_Activate_Login	1642524548855	1642524549037	OK	 
REQUEST	grOnboardStudRegistrationRegcode	WPNG_CST_User_Activate_Login	1642524548847	1642524549050	OK	 
REQUEST	grOnboardStudRegistrationPurchase	WPNG_CST_User_Activate_Login Redirect 1	1642524548915	1642524549286	OK	 
REQUEST	grOnboardStudRegistrationFreeTrial	WPNG_CST_User_Activate_Login Redirect 1	1642524548909	1642524549324	OK	 
REQUEST	grOnboardStudRegistrationPurchase	WPNG_CST_User_Activate_Login	1642524549175	1642524549356	OK	 
REQUEST	grOnboardStudRegistrationPurchase	WPNG_CST_User_Activate_Login	1642524548810	1642524549380	OK	 
REQUEST	grOnboardStudRegistrationPurchase	WPNG_CST_User_Activate_Login Redirect 1	1642524549038	1642524549396	OK	 
REQUEST	grOnboardStudRegistrationRegcode	WPNG_CST_User_Activate_Login	1642524548807	1642524549418	OK	 
REQUEST	grOnboardStudRegistrationPurchase	WPNG_CST_User_Activate_Login	1642524548806	1642524549425	OK	 
REQUEST	grOnboardStudRegistrationRegcode	WPNG_CST_User_Activate_Login Redirect 1	1642524549052	1642524549439	OK	 
REQUEST	grOnboardStudRegistrationPurchase	WPNG_CST_User_Activate_Login Redirect 1	1642524549358	1642524549713	OK	 
REQUEST	grOnboardStudRegistrationPurchase	WPNG_CST_User_Activate_Login Redirect 1	1642524549381	1642524549728	OK	 
REQUEST	grOnboardStudRegistrationPurchase	WPNG_CST_User_Activate_Login Redirect 1	1642524549426	1642524549761	OK	 
REQUEST	grOnboardStudRegistrationRegcode	WPNG_CST_User_Activate_Login Redirect 1	1642524549419	1642524549772	OK	 
REQUEST	grOnboardStudRegistrationPurchase	WPNG_CST_User_Set_Password	1642524549295	1642524549830	OK	 
REQUEST	grOnboardStudRegistrationRegcode	WPNG_CST_User_Activate_Login	1642524549262	1642524549830	OK	 
REQUEST	grOnboardStudRegistrationFreeTrial	WPNG_CST_User_Set_Password	1642524549326	1642524549835	OK	 
REQUEST	grOnboardStudRegistrationRegcode	WPNG_CST_User_Set_Password	1642524549440	1642524549909	OK	 
REQUEST	grOnboardStudRegistrationRegcode	WPNG_SSO_User_Login	1642524549910	1642524550130	OK	 
REQUEST	grOnboardStudRegistrationRegcode	WPNG_CST_User_Activate_Login Redirect 1	1642524549832	1642524550212	OK	 
REQUEST	grOnboardStudRegistrationRegcode	WPNG_CST_User_Set_Password	1642524549773	1642524550246	OK	 
REQUEST	grOnboardStudRegistrationPurchase	WPNG_CST_User_Set_Password	1642524549398	1642524550250	OK	 
REQUEST	grOnboardStudRegistrationPurchase	WPNG_CST_User_Set_Password	1642524549730	1642524550277	OK	 
REQUEST	grOnboardStudRegistrationPurchase	WPNG_CST_User_Set_Password	1642524549763	1642524550306	OK	 
REQUEST	grOnboardStudRegistrationFreeTrial	WPNG_SSO_User_Login	1642524549836	1642524550426	OK	 
REQUEST	grOnboardStudRegistrationPurchase	WPNG_SSO_User_Login	1642524549832	1642524550447	OK	 
REQUEST	grOnboardStudRegistrationPurchase	WPNG_SSO_User_Login	1642524550278	1642524550519	OK	 
REQUEST	grOnboardStudRegistrationPurchase	WPNG_CST_User_Set_Password	1642524549716	1642524550548	OK	 
REQUEST	grOnboardStudRegistrationFreeTrial	WPNG_CST_User_Search_by_Login	1642524550428	1642524550631	OK	 
REQUEST	grOnboardStudRegistrationPurchase	WPNG_CST_User_Search_by_Login	1642524550448	1642524550674	OK	 
REQUEST	grOnboardStudRegistrationRegcode	WPNG_CST_User_Search_by_Login	1642524550131	1642524550692	OK	 
REQUEST	grOnboardStudRegistrationPurchase	WPNG_SSO_User_Login	1642524550549	1642524550790	OK	 
REQUEST	grOnboardStudRegistrationFreeTrial	WPNG_CST_Institution_Details	1642524550634	1642524550851	OK	 
REQUEST	grOnboardStudRegistrationPurchase	WPNG_SSO_User_Login	1642524550251	1642524550854	OK	 
REQUEST	grOnboardStudRegistrationRegcode	WPNG_SSO_User_Login	1642524550247	1642524550873	OK	 
REQUEST	grOnboardStudRegistrationPurchase	WPNG_SSO_User_Login	1642524550311	1642524550999	OK	 
REQUEST	grOnboardStudRegistrationRegcode	WPNG_CST_User_Set_Password	1642524550213	1642524551118	OK	 
REQUEST	grOnboardStudRegistrationPurchase	WPNG_CST_User_Search_by_Login	1642524550521	1642524551132	OK	 
REQUEST	grOnboardStudRegistrationRegcode	WPNG_CST_Institution_Details	1642524550694	1642524551288	OK	 
REQUEST	grOnboardStudRegistrationPurchase	WPNG_CST_Institution_Details	1642524551133	1642524551321	OK	 
REQUEST	grOnboardStudRegistrationPurchase	WPNG_CST_Institution_Details	1642524550676	1642524551324	OK	 
REQUEST	grOnboardStudRegistrationPurchase	WPNG_CST_User_Search_by_Login	1642524550855	1642524551409	OK	 
REQUEST	grOnboardStudRegistrationPurchase	WPNG_CST_User_Search_by_Login	1642524550793	1642524551413	OK	 
REQUEST	grOnboardStudRegistrationFreeTrial	WPNG_CST_User_Enrollments	1642524550852	1642524551466	OK	 
REQUEST	grOnboardStudRegistrationRegcode	WPNG_CST_User_Search_by_Login	1642524550875	1642524551482	OK	 
REQUEST	grOnboardStudRegistrationPurchase	WPNG_CST_User_Enrollments	1642524551327	1642524551539	OK	 
REQUEST	grOnboardStudRegistrationPurchase	WPNG_CST_User_Search_by_Login	1642524551001	1642524551569	OK	 
REQUEST	grOnboardStudRegistrationPurchase	WPNG_CST_Institution_Details	1642524551411	1642524551598	OK	 
REQUEST	grOnboardStudRegistrationPurchase	WPNG_CST_Institution_Details	1642524551414	1642524551613	OK	 
REQUEST	grOnboardStudRegistrationRegcode	WPNG_CST_Institution_Details	1642524551483	1642524551702	OK	 
REQUEST	grOnboardStudRegistrationRegcode	WPNG_SSO_User_Login	1642524551119	1642524551776	OK	 
REQUEST	grOnboardStudRegistrationPurchase	WPNG_CST_User_Enrollments	1642524551615	1642524551839	OK	 
REQUEST	grOnboardStudRegistrationRegcode	WPNG_CST_User_Enrollments	1642524551289	1642524551874	OK	 
REQUEST	grOnboardStudRegistrationPurchase	WPNG_CST_User_Enrollments	1642524551323	1642524551930	OK	 
REQUEST	grOnboardStudRegistrationRegcode	WPNG_CST_User_Search_by_Login	1642524551778	1642524551983	OK	 
REQUEST	grOnboardStudRegistrationPurchase	WPNG_CST_Institution_Sections	1642524551840	1642524552094	OK	 
REQUEST	grOnboardStudRegistrationPurchase	WPNG_CST_Institution_Details	1642524551572	1642524552128	OK	 
REQUEST	grOnboardStudRegistrationPurchase	WPNG_CST_User_Enrollments	1642524551599	1642524552199	OK	 
REQUEST	grOnboardStudRegistrationRegcode	WPNG_CST_User_Enrollments	1642524551704	1642524552322	OK	 
REQUEST	grOnboardStudRegistrationRegcode	WPNG_CST_Institution_Details	1642524551984	1642524552554	OK	 
REQUEST	grOnboardStudRegistrationPurchase	WPNG_CST_User_Enrollments	1642524552129	1642524552707	OK	 
REQUEST	grOnboardStudRegistrationRegcode	WPNG_CST_User_Enrollments	1642524552556	1642524552787	OK	 
REQUEST	grOnboardStudRegistrationFreeTrial	WPNG_CST_Institution_Sections	1642524551468	1642524553054	OK	 
REQUEST	grOnboardStudRegistrationPurchase	WPNG_CST_Institution_Sections	1642524551541	1642524553064	OK	 
REQUEST	grOnboardStudRegistrationPurchase	WPNG_CST_Institution_Sections	1642524551931	1642524553064	OK	 
REQUEST	grOnboardStudRegistrationRegcode	WPNG_CST_Institution_Sections	1642524551876	1642524553326	OK	 
REQUEST	grOnboardStudRegistrationRegcode	WPNG_CST_Institution_Sections	1642524552324	1642524553770	OK	 
REQUEST	grOnboardStudRegistrationPurchase	WPNG_CST_Institution_Sections	1642524552201	1642524553775	OK	 
REQUEST	grOnboardStudRegistrationPurchase	WPNG_CST_Section_Enroll_Student	1642524552096	1642524554138	OK	 
REQUEST	grOnboardStudRegistrationPurchase	WPNG_CST_Institution_Sections	1642524552708	1642524554451	OK	 
REQUEST	grOnboardStudRegistrationRegcode	WPNG_CST_Institution_Sections	1642524552789	1642524554475	OK	 
REQUEST	grOnboardStudRegistrationPurchase	WPNG_CST_Ecommerce_Purchase_Options	1642524554139	1642524554501	OK	 
REQUEST	grOnboardStudRegistrationPurchase	WPNG_CST_Section_Enroll_Student	1642524553093	1642524554588	OK	 
REQUEST	grOnboardStudRegistrationFreeTrial	WPNG_CST_Section_Enroll_Student	1642524553082	1642524554609	OK	 
REQUEST	grOnboardStudRegistrationPurchase	WPNG_CST_Section_Enroll_Student	1642524553109	1642524554983	OK	 
REQUEST	grOnboardStudRegistrationPurchase	WPNG_CST_Ecommerce_Launch_Cart	1642524554506	1642524555125	KO	jsonPath($.message).find.exists, found nothing
GROUP	grOnboardStudRegistrationPurchase	1642524543114	1642524555134	9372	KO
USER	Common Scenario	END	1642524555137
REQUEST	grOnboardStudRegistrationRegcode	WPNG_CST_Section_Enroll_Student	1642524553345	1642524555166	OK	 
REQUEST	grOnboardStudRegistrationPurchase	WPNG_CST_Ecommerce_Purchase_Options	1642524554590	1642524555262	OK	 
REQUEST	grOnboardStudRegistrationRegcode	WPNG_CST_Section_Enroll_Student	1642524553797	1642524555464	OK	 
REQUEST	grOnboardStudRegistrationRegcode	WPNG_CST_Ecommerce_Purchase_Options	1642524555168	1642524555478	OK	 
REQUEST	grOnboardStudRegistrationPurchase	WPNG_CST_Ecommerce_Launch_Cart	1642524555264	1642524555488	KO	jsonPath($.message).find.exists, found nothing
GROUP	grOnboardStudRegistrationPurchase	1642524543116	1642524555490	9640	KO
USER	Common Scenario	END	1642524555491
REQUEST	grOnboardStudRegistrationPurchase	WPNG_CST_Ecommerce_Purchase_Options	1642524554986	1642524555680	OK	 
REQUEST	grOnboardStudRegistrationRegcode	WPNG_CST_Section_Enroll_Student	1642524554498	1642524555759	OK	 
REQUEST	grOnboardStudRegistrationRegcode	WPNG_CST_Ecommerce_Validate_Reg_Code	1642524555482	1642524555781	OK	 
REQUEST	grOnboardStudRegistrationPurchase	WPNG_CST_Ecommerce_Launch_Cart	1642524555682	1642524555875	KO	jsonPath($.message).find.exists, found nothing
GROUP	grOnboardStudRegistrationPurchase	1642524543114	1642524555877	9945	KO
USER	Common Scenario	END	1642524555877
REQUEST	grOnboardStudRegistrationRegcode	WPNG_CST_Ecommerce_Purchase_Options	1642524555761	1642524556071	OK	 
REQUEST	grOnboardStudRegistrationRegcode	WPNG_CST_Ecommerce_Burn_Reg_Code	1642524555783	1642524556084	OK	 
REQUEST	grOnboardStudRegistrationPurchase	WPNG_CST_Section_Enroll_Student	1642524554472	1642524556102	OK	 
REQUEST	grOnboardStudRegistrationFreeTrial	WPNG_CST_License_Free_Trial	1642524554611	1642524556111	OK	 
GROUP	grOnboardStudRegistrationFreeTrial	1642524543115	1642524556111	9823	OK
USER	Common Scenario	END	1642524556112
REQUEST	grOnboardStudRegistrationPurchase	WPNG_CST_Section_Enroll_Student	1642524553814	1642524556122	OK	 
REQUEST	grOnboardStudRegistrationRegcode	WPNG_CST_Ecommerce_Purchase_Options	1642524555465	1642524556196	OK	 
REQUEST	grOnboardStudRegistrationRegcode	WPNG_CST_Ecommerce_Validate_Reg_Code	1642524556073	1642524556516	OK	 
REQUEST	grOnboardStudRegistrationRegcode	WPNG_CST_Ecommerce_Purchase_Options	1642524556085	1642524556545	OK	 
GROUP	grOnboardStudRegistrationRegcode	1642524543114	1642524556547	10656	OK
USER	Common Scenario	END	1642524556548
REQUEST	grOnboardStudRegistrationPurchase	WPNG_CST_Ecommerce_Purchase_Options	1642524556123	1642524556637	OK	 
REQUEST	grOnboardStudRegistrationRegcode	WPNG_CST_Ecommerce_Validate_Reg_Code	1642524556198	1642524556687	OK	 
REQUEST	grOnboardStudRegistrationPurchase	WPNG_CST_Ecommerce_Purchase_Options	1642524556103	1642524556962	OK	 
REQUEST	grOnboardStudRegistrationPurchase	WPNG_CST_Ecommerce_Launch_Cart	1642524556965	1642524557177	KO	jsonPath($.message).find.exists, found nothing
GROUP	grOnboardStudRegistrationPurchase	1642524543114	1642524557178	10772	KO
USER	Common Scenario	END	1642524557179
REQUEST	grOnboardStudRegistrationPurchase	WPNG_CST_Ecommerce_Launch_Cart	1642524556640	1642524557211	KO	jsonPath($.message).find.exists, found nothing
GROUP	grOnboardStudRegistrationPurchase	1642524543115	1642524557212	11486	KO
USER	Common Scenario	END	1642524557213
REQUEST	grOnboardStudRegistrationRegcode	WPNG_CST_Ecommerce_Burn_Reg_Code	1642524556519	1642524557345	OK	 
REQUEST	grOnboardStudRegistrationRegcode	WPNG_CST_Ecommerce_Burn_Reg_Code	1642524556688	1642524557508	OK	 
REQUEST	grOnboardStudRegistrationRegcode	WPNG_CST_Ecommerce_Purchase_Options	1642524557509	1642524557959	OK	 
GROUP	grOnboardStudRegistrationRegcode	1642524543115	1642524557963	11790	OK
USER	Common Scenario	END	1642524557965
REQUEST	grOnboardStudRegistrationRegcode	WPNG_CST_Ecommerce_Purchase_Options	1642524557348	1642524558178	OK	 
GROUP	grOnboardStudRegistrationRegcode	1642524543115	1642524558179	12321	OK
USER	Common Scenario	END	1642524558180
