ASSERTION	AAEDAAECAwAAAAAAAIjDQA==
RUN	onboarding.obDebug	obdebug	1642583366600	 	3.6.1
USER	Common Scenario	START	1642583368628
USER	Common Scenario	START	1642583368628
USER	Common Scenario	START	1642583368628
USER	Common Scenario	START	1642583368628
USER	Common Scenario	START	1642583368628
USER	Common Scenario	START	1642583368628
USER	Common Scenario	START	1642583368628
USER	Common Scenario	START	1642583368628
USER	Common Scenario	START	1642583368628
REQUEST	grOB_StudRegRegcod	WPNG_CST_User_Check_Login	1642583368699	1642583370118	OK	 
REQUEST	grOB_StudRegRegcod	WPNG_CST_User_Check_Login	1642583368699	1642583370108	OK	 
REQUEST	grOB_StudRegRegcod	WPNG_CST_User_Check_Login	1642583368699	1642583370138	OK	 
REQUEST	grOB_StudRegPurchase	WPNG_CST_User_Check_Login	1642583368699	1642583370115	OK	 
REQUEST	grOB_StudRegRegcod	WPNG_CST_User_Check_Login	1642583368699	1642583370102	OK	 
REQUEST	grOB_StudRegRegcod	WPNG_CST_User_Check_Login	1642583368699	1642583370118	OK	 
REQUEST	grOB_StudRegFreeTrial	WPNG_CST_User_Check_Login	1642583368699	1642583370103	OK	 
REQUEST	grOB_StudRegFreeTrial	WPNG_CST_User_Check_Login	1642583368699	1642583370102	OK	 
REQUEST	grOB_StudRegPurchase	WPNG_CST_User_Check_Login	1642583368700	1642583370308	OK	 
REQUEST	grOB_StudRegPurchase	WPNG_CST_Institution_Search	1642583370204	1642583370455	OK	 
REQUEST	grOB_StudRegPurchase	WPNG_CST_Institution_Search	1642583370309	1642583370932	OK	 
REQUEST	grOB_StudRegRegcod	WPNG_CST_Institution_Search	1642583370569	1642583371173	OK	 
REQUEST	grOB_StudRegRegcod	WPNG_CST_Institution_Search	1642583370647	1642583371246	OK	 
REQUEST	grOB_StudRegRegcod	WPNG_CST_Institution_Search	1642583370584	1642583371283	OK	 
REQUEST	grOB_StudRegFreeTrial	WPNG_CST_Institution_Search	1642583370663	1642583371293	OK	 
REQUEST	grOB_StudRegRegcod	WPNG_CST_Institution_Search	1642583370758	1642583371343	OK	 
REQUEST	grOB_StudRegFreeTrial	WPNG_CST_Institution_Search	1642583370758	1642583371346	OK	 
REQUEST	grOB_StudRegRegcod	WPNG_CST_Institution_Search	1642583370789	1642583371387	OK	 
REQUEST	grOB_StudRegPurchase	WPNG_CST_User_Create	1642583371120	1642583373076	OK	 
REQUEST	grOB_StudRegPurchase	WPNG_CST_User_Create	1642583371381	1642583373078	OK	 
REQUEST	grOB_StudRegRegcod	WPNG_CST_User_Create	1642583371661	1642583373088	OK	 
REQUEST	grOB_StudRegRegcod	WPNG_CST_User_Create	1642583371739	1642583373356	OK	 
REQUEST	grOB_StudRegRegcod	WPNG_CST_User_Create	1642583371849	1642583373418	OK	 
REQUEST	grOB_StudRegRegcod	WPNG_CST_User_Create	1642583371661	1642583373463	OK	 
REQUEST	grOB_StudRegFreeTrial	WPNG_CST_User_Create	1642583372038	1642583373697	OK	 
REQUEST	grOB_StudRegFreeTrial	WPNG_CST_User_Create	1642583371802	1642583373702	OK	 
REQUEST	grOB_StudRegRegcod	WPNG_CST_User_Create	1642583372084	1642583373772	OK	 
REQUEST	grOB_StudRegPurchase	WPNG_CST_User_Activate_Login	1642583376146	1642583376342	OK	 
REQUEST	grOB_StudRegPurchase	WPNG_CST_User_Activate_Login Redirect 1	1642583376345	1642583376681	OK	 
REQUEST	grOB_StudRegRegcod	WPNG_CST_User_Activate_Login	1642583376146	1642583376705	OK	 
REQUEST	grOB_StudRegPurchase	WPNG_CST_User_Activate_Login	1642583376146	1642583376717	OK	 
REQUEST	grOB_StudRegRegcod	WPNG_CST_User_Activate_Login	1642583376146	1642583376735	OK	 
REQUEST	grOB_StudRegRegcod	WPNG_CST_User_Activate_Login	1642583376146	1642583376748	OK	 
REQUEST	grOB_StudRegFreeTrial	WPNG_CST_User_Activate_Login	1642583376238	1642583376822	OK	 
REQUEST	grOB_StudRegRegcod	WPNG_CST_User_Activate_Login	1642583376293	1642583376883	OK	 
REQUEST	grOB_StudRegRegcod	WPNG_CST_User_Activate_Login Redirect 1	1642583376735	1642583377054	OK	 
REQUEST	grOB_StudRegRegcod	WPNG_CST_User_Activate_Login Redirect 1	1642583376706	1642583377055	OK	 
REQUEST	grOB_StudRegPurchase	WPNG_CST_User_Activate_Login Redirect 1	1642583376718	1642583377057	OK	 
REQUEST	grOB_StudRegFreeTrial	WPNG_CST_User_Activate_Login	1642583376503	1642583377068	OK	 
REQUEST	grOB_StudRegRegcod	WPNG_CST_User_Activate_Login Redirect 1	1642583376749	1642583377077	OK	 
REQUEST	grOB_StudRegRegcod	WPNG_CST_User_Activate_Login	1642583376542	1642583377136	OK	 
REQUEST	grOB_StudRegFreeTrial	WPNG_CST_User_Activate_Login Redirect 1	1642583376823	1642583377181	OK	 
REQUEST	grOB_StudRegRegcod	WPNG_CST_User_Activate_Login Redirect 1	1642583376884	1642583377374	OK	 
REQUEST	grOB_StudRegFreeTrial	WPNG_CST_User_Activate_Login Redirect 1	1642583377068	1642583377432	OK	 
REQUEST	grOB_StudRegRegcod	WPNG_CST_User_Activate_Login Redirect 1	1642583377137	1642583377491	OK	 
REQUEST	grOB_StudRegRegcod	WPNG_CST_User_Set_Password	1642583377484	1642583377951	OK	 
REQUEST	grOB_StudRegPurchase	WPNG_CST_User_Set_Password	1642583377156	1642583378023	OK	 
REQUEST	grOB_StudRegPurchase	WPNG_CST_User_Set_Password	1642583377576	1642583378423	OK	 
REQUEST	grOB_StudRegFreeTrial	WPNG_CST_User_Set_Password	1642583377654	1642583378527	OK	 
REQUEST	grOB_StudRegRegcod	WPNG_CST_User_Set_Password	1642583377732	1642583378536	OK	 
REQUEST	grOB_StudRegRegcod	WPNG_CST_User_Set_Password	1642583377702	1642583378550	OK	 
REQUEST	grOB_StudRegRegcod	WPNG_CST_User_Set_Password	1642583377937	1642583378739	OK	 
REQUEST	grOB_StudRegFreeTrial	WPNG_CST_User_Set_Password	1642583377904	1642583378740	OK	 
REQUEST	grOB_StudRegRegcod	WPNG_CST_User_Set_Password	1642583377873	1642583378745	OK	 
REQUEST	grOB_StudRegRegcod	WPNG_SSO_User_Login	1642583378623	1642583378841	OK	 
REQUEST	grOB_StudRegPurchase	WPNG_SSO_User_Login	1642583378406	1642583379011	OK	 
REQUEST	grOB_StudRegPurchase	WPNG_SSO_User_Login	1642583378839	1642583379440	OK	 
REQUEST	grOB_StudRegFreeTrial	WPNG_SSO_User_Login	1642583379074	1642583379687	OK	 
REQUEST	grOB_StudRegRegcod	WPNG_SSO_User_Login	1642583379090	1642583379691	OK	 
REQUEST	grOB_StudRegFreeTrial	WPNG_SSO_User_Login	1642583379090	1642583379725	OK	 
REQUEST	grOB_StudRegRegcod	WPNG_SSO_User_Login	1642583379137	1642583379771	OK	 
REQUEST	grOB_StudRegRegcod	WPNG_SSO_User_Login	1642583379184	1642583379782	OK	 
REQUEST	grOB_StudRegRegcod	WPNG_SSO_User_Login	1642583379169	1642583379839	OK	 
REQUEST	grOB_StudRegRegcod	WPNG_CST_User_Search_by_Login	1642583379436	1642583380043	OK	 
REQUEST	grOB_StudRegPurchase	WPNG_CST_User_Search_by_Login	1642583379652	1642583380240	OK	 
REQUEST	grOB_StudRegRegcod	WPNG_CST_User_Search_by_Login	1642583380322	1642583380596	OK	 
REQUEST	grOB_StudRegRegcod	WPNG_CST_User_Search_by_Login	1642583380434	1642583380624	OK	 
REQUEST	grOB_StudRegPurchase	WPNG_CST_User_Search_by_Login	1642583380042	1642583380685	OK	 
REQUEST	grOB_StudRegFreeTrial	WPNG_CST_User_Search_by_Login	1642583380121	1642583380693	OK	 
REQUEST	grOB_StudRegFreeTrial	WPNG_CST_User_Search_by_Login	1642583380183	1642583380754	OK	 
REQUEST	grOB_StudRegRegcod	WPNG_CST_User_Search_by_Login	1642583380260	1642583380846	OK	 
REQUEST	grOB_StudRegRegcod	WPNG_CST_User_Search_by_Login	1642583380307	1642583380881	OK	 
REQUEST	grOB_StudRegRegcod	WPNG_CST_Institution_Details	1642583380450	1642583381052	OK	 
REQUEST	grOB_StudRegPurchase	WPNG_CST_Institution_Details	1642583380668	1642583381268	OK	 
REQUEST	grOB_StudRegRegcod	WPNG_CST_Institution_Details	1642583381026	1642583381582	OK	 
REQUEST	grOB_StudRegRegcod	WPNG_CST_Institution_Details	1642583381339	1642583381592	OK	 
REQUEST	grOB_StudRegFreeTrial	WPNG_CST_Institution_Details	1642583381057	1642583381658	OK	 
REQUEST	grOB_StudRegRegcod	WPNG_CST_Institution_Details	1642583381324	1642583381882	OK	 
REQUEST	grOB_StudRegFreeTrial	WPNG_CST_Institution_Details	1642583381339	1642583381940	OK	 
REQUEST	grOB_StudRegRegcod	WPNG_CST_Institution_Details	1642583381371	1642583381980	OK	 
REQUEST	grOB_StudRegPurchase	WPNG_CST_Institution_Details	1642583381387	1642583382013	OK	 
REQUEST	grOB_StudRegRegcod	WPNG_CST_User_Enrollments	1642583381619	1642583382202	OK	 
REQUEST	grOB_StudRegRegcod	WPNG_CST_User_Enrollments	1642583382011	1642583382203	OK	 
REQUEST	grOB_StudRegPurchase	WPNG_CST_User_Enrollments	1642583381838	1642583382416	OK	 
REQUEST	grOB_StudRegRegcod	WPNG_CST_User_Enrollments	1642583382260	1642583382450	OK	 
REQUEST	grOB_StudRegFreeTrial	WPNG_CST_User_Enrollments	1642583382369	1642583382946	OK	 
REQUEST	grOB_StudRegRegcod	WPNG_CST_User_Enrollments	1642583382401	1642583382979	OK	 
REQUEST	grOB_StudRegRegcod	WPNG_CST_User_Enrollments	1642583382401	1642583382981	OK	 
REQUEST	grOB_StudRegFreeTrial	WPNG_CST_User_Enrollments	1642583382415	1642583383013	OK	 
REQUEST	grOB_StudRegPurchase	WPNG_CST_Institution_Sections	1642583383041	1642583383290	OK	 
REQUEST	grOB_StudRegPurchase	WPNG_CST_User_Enrollments	1642583382697	1642583383320	OK	 
REQUEST	grOB_StudRegFreeTrial	WPNG_CST_Institution_Sections	1642583383575	1642583383866	OK	 
REQUEST	grOB_StudRegFreeTrial	WPNG_CST_Institution_Sections	1642583383640	1642583383898	OK	 
REQUEST	grOB_StudRegRegcod	WPNG_CST_Institution_Sections	1642583382573	1642583384060	OK	 
REQUEST	grOB_StudRegRegcod	WPNG_CST_Institution_Sections	1642583383010	1642583384153	OK	 
REQUEST	grOB_StudRegRegcod	WPNG_CST_Institution_Sections	1642583382558	1642583384235	OK	 
REQUEST	grOB_StudRegRegcod	WPNG_CST_Institution_Sections	1642583383421	1642583384399	OK	 
REQUEST	grOB_StudRegRegcod	WPNG_CST_Institution_Sections	1642583383388	1642583384845	OK	 
REQUEST	grOB_StudRegPurchase	WPNG_CST_Section_Enroll_Student	1642583383640	1642583385069	OK	 
REQUEST	grOB_StudRegPurchase	WPNG_CST_Institution_Sections	1642583383938	1642583385261	OK	 
REQUEST	grOB_StudRegFreeTrial	WPNG_CST_Section_Enroll_Student	1642583384281	1642583386128	OK	 
REQUEST	grOB_StudRegRegcod	WPNG_CST_Section_Enroll_Student	1642583384735	1642583386155	OK	 
REQUEST	grOB_StudRegFreeTrial	WPNG_CST_Section_Enroll_Student	1642583384518	1642583386227	OK	 
REQUEST	grOB_StudRegPurchase	WPNG_CST_Ecommerce_Purchase_Options	1642583385492	1642583386331	OK	 
REQUEST	grOB_StudRegRegcod	WPNG_CST_Section_Enroll_Student	1642583384815	1642583386412	OK	 
REQUEST	grOB_StudRegRegcod	WPNG_CST_Section_Enroll_Student	1642583384751	1642583386462	OK	 
REQUEST	grOB_StudRegRegcod	WPNG_CST_Section_Enroll_Student	1642583384767	1642583386527	OK	 
REQUEST	grOB_StudRegPurchase	WPNG_CST_Section_Enroll_Student	1642583385600	1642583386747	OK	 
REQUEST	grOB_StudRegRegcod	WPNG_CST_Section_Enroll_Student	1642583385333	1642583386939	OK	 
REQUEST	grOB_StudRegRegcod	WPNG_CST_Ecommerce_Purchase_Options	1642583386539	1642583387308	KO	status.find.is(200), but actually found 400
REQUEST	grOB_StudRegRegcod	WPNG_CST_Ecommerce_Purchase_Options	1642583386931	1642583387332	OK	 
REQUEST	grOB_StudRegRegcod	WPNG_CST_Ecommerce_Purchase_Options	1642583387165	1642583387575	OK	 
REQUEST	grOB_StudRegRegcod	WPNG_CST_Ecommerce_Purchase_Options	1642583386836	1642583387605	OK	 
REQUEST	grOB_StudRegRegcod	WPNG_CST_Ecommerce_Purchase_Options	1642583387352	1642583387659	OK	 
REQUEST	grOB_StudRegPurchase	WPNG_CST_Ecommerce_Launch_Cart	1642583387040	1642583387669	OK	 
REQUEST	grOB_StudRegPurchase	WPNG_CST_Ecommerce_Purchase_Options	1642583387367	1642583388040	OK	 
REQUEST	grOB_StudRegFreeTrial	WPNG_CST_License_Free_Trial	1642583386461	1642583388153	OK	 
REQUEST	grOB_StudRegFreeTrial	WPNG_CST_License_Free_Trial	1642583386790	1642583388153	OK	 
GROUP	grOB_StudRegPurchase	1642583368642	1642583388289	10844	OK
USER	Common Scenario	END	1642583388308
REQUEST	grOB_StudRegRegcod	WPNG_CST_Ecommerce_Validate_Reg_Code	1642583388023	1642583388327	OK	 
REQUEST	grOB_StudRegRegcod	WPNG_CST_Ecommerce_Validate_Reg_Code	1642583388148	1642583388453	OK	 
GROUP	grOB_StudRegFreeTrial	1642583368642	1642583388490	11626	OK
USER	Common Scenario	END	1642583388493
REQUEST	grOB_StudRegRegcod	WPNG_CST_Ecommerce_Validate_Reg_Code	1642583387791	1642583388497	OK	 
GROUP	grOB_StudRegFreeTrial	1642583368642	1642583388568	11466	OK
USER	Common Scenario	END	1642583388571
REQUEST	grOB_StudRegRegcod	WPNG_CST_Ecommerce_Validate_Reg_Code	1642583387930	1642583388610	OK	 
REQUEST	grOB_StudRegPurchase	WPNG_CST_Ecommerce_Launch_Cart	1642583388725	1642583388932	OK	 
REQUEST	grOB_StudRegRegcod	WPNG_CST_Ecommerce_Validate_Reg_Code	1642583388305	1642583388977	OK	 
GROUP	grOB_StudRegPurchase	1642583368642	1642583389599	11223	OK
USER	Common Scenario	END	1642583389601
REQUEST	grOB_StudRegRegcod	WPNG_CST_Ecommerce_Burn_Reg_Code	1642583388943	1642583389618	OK	 
REQUEST	grOB_StudRegRegcod	WPNG_CST_Ecommerce_Burn_Reg_Code	1642583388960	1642583389622	OK	 
REQUEST	grOB_StudRegRegcod	WPNG_CST_Ecommerce_Burn_Reg_Code	1642583389006	1642583389699	OK	 
REQUEST	grOB_StudRegRegcod	WPNG_CST_Ecommerce_Burn_Reg_Code	1642583389584	1642583389869	OK	 
REQUEST	grOB_StudRegRegcod	WPNG_CST_Ecommerce_Burn_Reg_Code	1642583389273	1642583389971	OK	 
REQUEST	grOB_StudRegRegcod	WPNG_CST_Ecommerce_Purchase_Options	1642583389975	1642583390299	OK	 
GROUP	grOB_StudRegRegcod	1642583368643	1642583390672	12552	OK
USER	Common Scenario	END	1642583390673
REQUEST	grOB_StudRegRegcod	WPNG_CST_Ecommerce_Purchase_Options	1642583390021	1642583390687	OK	 
REQUEST	grOB_StudRegRegcod	WPNG_CST_Ecommerce_Purchase_Options	1642583390192	1642583390872	OK	 
REQUEST	grOB_StudRegRegcod	WPNG_CST_Ecommerce_Purchase_Options	1642583390268	1642583390992	OK	 
REQUEST	grOB_StudRegRegcod	WPNG_CST_Ecommerce_Purchase_Options	1642583390393	1642583391101	KO	status.find.is(200), but actually found 400
GROUP	grOB_StudRegRegcod	1642583368642	1642583391356	12702	OK
USER	Common Scenario	END	1642583391359
GROUP	grOB_StudRegRegcod	1642583368642	1642583391497	12064	OK
USER	Common Scenario	END	1642583391499
GROUP	grOB_StudRegRegcod	1642583368643	1642583391621	12266	OK
USER	Common Scenario	END	1642583391623
GROUP	grOB_StudRegRegcod	1642583368642	1642583391777	13187	KO
USER	Common Scenario	END	1642583391779
