ASSERTION	AAEDAAECAwAAAAAAAIjDQA==
RUN	onboarding.obDebug	obdebug	1642571671274	 	3.6.1
USER	Common Scenario	START	1642571673152
USER	Common Scenario	START	1642571673152
USER	Common Scenario	START	1642571673152
USER	Common Scenario	START	1642571673152
USER	Common Scenario	START	1642571673152
USER	Common Scenario	START	1642571673152
USER	Common Scenario	START	1642571673152
USER	Common Scenario	START	1642571673152
USER	Common Scenario	START	1642571673152
USER	Common Scenario	START	1642571673152
USER	Common Scenario	START	1642571673152
USER	Common Scenario	START	1642571673152
REQUEST	grOB_StudRegFreeTrial	WPNG_CST_User_Check_Login	1642571673224	1642571674239	OK	 
REQUEST	grOB_StudRegPurchase	WPNG_CST_User_Check_Login	1642571673226	1642571674247	OK	 
REQUEST	grOB_StudRegRegcod	WPNG_CST_User_Check_Login	1642571673224	1642571674229	OK	 
REQUEST	grOB_StudRegRegcod	WPNG_CST_User_Check_Login	1642571673224	1642571674260	OK	 
REQUEST	grOB_StudRegFreeTrial	WPNG_CST_User_Check_Login	1642571673224	1642571674239	OK	 
REQUEST	grOB_StudRegRegcod	WPNG_CST_User_Check_Login	1642571673224	1642571674260	OK	 
REQUEST	grOB_StudRegRegcod	WPNG_CST_User_Check_Login	1642571673225	1642571674239	OK	 
REQUEST	grOB_StudRegPurchase	WPNG_CST_User_Check_Login	1642571673225	1642571674229	OK	 
REQUEST	grOB_StudRegPurchase	WPNG_CST_User_Check_Login	1642571673225	1642571674229	OK	 
REQUEST	grOB_StudRegPurchase	WPNG_CST_User_Check_Login	1642571673224	1642571674509	OK	 
REQUEST	grOB_StudRegFreeTrial	WPNG_CST_User_Check_Login	1642571673225	1642571674515	OK	 
REQUEST	grOB_StudRegPurchase	WPNG_CST_Institution_Search	1642571674323	1642571674545	OK	 
REQUEST	grOB_StudRegRegcod	WPNG_CST_User_Check_Login	1642571673225	1642571674561	OK	 
REQUEST	grOB_StudRegPurchase	WPNG_CST_Institution_Search	1642571674323	1642571674908	OK	 
REQUEST	grOB_StudRegPurchase	WPNG_CST_Institution_Search	1642571674323	1642571674932	OK	 
REQUEST	grOB_StudRegRegcod	WPNG_CST_Institution_Search	1642571674833	1642571675032	OK	 
REQUEST	grOB_StudRegRegcod	WPNG_CST_Institution_Search	1642571674833	1642571675036	OK	 
REQUEST	grOB_StudRegRegcod	WPNG_CST_Institution_Search	1642571674833	1642571675077	OK	 
REQUEST	grOB_StudRegRegcod	WPNG_CST_Institution_Search	1642571674833	1642571675077	OK	 
REQUEST	grOB_StudRegFreeTrial	WPNG_CST_Institution_Search	1642571674833	1642571675090	OK	 
REQUEST	grOB_StudRegPurchase	WPNG_CST_Institution_Search	1642571674511	1642571675100	OK	 
REQUEST	grOB_StudRegFreeTrial	WPNG_CST_Institution_Search	1642571674833	1642571675458	OK	 
REQUEST	grOB_StudRegFreeTrial	WPNG_CST_Institution_Search	1642571675019	1642571675615	OK	 
REQUEST	grOB_StudRegRegcod	WPNG_CST_Institution_Search	1642571675077	1642571675661	OK	 
REQUEST	grOB_StudRegPurchase	WPNG_CST_User_Create	1642571675087	1642571676434	OK	 
REQUEST	grOB_StudRegPurchase	WPNG_CST_User_Create	1642571675439	1642571676804	OK	 
REQUEST	grOB_StudRegFreeTrial	WPNG_CST_User_Create	1642571675613	1642571676807	OK	 
REQUEST	grOB_StudRegPurchase	WPNG_CST_User_Create	1642571675613	1642571676810	OK	 
REQUEST	grOB_StudRegRegcod	WPNG_CST_User_Create	1642571675549	1642571677081	OK	 
REQUEST	grOB_StudRegPurchase	WPNG_CST_User_Create	1642571675424	1642571677081	OK	 
REQUEST	grOB_StudRegRegcod	WPNG_CST_User_Create	1642571675613	1642571677156	OK	 
REQUEST	grOB_StudRegRegcod	WPNG_CST_User_Create	1642571675613	1642571677159	OK	 
REQUEST	grOB_StudRegFreeTrial	WPNG_CST_User_Create	1642571675973	1642571677316	OK	 
REQUEST	grOB_StudRegRegcod	WPNG_CST_User_Create	1642571675613	1642571677391	OK	 
REQUEST	grOB_StudRegFreeTrial	WPNG_CST_User_Create	1642571676127	1642571677740	OK	 
REQUEST	grOB_StudRegRegcod	WPNG_CST_User_Create	1642571676174	1642571677755	OK	 
REQUEST	grOB_StudRegPurchase	WPNG_CST_User_Activate_Login	1642571679691	1642571679865	OK	 
REQUEST	grOB_StudRegPurchase	WPNG_CST_User_Activate_Login	1642571679691	1642571679875	OK	 
REQUEST	grOB_StudRegFreeTrial	WPNG_CST_User_Activate_Login	1642571679691	1642571679883	OK	 
REQUEST	grOB_StudRegPurchase	WPNG_CST_User_Activate_Login	1642571679691	1642571679884	OK	 
REQUEST	grOB_StudRegPurchase	WPNG_CST_User_Activate_Login Redirect 1	1642571679872	1642571680210	OK	 
REQUEST	grOB_StudRegPurchase	WPNG_CST_User_Activate_Login Redirect 1	1642571679884	1642571680217	OK	 
REQUEST	grOB_StudRegPurchase	WPNG_CST_User_Activate_Login Redirect 1	1642571679876	1642571680222	OK	 
REQUEST	grOB_StudRegFreeTrial	WPNG_CST_User_Activate_Login Redirect 1	1642571679884	1642571680237	OK	 
REQUEST	grOB_StudRegFreeTrial	WPNG_CST_User_Activate_Login	1642571680087	1642571680264	OK	 
REQUEST	grOB_StudRegRegcod	WPNG_CST_User_Activate_Login	1642571679887	1642571680438	OK	 
REQUEST	grOB_StudRegRegcod	WPNG_CST_User_Activate_Login	1642571679889	1642571680441	OK	 
REQUEST	grOB_StudRegRegcod	WPNG_CST_User_Activate_Login	1642571679890	1642571680455	OK	 
REQUEST	grOB_StudRegPurchase	WPNG_CST_User_Activate_Login	1642571680048	1642571680594	OK	 
REQUEST	grOB_StudRegFreeTrial	WPNG_CST_User_Activate_Login Redirect 1	1642571680264	1642571680601	OK	 
REQUEST	grOB_StudRegRegcod	WPNG_CST_User_Activate_Login	1642571680096	1642571680666	OK	 
REQUEST	grOB_StudRegRegcod	WPNG_CST_User_Activate_Login	1642571680507	1642571680684	OK	 
REQUEST	grOB_StudRegFreeTrial	WPNG_CST_User_Activate_Login	1642571680508	1642571680689	OK	 
REQUEST	grOB_StudRegRegcod	WPNG_CST_User_Activate_Login Redirect 1	1642571680442	1642571680774	OK	 
REQUEST	grOB_StudRegRegcod	WPNG_CST_User_Activate_Login Redirect 1	1642571680438	1642571680775	OK	 
REQUEST	grOB_StudRegRegcod	WPNG_CST_User_Activate_Login Redirect 1	1642571680456	1642571680800	OK	 
REQUEST	grOB_StudRegPurchase	WPNG_CST_User_Activate_Login Redirect 1	1642571680595	1642571680932	OK	 
REQUEST	grOB_StudRegRegcod	WPNG_CST_User_Activate_Login Redirect 1	1642571680666	1642571681003	OK	 
REQUEST	grOB_StudRegFreeTrial	WPNG_CST_User_Activate_Login Redirect 1	1642571680691	1642571681021	OK	 
REQUEST	grOB_StudRegRegcod	WPNG_CST_User_Activate_Login Redirect 1	1642571680686	1642571681029	OK	 
REQUEST	grOB_StudRegPurchase	WPNG_CST_User_Set_Password	1642571680739	1642571681243	OK	 
REQUEST	grOB_StudRegFreeTrial	WPNG_CST_User_Set_Password	1642571680739	1642571681245	OK	 
REQUEST	grOB_StudRegPurchase	WPNG_CST_User_Set_Password	1642571680723	1642571681613	OK	 
REQUEST	grOB_StudRegFreeTrial	WPNG_CST_User_Set_Password	1642571681113	1642571681618	OK	 
REQUEST	grOB_StudRegRegcod	WPNG_CST_User_Set_Password	1642571681285	1642571681619	OK	 
REQUEST	grOB_StudRegPurchase	WPNG_CST_User_Set_Password	1642571680723	1642571681621	OK	 
REQUEST	grOB_StudRegRegcod	WPNG_CST_User_Set_Password	1642571681315	1642571681785	OK	 
REQUEST	grOB_StudRegRegcod	WPNG_CST_User_Set_Password	1642571681519	1642571681886	OK	 
REQUEST	grOB_StudRegFreeTrial	WPNG_CST_User_Set_Password	1642571681535	1642571681922	OK	 
REQUEST	grOB_StudRegPurchase	WPNG_CST_User_Set_Password	1642571681440	1642571681924	OK	 
REQUEST	grOB_StudRegPurchase	WPNG_SSO_User_Login	1642571681752	1642571681970	OK	 
REQUEST	grOB_StudRegRegcod	WPNG_CST_User_Set_Password	1642571681285	1642571682109	OK	 
REQUEST	grOB_StudRegPurchase	WPNG_SSO_User_Login	1642571682125	1642571682346	OK	 
REQUEST	grOB_StudRegFreeTrial	WPNG_SSO_User_Login	1642571682125	1642571682351	OK	 
REQUEST	grOB_StudRegPurchase	WPNG_SSO_User_Login	1642571682125	1642571682354	OK	 
REQUEST	grOB_StudRegRegcod	WPNG_CST_User_Set_Password	1642571681535	1642571682363	OK	 
REQUEST	grOB_StudRegFreeTrial	WPNG_SSO_User_Login	1642571681752	1642571682399	OK	 
REQUEST	grOB_StudRegRegcod	WPNG_SSO_User_Login	1642571682389	1642571682606	OK	 
REQUEST	grOB_StudRegPurchase	WPNG_SSO_User_Login	1642571682437	1642571682643	OK	 
REQUEST	grOB_StudRegPurchase	WPNG_CST_User_Search_by_Login	1642571682485	1642571682677	OK	 
REQUEST	grOB_StudRegRegcod	WPNG_SSO_User_Login	1642571682125	1642571682707	OK	 
REQUEST	grOB_StudRegRegcod	WPNG_SSO_User_Login	1642571682625	1642571682856	OK	 
REQUEST	grOB_StudRegRegcod	WPNG_SSO_User_Login	1642571682296	1642571682926	OK	 
REQUEST	grOB_StudRegFreeTrial	WPNG_SSO_User_Login	1642571682436	1642571683022	OK	 
REQUEST	grOB_StudRegPurchase	WPNG_CST_User_Search_by_Login	1642571683154	1642571683352	OK	 
REQUEST	grOB_StudRegFreeTrial	WPNG_CST_User_Search_by_Login	1642571682858	1642571683424	OK	 
REQUEST	grOB_StudRegPurchase	WPNG_CST_User_Search_by_Login	1642571682858	1642571683429	OK	 
REQUEST	grOB_StudRegPurchase	WPNG_CST_User_Search_by_Login	1642571682858	1642571683445	OK	 
REQUEST	grOB_StudRegFreeTrial	WPNG_CST_User_Search_by_Login	1642571682905	1642571683466	OK	 
REQUEST	grOB_StudRegRegcod	WPNG_SSO_User_Login	1642571682874	1642571683491	OK	 
REQUEST	grOB_StudRegRegcod	WPNG_CST_User_Search_by_Login	1642571683434	1642571683626	OK	 
REQUEST	grOB_StudRegRegcod	WPNG_CST_User_Search_by_Login	1642571683123	1642571683684	OK	 
REQUEST	grOB_StudRegPurchase	WPNG_CST_Institution_Details	1642571683186	1642571683756	OK	 
REQUEST	grOB_StudRegRegcod	WPNG_CST_User_Search_by_Login	1642571683217	1642571683823	OK	 
REQUEST	grOB_StudRegRegcod	WPNG_CST_User_Search_by_Login	1642571683372	1642571683952	OK	 
REQUEST	grOB_StudRegFreeTrial	WPNG_CST_User_Search_by_Login	1642571683529	1642571684099	OK	 
REQUEST	grOB_StudRegFreeTrial	WPNG_CST_Institution_Details	1642571683934	1642571684120	OK	 
REQUEST	grOB_StudRegPurchase	WPNG_CST_Institution_Details	1642571683950	1642571684134	OK	 
REQUEST	grOB_StudRegRegcod	WPNG_CST_User_Search_by_Login	1642571683995	1642571684197	OK	 
REQUEST	grOB_StudRegRegcod	WPNG_CST_Institution_Details	1642571684136	1642571684331	OK	 
REQUEST	grOB_StudRegRegcod	WPNG_CST_Institution_Details	1642571684200	1642571684385	OK	 
REQUEST	grOB_StudRegPurchase	WPNG_CST_Institution_Details	1642571683871	1642571684432	OK	 
REQUEST	grOB_StudRegPurchase	WPNG_CST_User_Enrollments	1642571684263	1642571684450	OK	 
REQUEST	grOB_StudRegRegcod	WPNG_CST_Institution_Details	1642571684342	1642571684530	OK	 
REQUEST	grOB_StudRegFreeTrial	WPNG_CST_Institution_Details	1642571683979	1642571684550	OK	 
REQUEST	grOB_StudRegPurchase	WPNG_CST_Institution_Details	1642571683934	1642571684553	OK	 
REQUEST	grOB_StudRegRegcod	WPNG_CST_Institution_Details	1642571684465	1642571684648	OK	 
REQUEST	grOB_StudRegFreeTrial	WPNG_CST_Institution_Details	1642571684604	1642571684812	OK	 
REQUEST	grOB_StudRegPurchase	WPNG_CST_User_Enrollments	1642571684650	1642571684838	OK	 
REQUEST	grOB_StudRegFreeTrial	WPNG_CST_User_Enrollments	1642571684635	1642571684847	OK	 
REQUEST	grOB_StudRegRegcod	WPNG_CST_Institution_Details	1642571684712	1642571684935	OK	 
REQUEST	grOB_StudRegRegcod	WPNG_CST_User_Enrollments	1642571684838	1642571685044	OK	 
REQUEST	grOB_StudRegRegcod	WPNG_CST_User_Enrollments	1642571684900	1642571685094	OK	 
REQUEST	grOB_StudRegPurchase	WPNG_CST_User_Enrollments	1642571684946	1642571685136	OK	 
REQUEST	grOB_StudRegRegcod	WPNG_CST_User_Enrollments	1642571685042	1642571685231	OK	 
REQUEST	grOB_StudRegPurchase	WPNG_CST_Institution_Sections	1642571685352	1642571685614	OK	 
REQUEST	grOB_StudRegPurchase	WPNG_CST_User_Enrollments	1642571685057	1642571685617	OK	 
REQUEST	grOB_StudRegFreeTrial	WPNG_CST_User_Enrollments	1642571685057	1642571685635	OK	 
REQUEST	grOB_StudRegPurchase	WPNG_CST_Institution_Sections	1642571684962	1642571685659	OK	 
REQUEST	grOB_StudRegRegcod	WPNG_CST_User_Enrollments	1642571685165	1642571685740	OK	 
REQUEST	grOB_StudRegFreeTrial	WPNG_CST_User_Enrollments	1642571685320	1642571685864	OK	 
REQUEST	grOB_StudRegPurchase	WPNG_CST_Institution_Sections	1642571685648	1642571685893	OK	 
REQUEST	grOB_StudRegRegcod	WPNG_CST_User_Enrollments	1642571685446	1642571686055	OK	 
REQUEST	grOB_StudRegPurchase	WPNG_CST_Institution_Sections	1642571686134	1642571686367	OK	 
REQUEST	grOB_StudRegRegcod	WPNG_CST_Institution_Sections	1642571686243	1642571686472	OK	 
REQUEST	grOB_StudRegFreeTrial	WPNG_CST_Institution_Sections	1642571686381	1642571686658	OK	 
REQUEST	grOB_StudRegRegcod	WPNG_CST_Institution_Sections	1642571685557	1642571686715	OK	 
REQUEST	grOB_StudRegFreeTrial	WPNG_CST_Institution_Sections	1642571686150	1642571686749	OK	 
REQUEST	grOB_StudRegFreeTrial	WPNG_CST_Institution_Sections	1642571685352	1642571686892	OK	 
REQUEST	grOB_StudRegRegcod	WPNG_CST_Institution_Sections	1642571685742	1642571686901	OK	 
REQUEST	grOB_StudRegRegcod	WPNG_CST_Institution_Sections	1642571685602	1642571686971	OK	 
REQUEST	grOB_StudRegPurchase	WPNG_CST_Section_Enroll_Student	1642571686166	1642571687623	OK	 
REQUEST	grOB_StudRegPurchase	WPNG_CST_Section_Enroll_Student	1642571686397	1642571687700	OK	 
REQUEST	grOB_StudRegPurchase	WPNG_CST_Section_Enroll_Student	1642571686118	1642571687871	OK	 
REQUEST	grOB_StudRegRegcod	WPNG_CST_Institution_Sections	1642571686569	1642571688021	OK	 
REQUEST	grOB_StudRegPurchase	WPNG_CST_Section_Enroll_Student	1642571686884	1642571688106	OK	 
REQUEST	grOB_StudRegRegcod	WPNG_CST_Section_Enroll_Student	1642571686976	1642571688381	OK	 
REQUEST	grOB_StudRegRegcod	WPNG_CST_Section_Enroll_Student	1642571687226	1642571688429	OK	 
REQUEST	grOB_StudRegPurchase	WPNG_CST_Ecommerce_Purchase_Options	1642571688129	1642571688507	OK	 
REQUEST	grOB_StudRegPurchase	WPNG_CST_Ecommerce_Purchase_Options	1642571688207	1642571688536	OK	 
REQUEST	grOB_StudRegFreeTrial	WPNG_CST_Section_Enroll_Student	1642571687257	1642571688539	OK	 
REQUEST	grOB_StudRegRegcod	WPNG_CST_Section_Enroll_Student	1642571687414	1642571688704	OK	 
REQUEST	grOB_StudRegFreeTrial	WPNG_CST_Section_Enroll_Student	1642571687399	1642571688706	OK	 
REQUEST	grOB_StudRegFreeTrial	WPNG_CST_Section_Enroll_Student	1642571687163	1642571688766	OK	 
REQUEST	grOB_StudRegPurchase	WPNG_CST_Ecommerce_Purchase_Options	1642571688611	1642571688990	OK	 
REQUEST	grOB_StudRegPurchase	WPNG_CST_Ecommerce_Purchase_Options	1642571688376	1642571689075	OK	 
REQUEST	grOB_StudRegRegcod	WPNG_CST_Section_Enroll_Student	1642571687477	1642571689150	OK	 
REQUEST	grOB_StudRegRegcod	WPNG_CST_Ecommerce_Purchase_Options	1642571688890	1642571689166	OK	 
REQUEST	grOB_StudRegPurchase	WPNG_CST_Ecommerce_Launch_Cart	1642571689032	1642571689224	KO	jsonPath($.message).find.exists, found nothing
REQUEST	grOB_StudRegRegcod	WPNG_CST_Ecommerce_Purchase_Options	1642571689218	1642571689511	OK	 
REQUEST	grOB_StudRegRegcod	WPNG_CST_Ecommerce_Purchase_Options	1642571688937	1642571689603	OK	 
REQUEST	grOB_StudRegPurchase	WPNG_CST_Ecommerce_Launch_Cart	1642571689047	1642571689634	KO	jsonPath($.message).find.exists, found nothing
REQUEST	grOB_StudRegRegcod	WPNG_CST_Section_Enroll_Student	1642571688533	1642571689663	OK	 
REQUEST	grOB_StudRegPurchase	WPNG_CST_Ecommerce_Launch_Cart	1642571689501	1642571689709	KO	jsonPath($.message).find.exists, found nothing
GROUP	grOB_StudRegPurchase	1642571673168	1642571689734	7515	KO
USER	Common Scenario	END	1642571689748
REQUEST	grOB_StudRegPurchase	WPNG_CST_Ecommerce_Launch_Cart	1642571689579	1642571689774	KO	jsonPath($.message).find.exists, found nothing
REQUEST	grOB_StudRegRegcod	WPNG_CST_Ecommerce_Purchase_Options	1642571689657	1642571689967	OK	 
REQUEST	grOB_StudRegRegcod	WPNG_CST_Ecommerce_Validate_Reg_Code	1642571689672	1642571690012	OK	 
REQUEST	grOB_StudRegFreeTrial	WPNG_CST_License_Free_Trial	1642571689047	1642571690126	OK	 
REQUEST	grOB_StudRegFreeTrial	WPNG_CST_License_Free_Trial	1642571689218	1642571690138	OK	 
GROUP	grOB_StudRegPurchase	1642571673167	1642571690140	8232	KO
USER	Common Scenario	END	1642571690142
GROUP	grOB_StudRegPurchase	1642571673167	1642571690217	8500	KO
USER	Common Scenario	END	1642571690219
GROUP	grOB_StudRegPurchase	1642571673170	1642571690278	8485	KO
USER	Common Scenario	END	1642571690279
REQUEST	grOB_StudRegRegcod	WPNG_CST_Ecommerce_Validate_Reg_Code	1642571690017	1642571690290	OK	 
REQUEST	grOB_StudRegRegcod	WPNG_CST_Ecommerce_Purchase_Options	1642571690173	1642571690456	OK	 
REQUEST	grOB_StudRegFreeTrial	WPNG_CST_License_Free_Trial	1642571689283	1642571690625	OK	 
GROUP	grOB_StudRegFreeTrial	1642571673167	1642571690638	8834	OK
USER	Common Scenario	END	1642571690640
GROUP	grOB_StudRegFreeTrial	1642571673168	1642571690653	8959	OK
USER	Common Scenario	END	1642571690656
REQUEST	grOB_StudRegRegcod	WPNG_CST_Ecommerce_Validate_Reg_Code	1642571690111	1642571690786	OK	 
REQUEST	grOB_StudRegRegcod	WPNG_CST_Ecommerce_Burn_Reg_Code	1642571690515	1642571690800	OK	 
REQUEST	grOB_StudRegRegcod	WPNG_CST_Ecommerce_Burn_Reg_Code	1642571690794	1642571691074	OK	 
REQUEST	grOB_StudRegRegcod	WPNG_CST_Ecommerce_Validate_Reg_Code	1642571690484	1642571691131	OK	 
GROUP	grOB_StudRegFreeTrial	1642571673169	1642571691136	9527	OK
USER	Common Scenario	END	1642571691138
REQUEST	grOB_StudRegRegcod	WPNG_CST_Ecommerce_Validate_Reg_Code	1642571690965	1642571691253	OK	 
REQUEST	grOB_StudRegRegcod	WPNG_CST_Ecommerce_Burn_Reg_Code	1642571691295	1642571691571	OK	 
REQUEST	grOB_StudRegRegcod	WPNG_CST_Ecommerce_Purchase_Options	1642571691311	1642571691593	OK	 
REQUEST	grOB_StudRegRegcod	WPNG_CST_Ecommerce_Purchase_Options	1642571691577	1642571691867	OK	 
REQUEST	grOB_StudRegRegcod	WPNG_CST_Ecommerce_Burn_Reg_Code	1642571691639	1642571691922	OK	 
REQUEST	grOB_StudRegRegcod	WPNG_CST_Ecommerce_Burn_Reg_Code	1642571691763	1642571692065	OK	 
GROUP	grOB_StudRegRegcod	1642571673167	1642571692105	8886	OK
USER	Common Scenario	END	1642571692107
GROUP	grOB_StudRegRegcod	1642571673167	1642571692371	9157	OK
USER	Common Scenario	END	1642571692372
REQUEST	grOB_StudRegRegcod	WPNG_CST_Ecommerce_Purchase_Options	1642571692434	1642571692726	OK	 
REQUEST	grOB_StudRegRegcod	WPNG_CST_Ecommerce_Purchase_Options	1642571692076	1642571692766	OK	 
REQUEST	grOB_StudRegRegcod	WPNG_CST_Ecommerce_Purchase_Options	1642571692574	1642571692851	OK	 
GROUP	grOB_StudRegRegcod	1642571673170	1642571693242	10063	OK
USER	Common Scenario	END	1642571693244
GROUP	grOB_StudRegRegcod	1642571673168	1642571693273	10015	OK
USER	Common Scenario	END	1642571693275
GROUP	grOB_StudRegRegcod	1642571673167	1642571693367	10232	OK
USER	Common Scenario	END	1642571693380
