ASSERTION	AAEDAAECAwAAAAAAAIjDQA==
RUN	onboarding.obDebug	obdebug	1642574821606	 	3.6.1
USER	Common Scenario	START	1642574823353
USER	Common Scenario	START	1642574823353
REQUEST	grOB_StudRegPurchase	WPNG_CST_User_Check_Login	1642574823400	1642574824657	OK	 
REQUEST	grOB_StudRegPurchase	WPNG_CST_User_Check_Login	1642574823400	1642574824657	OK	 
REQUEST	grOB_StudRegPurchase	WPNG_CST_Institution_Search	1642574824733	1642574825352	OK	 
REQUEST	grOB_StudRegPurchase	WPNG_CST_Institution_Search	1642574824733	1642574825351	OK	 
REQUEST	grOB_StudRegPurchase	WPNG_CST_User_Create	1642574825882	1642574827813	OK	 
REQUEST	grOB_StudRegPurchase	WPNG_CST_User_Create	1642574825882	1642574827818	OK	 
REQUEST	grOB_StudRegPurchase	WPNG_CST_User_Activate_Login	1642574831137	1642574831725	OK	 
REQUEST	grOB_StudRegPurchase	WPNG_CST_User_Activate_Login	1642574831205	1642574831787	OK	 
REQUEST	grOB_StudRegPurchase	WPNG_CST_User_Activate_Login Redirect 1	1642574831733	1642574832156	OK	 
REQUEST	grOB_StudRegPurchase	WPNG_CST_User_Activate_Login Redirect 1	1642574831788	1642574832221	OK	 
REQUEST	grOB_StudRegPurchase	WPNG_CST_User_Set_Password	1642574832687	1642574833597	OK	 
REQUEST	grOB_StudRegPurchase	WPNG_CST_User_Set_Password	1642574832733	1642574833599	OK	 
REQUEST	grOB_StudRegPurchase	WPNG_SSO_User_Login	1642574834110	1642574834710	OK	 
REQUEST	grOB_StudRegPurchase	WPNG_SSO_User_Login	1642574834109	1642574834746	OK	 
REQUEST	grOB_StudRegPurchase	WPNG_CST_User_Search_by_Login	1642574835218	1642574835818	OK	 
REQUEST	grOB_StudRegPurchase	WPNG_CST_User_Search_by_Login	1642574835264	1642574835838	OK	 
REQUEST	grOB_StudRegPurchase	WPNG_CST_Institution_Details	1642574836343	1642574836928	OK	 
REQUEST	grOB_StudRegPurchase	WPNG_CST_Institution_Details	1642574836327	1642574836938	OK	 
REQUEST	grOB_StudRegPurchase	WPNG_CST_User_Enrollments	1642574837436	1642574838023	OK	 
REQUEST	grOB_StudRegPurchase	WPNG_CST_User_Enrollments	1642574837452	1642574838026	OK	 
REQUEST	grOB_StudRegPurchase	WPNG_CST_Institution_Sections	1642574838534	1642574839169	OK	 
REQUEST	grOB_StudRegPurchase	WPNG_CST_Institution_Sections	1642574838534	1642574839929	OK	 
REQUEST	grOB_StudRegPurchase	WPNG_CST_Section_Enroll_Student	1642574839677	1642574841640	OK	 
REQUEST	grOB_StudRegPurchase	WPNG_CST_Section_Enroll_Student	1642574840443	1642574842278	OK	 
REQUEST	grOB_StudRegPurchase	WPNG_CST_Ecommerce_Purchase_Options	1642574842151	1642574843115	OK	 
REQUEST	grOB_StudRegPurchase	WPNG_CST_Ecommerce_Purchase_Options	1642574842793	1642574843594	OK	 
REQUEST	grOB_StudRegPurchase	WPNG_CST_Ecommerce_Launch_Cart	1642574843636	1642574844254	OK	 
REQUEST	grOB_StudRegPurchase	WPNG_CST_Ecommerce_Launch_Cart	1642574844109	1642574844729	OK	 
GROUP	grOB_StudRegPurchase	1642574823363	1642574844763	12296	OK
USER	Common Scenario	END	1642574844768
GROUP	grOB_StudRegPurchase	1642574823363	1642574845230	12723	OK
USER	Common Scenario	END	1642574845233
